<?xml version="1.0" encoding="UTF-8"?>
<testsuite name="com.csci5308.groupme.instructor.service.InstructorServiceImplTest" tests="1" skipped="0" failures="0" errors="0" timestamp="2020-06-13T05:31:08" hostname="YASHESH" time="0.118">
  <properties/>
  <testcase name="readAllTest()" classname="com.csci5308.groupme.instructor.service.InstructorServiceImplTest" time="0.118"/>
  <system-out><![CDATA[2020-06-13 02:31:08.070  INFO 6120 --- [    Test worker] o.s.t.c.s.DefaultTestContextBootstrapper : Neither @ContextConfiguration nor @ContextHierarchy found for test class [com.csci5308.groupme.instructor.service.InstructorServiceImplTest], using DelegatingSmartContextLoader
2020-06-13 02:31:08.071  INFO 6120 --- [    Test worker] o.s.t.c.support.AbstractContextLoader    : Could not detect default resource locations for test class [com.csci5308.groupme.instructor.service.InstructorServiceImplTest]: no resource found for suffixes {-context.xml}.
2020-06-13 02:31:08.074  INFO 6120 --- [    Test worker] t.c.s.AnnotationConfigContextLoaderUtils : Could not detect default configuration classes for test class [com.csci5308.groupme.instructor.service.InstructorServiceImplTest]: InstructorServiceImplTest does not declare any static, non-private, non-final, nested classes annotated with @Configuration.
2020-06-13 02:31:08.087  INFO 6120 --- [    Test worker] o.s.t.c.s.DefaultTestContextBootstrapper : Loaded default TestExecutionListener class names from location [META-INF/spring.factories]: [org.springframework.boot.test.autoconfigure.restdocs.RestDocsTestExecutionListener, org.springframework.boot.test.autoconfigure.web.client.MockRestServiceServerResetTestExecutionListener, org.springframework.boot.test.autoconfigure.web.servlet.MockMvcPrintOnlyOnFailureTestExecutionListener, org.springframework.boot.test.autoconfigure.web.servlet.WebDriverTestExecutionListener, org.springframework.boot.test.autoconfigure.webservices.client.MockWebServiceServerTestExecutionListener, org.springframework.boot.test.mock.mockito.MockitoTestExecutionListener, org.springframework.boot.test.mock.mockito.ResetMocksTestExecutionListener, org.springframework.security.test.context.support.WithSecurityContextTestExecutionListener, org.springframework.security.test.context.support.ReactorContextTestExecutionListener, org.springframework.test.context.web.ServletTestExecutionListener, org.springframework.test.context.support.DirtiesContextBeforeModesTestExecutionListener, org.springframework.test.context.support.DependencyInjectionTestExecutionListener, org.springframework.test.context.support.DirtiesContextTestExecutionListener, org.springframework.test.context.transaction.TransactionalTestExecutionListener, org.springframework.test.context.jdbc.SqlScriptsTestExecutionListener, org.springframework.test.context.event.EventPublishingTestExecutionListener]
2020-06-13 02:31:08.090  INFO 6120 --- [    Test worker] o.s.t.c.s.DefaultTestContextBootstrapper : Using TestExecutionListeners: [org.springframework.test.context.web.ServletTestExecutionListener@3ab6b4a2, org.springframework.test.context.support.DirtiesContextBeforeModesTestExecutionListener@2da247e8, org.springframework.boot.test.mock.mockito.MockitoTestExecutionListener@232639f4, org.springframework.test.context.support.DependencyInjectionTestExecutionListener@ce6250d, org.springframework.test.context.support.DirtiesContextTestExecutionListener@37a8397, org.springframework.security.test.context.support.WithSecurityContextTestExecutionListener@3c581917, org.springframework.test.context.event.EventPublishingTestExecutionListener@2e237ef1, org.springframework.security.test.context.support.ReactorContextTestExecutionListener@1350f875, org.springframework.boot.test.autoconfigure.restdocs.RestDocsTestExecutionListener@44e1b7b3, org.springframework.boot.test.autoconfigure.web.client.MockRestServiceServerResetTestExecutionListener@380d8e99, org.springframework.boot.test.autoconfigure.web.servlet.MockMvcPrintOnlyOnFailureTestExecutionListener@decab9f, org.springframework.boot.test.autoconfigure.web.servlet.WebDriverTestExecutionListener@196b6907, org.springframework.boot.test.autoconfigure.webservices.client.MockWebServiceServerTestExecutionListener@507e19b6, org.springframework.boot.test.mock.mockito.ResetMocksTestExecutionListener@4532c66]
]]></system-out>
  <system-err><![CDATA[]]></system-err>
</testsuite>
