<?xml version="1.0" encoding="UTF-8"?>
<testsuite name="com.csci5308.groupme.user.model.UserAuthDetailsTest" tests="1" skipped="0" failures="0" errors="0" timestamp="2020-06-30T21:08:13" hostname="YASHESH" time="0.005">
  <properties/>
  <testcase name="getAuthoritiesTest()" classname="com.csci5308.groupme.user.model.UserAuthDetailsTest" time="0.005"/>
  <system-out><![CDATA[2020-06-30 18:08:13.681  INFO 23064 --- [    Test worker] o.s.t.c.s.DefaultTestContextBootstrapper : Neither @ContextConfiguration nor @ContextHierarchy found for test class [com.csci5308.groupme.user.model.UserAuthDetailsTest], using DelegatingSmartContextLoader
2020-06-30 18:08:13.682  INFO 23064 --- [    Test worker] o.s.t.c.support.AbstractContextLoader    : Could not detect default resource locations for test class [com.csci5308.groupme.user.model.UserAuthDetailsTest]: no resource found for suffixes {-context.xml}.
2020-06-30 18:08:13.682  INFO 23064 --- [    Test worker] t.c.s.AnnotationConfigContextLoaderUtils : Could not detect default configuration classes for test class [com.csci5308.groupme.user.model.UserAuthDetailsTest]: UserAuthDetailsTest does not declare any static, non-private, non-final, nested classes annotated with @Configuration.
2020-06-30 18:08:13.683  INFO 23064 --- [    Test worker] o.s.t.c.s.DefaultTestContextBootstrapper : Loaded default TestExecutionListener class names from location [META-INF/spring.factories]: [org.springframework.boot.test.autoconfigure.restdocs.RestDocsTestExecutionListener, org.springframework.boot.test.autoconfigure.web.client.MockRestServiceServerResetTestExecutionListener, org.springframework.boot.test.autoconfigure.web.servlet.MockMvcPrintOnlyOnFailureTestExecutionListener, org.springframework.boot.test.autoconfigure.web.servlet.WebDriverTestExecutionListener, org.springframework.boot.test.autoconfigure.webservices.client.MockWebServiceServerTestExecutionListener, org.springframework.boot.test.mock.mockito.MockitoTestExecutionListener, org.springframework.boot.test.mock.mockito.ResetMocksTestExecutionListener, org.springframework.security.test.context.support.WithSecurityContextTestExecutionListener, org.springframework.security.test.context.support.ReactorContextTestExecutionListener, org.springframework.test.context.web.ServletTestExecutionListener, org.springframework.test.context.support.DirtiesContextBeforeModesTestExecutionListener, org.springframework.test.context.support.DependencyInjectionTestExecutionListener, org.springframework.test.context.support.DirtiesContextTestExecutionListener, org.springframework.test.context.transaction.TransactionalTestExecutionListener, org.springframework.test.context.jdbc.SqlScriptsTestExecutionListener, org.springframework.test.context.event.EventPublishingTestExecutionListener]
2020-06-30 18:08:13.686  INFO 23064 --- [    Test worker] o.s.t.c.s.DefaultTestContextBootstrapper : Using TestExecutionListeners: [org.springframework.test.context.web.ServletTestExecutionListener@2ec60d17, org.springframework.test.context.support.DirtiesContextBeforeModesTestExecutionListener@6e23cccf, org.springframework.boot.test.mock.mockito.MockitoTestExecutionListener@438f8c76, org.springframework.test.context.support.DependencyInjectionTestExecutionListener@18ed9ccd, org.springframework.test.context.support.DirtiesContextTestExecutionListener@6dd9472, org.springframework.security.test.context.support.WithSecurityContextTestExecutionListener@766865d2, org.springframework.test.context.event.EventPublishingTestExecutionListener@493bab55, org.springframework.security.test.context.support.ReactorContextTestExecutionListener@3dc45d4b, org.springframework.boot.test.autoconfigure.restdocs.RestDocsTestExecutionListener@57503085, org.springframework.boot.test.autoconfigure.web.client.MockRestServiceServerResetTestExecutionListener@62a38948, org.springframework.boot.test.autoconfigure.web.servlet.MockMvcPrintOnlyOnFailureTestExecutionListener@7656f74a, org.springframework.boot.test.autoconfigure.web.servlet.WebDriverTestExecutionListener@69e7d2ce, org.springframework.boot.test.autoconfigure.webservices.client.MockWebServiceServerTestExecutionListener@3fe5036f, org.springframework.boot.test.mock.mockito.ResetMocksTestExecutionListener@41f22412]
]]></system-out>
  <system-err><![CDATA[]]></system-err>
</testsuite>
