<?xml version="1.0" encoding="UTF-8"?>
<testsuite name="com.csci5308.groupme.user.dao.UserDaoTest" tests="7" skipped="0" failures="0" errors="0" timestamp="2020-06-18T05:52:22" hostname="YASHESH" time="6.171">
  <properties/>
  <testcase name="saveTest()" classname="com.csci5308.groupme.user.dao.UserDaoTest" time="1.753"/>
  <testcase name="UserDoesNotExistTest()" classname="com.csci5308.groupme.user.dao.UserDaoTest" time="0.165"/>
  <testcase name="finByNameTest()" classname="com.csci5308.groupme.user.dao.UserDaoTest" time="0.094"/>
  <testcase name="findByUserNameTest()" classname="com.csci5308.groupme.user.dao.UserDaoTest" time="0.102"/>
  <testcase name="addRoleTest()" classname="com.csci5308.groupme.user.dao.UserDaoTest" time="3.707"/>
  <testcase name="duplicateUserNameTest()" classname="com.csci5308.groupme.user.dao.UserDaoTest" time="0.239"/>
  <testcase name="finByEmailTest()" classname="com.csci5308.groupme.user.dao.UserDaoTest" time="0.1"/>
  <system-out><![CDATA[2020-06-18 02:52:22.094  INFO 17904 --- [    Test worker] .b.t.c.SpringBootTestContextBootstrapper : Neither @ContextConfiguration nor @ContextHierarchy found for test class [com.csci5308.groupme.user.dao.UserDaoTest], using SpringBootContextLoader
2020-06-18 02:52:22.095  INFO 17904 --- [    Test worker] o.s.t.c.support.AbstractContextLoader    : Could not detect default resource locations for test class [com.csci5308.groupme.user.dao.UserDaoTest]: no resource found for suffixes {-context.xml, Context.groovy}.
2020-06-18 02:52:22.095  INFO 17904 --- [    Test worker] t.c.s.AnnotationConfigContextLoaderUtils : Could not detect default configuration classes for test class [com.csci5308.groupme.user.dao.UserDaoTest]: UserDaoTest does not declare any static, non-private, non-final, nested classes annotated with @Configuration.
2020-06-18 02:52:22.120  INFO 17904 --- [    Test worker] .b.t.c.SpringBootTestContextBootstrapper : Found @SpringBootConfiguration com.csci5308.groupme.GroupmeApplication for test class com.csci5308.groupme.user.dao.UserDaoTest
2020-06-18 02:52:22.123  INFO 17904 --- [    Test worker] .b.t.c.SpringBootTestContextBootstrapper : Loaded default TestExecutionListener class names from location [META-INF/spring.factories]: [org.springframework.boot.test.autoconfigure.restdocs.RestDocsTestExecutionListener, org.springframework.boot.test.autoconfigure.web.client.MockRestServiceServerResetTestExecutionListener, org.springframework.boot.test.autoconfigure.web.servlet.MockMvcPrintOnlyOnFailureTestExecutionListener, org.springframework.boot.test.autoconfigure.web.servlet.WebDriverTestExecutionListener, org.springframework.boot.test.autoconfigure.webservices.client.MockWebServiceServerTestExecutionListener, org.springframework.boot.test.mock.mockito.MockitoTestExecutionListener, org.springframework.boot.test.mock.mockito.ResetMocksTestExecutionListener, org.springframework.security.test.context.support.WithSecurityContextTestExecutionListener, org.springframework.security.test.context.support.ReactorContextTestExecutionListener, org.springframework.test.context.web.ServletTestExecutionListener, org.springframework.test.context.support.DirtiesContextBeforeModesTestExecutionListener, org.springframework.test.context.support.DependencyInjectionTestExecutionListener, org.springframework.test.context.support.DirtiesContextTestExecutionListener, org.springframework.test.context.transaction.TransactionalTestExecutionListener, org.springframework.test.context.jdbc.SqlScriptsTestExecutionListener, org.springframework.test.context.event.EventPublishingTestExecutionListener]
2020-06-18 02:52:22.134  INFO 17904 --- [    Test worker] .b.t.c.SpringBootTestContextBootstrapper : Using TestExecutionListeners: [org.springframework.test.context.web.ServletTestExecutionListener@42f5f26d, org.springframework.test.context.support.DirtiesContextBeforeModesTestExecutionListener@b1b0c38, org.springframework.boot.test.mock.mockito.MockitoTestExecutionListener@728a45b5, org.springframework.boot.test.autoconfigure.SpringBootDependencyInjectionTestExecutionListener@135d8269, org.springframework.test.context.support.DirtiesContextTestExecutionListener@7e567cf5, org.springframework.security.test.context.support.WithSecurityContextTestExecutionListener@2d7fc5cb, org.springframework.test.context.event.EventPublishingTestExecutionListener@d788a3c, org.springframework.security.test.context.support.ReactorContextTestExecutionListener@72c91f30, org.springframework.boot.test.autoconfigure.restdocs.RestDocsTestExecutionListener@3fb57448, org.springframework.boot.test.autoconfigure.web.client.MockRestServiceServerResetTestExecutionListener@6c37afe8, org.springframework.boot.test.autoconfigure.web.servlet.MockMvcPrintOnlyOnFailureTestExecutionListener@2557e138, org.springframework.boot.test.autoconfigure.web.servlet.WebDriverTestExecutionListener@1f5d4a3d, org.springframework.boot.test.autoconfigure.webservices.client.MockWebServiceServerTestExecutionListener@b5e6aaa, org.springframework.boot.test.mock.mockito.ResetMocksTestExecutionListener@5ac7ccc6]
2020-06-18 02:52:22.293  INFO 17904 --- [    Test worker] c.csci5308.groupme.user.dao.UserDaoImpl  : Connecting to the selected database...
2020-06-18 02:52:23.906  INFO 17904 --- [    Test worker] c.csci5308.groupme.user.dao.UserDaoImpl  : Connecting to the selected database...
2020-06-18 02:52:23.983  INFO 17904 --- [    Test worker] c.csci5308.groupme.user.dao.UserDaoImpl  : Connecting to the selected database...
2020-06-18 02:52:24.070  INFO 17904 --- [    Test worker] c.csci5308.groupme.user.dao.UserDaoImpl  : Connecting to the selected database...
2020-06-18 02:52:24.164  INFO 17904 --- [    Test worker] c.csci5308.groupme.user.dao.UserDaoImpl  : Connecting to the selected database...
2020-06-18 02:52:24.361  INFO 17904 --- [    Test worker] c.csci5308.groupme.user.dao.UserDaoImpl  : Connecting to the selected database...
2020-06-18 02:52:25.549  INFO 17904 --- [    Test worker] c.csci5308.groupme.user.dao.UserDaoImpl  : Connecting to the selected database...
2020-06-18 02:52:28.093  INFO 17904 --- [    Test worker] c.csci5308.groupme.user.dao.UserDaoImpl  : Connecting to the selected database...
2020-06-18 02:52:28.196  INFO 17904 --- [    Test worker] c.csci5308.groupme.user.dao.UserDaoImpl  : Duplicate entry 'abhinav78' for key 'PRIMARY'
2020-06-18 02:52:28.197  INFO 17904 --- [    Test worker] c.csci5308.groupme.user.dao.UserDaoImpl  : 'PRIMARY'
2020-06-18 02:52:28.219  INFO 17904 --- [    Test worker] c.csci5308.groupme.user.dao.UserDaoImpl  : Connecting to the selected database...
]]></system-out>
  <system-err><![CDATA[]]></system-err>
</testsuite>
