<?xml version="1.0" encoding="UTF-8"?>
<testsuite name="com.csci5308.groupme.course.model.CourseTest" tests="8" skipped="0" failures="0" errors="0" timestamp="2020-07-14T05:17:35" hostname="YASHESH" time="0.025">
  <properties/>
  <testcase name="getCourseCodeTest()" classname="com.csci5308.groupme.course.model.CourseTest" time="0.002"/>
  <testcase name="setCourseCrnTest()" classname="com.csci5308.groupme.course.model.CourseTest" time="0.003"/>
  <testcase name="setCourseNameTest()" classname="com.csci5308.groupme.course.model.CourseTest" time="0.003"/>
  <testcase name="defaultConstructorTest()" classname="com.csci5308.groupme.course.model.CourseTest" time="0.002"/>
  <testcase name="getCourseNameTest()" classname="com.csci5308.groupme.course.model.CourseTest" time="0.003"/>
  <testcase name="setCourseCodeTest()" classname="com.csci5308.groupme.course.model.CourseTest" time="0.001"/>
  <testcase name="getCourseCrnTest()" classname="com.csci5308.groupme.course.model.CourseTest" time="0.002"/>
  <testcase name="constructorWithValuesTest()" classname="com.csci5308.groupme.course.model.CourseTest" time="0.002"/>
  <system-out><![CDATA[2020-07-14 02:17:35.608  INFO 24100 --- [    Test worker] o.s.t.c.s.DefaultTestContextBootstrapper : Neither @ContextConfiguration nor @ContextHierarchy found for test class [com.csci5308.groupme.course.model.CourseTest], using DelegatingSmartContextLoader
2020-07-14 02:17:35.609  INFO 24100 --- [    Test worker] o.s.t.c.support.AbstractContextLoader    : Could not detect default resource locations for test class [com.csci5308.groupme.course.model.CourseTest]: no resource found for suffixes {-context.xml}.
2020-07-14 02:17:35.609  INFO 24100 --- [    Test worker] t.c.s.AnnotationConfigContextLoaderUtils : Could not detect default configuration classes for test class [com.csci5308.groupme.course.model.CourseTest]: CourseTest does not declare any static, non-private, non-final, nested classes annotated with @Configuration.
2020-07-14 02:17:35.613  INFO 24100 --- [    Test worker] o.s.t.c.s.DefaultTestContextBootstrapper : Loaded default TestExecutionListener class names from location [META-INF/spring.factories]: [org.springframework.boot.test.autoconfigure.restdocs.RestDocsTestExecutionListener, org.springframework.boot.test.autoconfigure.web.client.MockRestServiceServerResetTestExecutionListener, org.springframework.boot.test.autoconfigure.web.servlet.MockMvcPrintOnlyOnFailureTestExecutionListener, org.springframework.boot.test.autoconfigure.web.servlet.WebDriverTestExecutionListener, org.springframework.boot.test.autoconfigure.webservices.client.MockWebServiceServerTestExecutionListener, org.springframework.boot.test.mock.mockito.MockitoTestExecutionListener, org.springframework.boot.test.mock.mockito.ResetMocksTestExecutionListener, org.springframework.security.test.context.support.WithSecurityContextTestExecutionListener, org.springframework.security.test.context.support.ReactorContextTestExecutionListener, org.springframework.test.context.web.ServletTestExecutionListener, org.springframework.test.context.support.DirtiesContextBeforeModesTestExecutionListener, org.springframework.test.context.support.DependencyInjectionTestExecutionListener, org.springframework.test.context.support.DirtiesContextTestExecutionListener, org.springframework.test.context.transaction.TransactionalTestExecutionListener, org.springframework.test.context.jdbc.SqlScriptsTestExecutionListener, org.springframework.test.context.event.EventPublishingTestExecutionListener]
2020-07-14 02:17:35.616  INFO 24100 --- [    Test worker] o.s.t.c.s.DefaultTestContextBootstrapper : Using TestExecutionListeners: [org.springframework.test.context.web.ServletTestExecutionListener@28945628, org.springframework.test.context.support.DirtiesContextBeforeModesTestExecutionListener@3034f566, org.springframework.boot.test.mock.mockito.MockitoTestExecutionListener@327dd727, org.springframework.test.context.support.DependencyInjectionTestExecutionListener@3a0c45cf, org.springframework.test.context.support.DirtiesContextTestExecutionListener@302361b0, org.springframework.security.test.context.support.WithSecurityContextTestExecutionListener@272b2d17, org.springframework.test.context.event.EventPublishingTestExecutionListener@7bb3023a, org.springframework.security.test.context.support.ReactorContextTestExecutionListener@234912be, org.springframework.boot.test.autoconfigure.restdocs.RestDocsTestExecutionListener@8ccc986, org.springframework.boot.test.autoconfigure.web.client.MockRestServiceServerResetTestExecutionListener@76f11e1d, org.springframework.boot.test.autoconfigure.web.servlet.MockMvcPrintOnlyOnFailureTestExecutionListener@15b0602b, org.springframework.boot.test.autoconfigure.web.servlet.WebDriverTestExecutionListener@7e874cc1, org.springframework.boot.test.autoconfigure.webservices.client.MockWebServiceServerTestExecutionListener@10693a6e, org.springframework.boot.test.mock.mockito.ResetMocksTestExecutionListener@6e96cf88]
]]></system-out>
  <system-err><![CDATA[]]></system-err>
</testsuite>
