<?xml version="1.0" encoding="UTF-8"?>
<testsuite name="com.csci5308.groupme.course.service.CourseServiceImplTest" tests="7" skipped="0" failures="0" errors="0" timestamp="2020-06-30T21:08:11" hostname="YASHESH" time="0.03">
  <properties/>
  <testcase name="getCoursesByUserNameAndRoleTest()" classname="com.csci5308.groupme.course.service.CourseServiceImplTest" time="0.005"/>
  <testcase name="noCourseToDeleteTest()" classname="com.csci5308.groupme.course.service.CourseServiceImplTest" time="0.002"/>
  <testcase name="findAllCoursesTest()" classname="com.csci5308.groupme.course.service.CourseServiceImplTest" time="0.002"/>
  <testcase name="findCoursesByStudentUserNameTest()" classname="com.csci5308.groupme.course.service.CourseServiceImplTest" time="0.004"/>
  <testcase name="saveCourseTest()" classname="com.csci5308.groupme.course.service.CourseServiceImplTest" time="0.003"/>
  <testcase name="deleteCourseTest()" classname="com.csci5308.groupme.course.service.CourseServiceImplTest" time="0.002"/>
  <testcase name="courseExistsTest()" classname="com.csci5308.groupme.course.service.CourseServiceImplTest" time="0.003"/>
  <system-out><![CDATA[2020-06-30 18:08:11.882  INFO 23064 --- [    Test worker] o.s.t.c.s.DefaultTestContextBootstrapper : Neither @ContextConfiguration nor @ContextHierarchy found for test class [com.csci5308.groupme.course.service.CourseServiceImplTest], using DelegatingSmartContextLoader
2020-06-30 18:08:11.883  INFO 23064 --- [    Test worker] o.s.t.c.support.AbstractContextLoader    : Could not detect default resource locations for test class [com.csci5308.groupme.course.service.CourseServiceImplTest]: no resource found for suffixes {-context.xml}.
2020-06-30 18:08:11.883  INFO 23064 --- [    Test worker] t.c.s.AnnotationConfigContextLoaderUtils : Could not detect default configuration classes for test class [com.csci5308.groupme.course.service.CourseServiceImplTest]: CourseServiceImplTest does not declare any static, non-private, non-final, nested classes annotated with @Configuration.
2020-06-30 18:08:11.885  INFO 23064 --- [    Test worker] o.s.t.c.s.DefaultTestContextBootstrapper : Loaded default TestExecutionListener class names from location [META-INF/spring.factories]: [org.springframework.boot.test.autoconfigure.restdocs.RestDocsTestExecutionListener, org.springframework.boot.test.autoconfigure.web.client.MockRestServiceServerResetTestExecutionListener, org.springframework.boot.test.autoconfigure.web.servlet.MockMvcPrintOnlyOnFailureTestExecutionListener, org.springframework.boot.test.autoconfigure.web.servlet.WebDriverTestExecutionListener, org.springframework.boot.test.autoconfigure.webservices.client.MockWebServiceServerTestExecutionListener, org.springframework.boot.test.mock.mockito.MockitoTestExecutionListener, org.springframework.boot.test.mock.mockito.ResetMocksTestExecutionListener, org.springframework.security.test.context.support.WithSecurityContextTestExecutionListener, org.springframework.security.test.context.support.ReactorContextTestExecutionListener, org.springframework.test.context.web.ServletTestExecutionListener, org.springframework.test.context.support.DirtiesContextBeforeModesTestExecutionListener, org.springframework.test.context.support.DependencyInjectionTestExecutionListener, org.springframework.test.context.support.DirtiesContextTestExecutionListener, org.springframework.test.context.transaction.TransactionalTestExecutionListener, org.springframework.test.context.jdbc.SqlScriptsTestExecutionListener, org.springframework.test.context.event.EventPublishingTestExecutionListener]
2020-06-30 18:08:11.888  INFO 23064 --- [    Test worker] o.s.t.c.s.DefaultTestContextBootstrapper : Using TestExecutionListeners: [org.springframework.test.context.web.ServletTestExecutionListener@721e9dfc, org.springframework.test.context.support.DirtiesContextBeforeModesTestExecutionListener@7daf7050, org.springframework.boot.test.mock.mockito.MockitoTestExecutionListener@57fffb7, org.springframework.test.context.support.DependencyInjectionTestExecutionListener@5039e3a6, org.springframework.test.context.support.DirtiesContextTestExecutionListener@56ce7520, org.springframework.security.test.context.support.WithSecurityContextTestExecutionListener@5065b259, org.springframework.test.context.event.EventPublishingTestExecutionListener@2a9d7da5, org.springframework.security.test.context.support.ReactorContextTestExecutionListener@35a68f83, org.springframework.boot.test.autoconfigure.restdocs.RestDocsTestExecutionListener@10649b62, org.springframework.boot.test.autoconfigure.web.client.MockRestServiceServerResetTestExecutionListener@6dee044d, org.springframework.boot.test.autoconfigure.web.servlet.MockMvcPrintOnlyOnFailureTestExecutionListener@2c5f3c00, org.springframework.boot.test.autoconfigure.web.servlet.WebDriverTestExecutionListener@2d84749f, org.springframework.boot.test.autoconfigure.webservices.client.MockWebServiceServerTestExecutionListener@198f45c6, org.springframework.boot.test.mock.mockito.ResetMocksTestExecutionListener@4def6d6]
]]></system-out>
  <system-err><![CDATA[]]></system-err>
</testsuite>
