<?xml version="1.0" encoding="UTF-8"?>
<testsuite name="com.csci5308.groupme.GroupmeApplicationTests" tests="1" skipped="0" failures="0" errors="0" timestamp="2020-07-06T19:42:25" hostname="YASHESH" time="0.006">
  <properties/>
  <testcase name="contextLoads()" classname="com.csci5308.groupme.GroupmeApplicationTests" time="0.006"/>
  <system-out><![CDATA[2020-07-06 16:42:24.310  INFO 12604 --- [    Test worker] .b.t.c.SpringBootTestContextBootstrapper : Neither @ContextConfiguration nor @ContextHierarchy found for test class [com.csci5308.groupme.GroupmeApplicationTests], using SpringBootContextLoader
2020-07-06 16:42:24.311  INFO 12604 --- [    Test worker] o.s.t.c.support.AbstractContextLoader    : Could not detect default resource locations for test class [com.csci5308.groupme.GroupmeApplicationTests]: no resource found for suffixes {-context.xml, Context.groovy}.
2020-07-06 16:42:24.311  INFO 12604 --- [    Test worker] t.c.s.AnnotationConfigContextLoaderUtils : Could not detect default configuration classes for test class [com.csci5308.groupme.GroupmeApplicationTests]: GroupmeApplicationTests does not declare any static, non-private, non-final, nested classes annotated with @Configuration.
2020-07-06 16:42:24.318  INFO 12604 --- [    Test worker] .b.t.c.SpringBootTestContextBootstrapper : Found @SpringBootConfiguration com.csci5308.groupme.GroupmeApplication for test class com.csci5308.groupme.GroupmeApplicationTests
2020-07-06 16:42:24.320  INFO 12604 --- [    Test worker] .b.t.c.SpringBootTestContextBootstrapper : Loaded default TestExecutionListener class names from location [META-INF/spring.factories]: [org.springframework.boot.test.autoconfigure.restdocs.RestDocsTestExecutionListener, org.springframework.boot.test.autoconfigure.web.client.MockRestServiceServerResetTestExecutionListener, org.springframework.boot.test.autoconfigure.web.servlet.MockMvcPrintOnlyOnFailureTestExecutionListener, org.springframework.boot.test.autoconfigure.web.servlet.WebDriverTestExecutionListener, org.springframework.boot.test.autoconfigure.webservices.client.MockWebServiceServerTestExecutionListener, org.springframework.boot.test.mock.mockito.MockitoTestExecutionListener, org.springframework.boot.test.mock.mockito.ResetMocksTestExecutionListener, org.springframework.security.test.context.support.WithSecurityContextTestExecutionListener, org.springframework.security.test.context.support.ReactorContextTestExecutionListener, org.springframework.test.context.web.ServletTestExecutionListener, org.springframework.test.context.support.DirtiesContextBeforeModesTestExecutionListener, org.springframework.test.context.support.DependencyInjectionTestExecutionListener, org.springframework.test.context.support.DirtiesContextTestExecutionListener, org.springframework.test.context.transaction.TransactionalTestExecutionListener, org.springframework.test.context.jdbc.SqlScriptsTestExecutionListener, org.springframework.test.context.event.EventPublishingTestExecutionListener]
2020-07-06 16:42:24.331  INFO 12604 --- [    Test worker] .b.t.c.SpringBootTestContextBootstrapper : Using TestExecutionListeners: [org.springframework.test.context.web.ServletTestExecutionListener@6855b480, org.springframework.test.context.support.DirtiesContextBeforeModesTestExecutionListener@4f033e9a, org.springframework.boot.test.mock.mockito.MockitoTestExecutionListener@2b7f1d34, org.springframework.boot.test.autoconfigure.SpringBootDependencyInjectionTestExecutionListener@6e26e0a0, org.springframework.test.context.support.DirtiesContextTestExecutionListener@2b92a850, org.springframework.security.test.context.support.WithSecurityContextTestExecutionListener@7db3b456, org.springframework.test.context.event.EventPublishingTestExecutionListener@2ef68069, org.springframework.security.test.context.support.ReactorContextTestExecutionListener@778c46f7, org.springframework.boot.test.autoconfigure.restdocs.RestDocsTestExecutionListener@49e2b07e, org.springframework.boot.test.autoconfigure.web.client.MockRestServiceServerResetTestExecutionListener@2993bc10, org.springframework.boot.test.autoconfigure.web.servlet.MockMvcPrintOnlyOnFailureTestExecutionListener@33fc9483, org.springframework.boot.test.autoconfigure.web.servlet.WebDriverTestExecutionListener@2652d7f5, org.springframework.boot.test.autoconfigure.webservices.client.MockWebServiceServerTestExecutionListener@7aeff201, org.springframework.boot.test.mock.mockito.ResetMocksTestExecutionListener@4ea8a270]

  .   ____          _            __ _ _
 /\\ / ___'_ __ _ _(_)_ __  __ _ \ \ \ \
( ( )\___ | '_ | '_| | '_ \/ _` | \ \ \ \
 \\/  ___)| |_)| | | | | || (_| |  ) ) ) )
  '  |____| .__|_| |_|_| |_\__, | / / / /
 =========|_|==============|___/=/_/_/_/
 :: Spring Boot ::        (v2.3.0.RELEASE)

2020-07-06 16:42:24.464  INFO 12604 --- [    Test worker] c.c.groupme.GroupmeApplicationTests      : Starting GroupmeApplicationTests on Yashesh with PID 12604 (started by yashe in E:\DAL\SEM 3\ASDC\project\group19)
2020-07-06 16:42:24.467  INFO 12604 --- [    Test worker] c.c.groupme.GroupmeApplicationTests      : No active profile set, falling back to default profiles: default
2020-07-06 16:42:25.205  INFO 12604 --- [    Test worker] o.s.s.web.DefaultSecurityFilterChain     : Creating filter chain: any request, [org.springframework.security.web.context.request.async.WebAsyncManagerIntegrationFilter@7c0a1aa2, org.springframework.security.web.context.SecurityContextPersistenceFilter@2a83c1c7, org.springframework.security.web.header.HeaderWriterFilter@227d0d8f, org.springframework.security.web.authentication.logout.LogoutFilter@252a8918, org.springframework.security.web.authentication.UsernamePasswordAuthenticationFilter@332dd014, org.springframework.security.web.savedrequest.RequestCacheAwareFilter@630852b, org.springframework.security.web.servletapi.SecurityContextHolderAwareRequestFilter@4cebe117, org.springframework.security.web.authentication.AnonymousAuthenticationFilter@5ada259d, org.springframework.security.web.session.SessionManagementFilter@7f34523c, org.springframework.security.web.access.ExceptionTranslationFilter@6ae8def2, org.springframework.security.web.access.intercept.FilterSecurityInterceptor@79be710e]
2020-07-06 16:42:25.412  INFO 12604 --- [    Test worker] o.s.s.concurrent.ThreadPoolTaskExecutor  : Initializing ExecutorService 'applicationTaskExecutor'
2020-07-06 16:42:25.659  INFO 12604 --- [    Test worker] c.c.groupme.GroupmeApplicationTests      : Started GroupmeApplicationTests in 1.323 seconds (JVM running for 10.515)
]]></system-out>
  <system-err><![CDATA[]]></system-err>
</testsuite>
