<?xml version="1.0" encoding="UTF-8"?>
<testsuite name="com.csci5308.groupme.instructor.service.QuestionManagerServiceTest" tests="7" skipped="0" failures="0" errors="0" timestamp="2020-06-18T05:52:21" hostname="YASHESH" time="0.037">
  <properties/>
  <testcase name="deleteQuestionTest()" classname="com.csci5308.groupme.instructor.service.QuestionManagerServiceTest" time="0.003"/>
  <testcase name="getAllSortedTitlesByDatesTest()" classname="com.csci5308.groupme.instructor.service.QuestionManagerServiceTest" time="0.006"/>
  <testcase name="createQuestionNonMCQTest()" classname="com.csci5308.groupme.instructor.service.QuestionManagerServiceTest" time="0.003"/>
  <testcase name="getAllTitlesTest()" classname="com.csci5308.groupme.instructor.service.QuestionManagerServiceTest" time="0.003"/>
  <testcase name="getAllQuestionsTest()" classname="com.csci5308.groupme.instructor.service.QuestionManagerServiceTest" time="0.003"/>
  <testcase name="createQuestionMCQTest()" classname="com.csci5308.groupme.instructor.service.QuestionManagerServiceTest" time="0.004"/>
  <testcase name="getAllSortedTitlesByTitlesTest()" classname="com.csci5308.groupme.instructor.service.QuestionManagerServiceTest" time="0.003"/>
  <system-out><![CDATA[2020-06-18 02:52:21.292  INFO 17904 --- [    Test worker] o.s.t.c.s.DefaultTestContextBootstrapper : Neither @ContextConfiguration nor @ContextHierarchy found for test class [com.csci5308.groupme.instructor.service.QuestionManagerServiceTest], using DelegatingSmartContextLoader
2020-06-18 02:52:21.293  INFO 17904 --- [    Test worker] o.s.t.c.support.AbstractContextLoader    : Could not detect default resource locations for test class [com.csci5308.groupme.instructor.service.QuestionManagerServiceTest]: no resource found for suffixes {-context.xml}.
2020-06-18 02:52:21.293  INFO 17904 --- [    Test worker] t.c.s.AnnotationConfigContextLoaderUtils : Could not detect default configuration classes for test class [com.csci5308.groupme.instructor.service.QuestionManagerServiceTest]: QuestionManagerServiceTest does not declare any static, non-private, non-final, nested classes annotated with @Configuration.
2020-06-18 02:52:21.294  INFO 17904 --- [    Test worker] o.s.t.c.s.DefaultTestContextBootstrapper : Loaded default TestExecutionListener class names from location [META-INF/spring.factories]: [org.springframework.boot.test.autoconfigure.restdocs.RestDocsTestExecutionListener, org.springframework.boot.test.autoconfigure.web.client.MockRestServiceServerResetTestExecutionListener, org.springframework.boot.test.autoconfigure.web.servlet.MockMvcPrintOnlyOnFailureTestExecutionListener, org.springframework.boot.test.autoconfigure.web.servlet.WebDriverTestExecutionListener, org.springframework.boot.test.autoconfigure.webservices.client.MockWebServiceServerTestExecutionListener, org.springframework.boot.test.mock.mockito.MockitoTestExecutionListener, org.springframework.boot.test.mock.mockito.ResetMocksTestExecutionListener, org.springframework.security.test.context.support.WithSecurityContextTestExecutionListener, org.springframework.security.test.context.support.ReactorContextTestExecutionListener, org.springframework.test.context.web.ServletTestExecutionListener, org.springframework.test.context.support.DirtiesContextBeforeModesTestExecutionListener, org.springframework.test.context.support.DependencyInjectionTestExecutionListener, org.springframework.test.context.support.DirtiesContextTestExecutionListener, org.springframework.test.context.transaction.TransactionalTestExecutionListener, org.springframework.test.context.jdbc.SqlScriptsTestExecutionListener, org.springframework.test.context.event.EventPublishingTestExecutionListener]
2020-06-18 02:52:21.296  INFO 17904 --- [    Test worker] o.s.t.c.s.DefaultTestContextBootstrapper : Using TestExecutionListeners: [org.springframework.test.context.web.ServletTestExecutionListener@74065c3e, org.springframework.test.context.support.DirtiesContextBeforeModesTestExecutionListener@67d46e95, org.springframework.boot.test.mock.mockito.MockitoTestExecutionListener@551d3a87, org.springframework.test.context.support.DependencyInjectionTestExecutionListener@29d114ff, org.springframework.test.context.support.DirtiesContextTestExecutionListener@6ff05a57, org.springframework.security.test.context.support.WithSecurityContextTestExecutionListener@2b1421fa, org.springframework.test.context.event.EventPublishingTestExecutionListener@1761ff1d, org.springframework.security.test.context.support.ReactorContextTestExecutionListener@36b667e2, org.springframework.boot.test.autoconfigure.restdocs.RestDocsTestExecutionListener@5bf9b181, org.springframework.boot.test.autoconfigure.web.client.MockRestServiceServerResetTestExecutionListener@51e840f5, org.springframework.boot.test.autoconfigure.web.servlet.MockMvcPrintOnlyOnFailureTestExecutionListener@4969d4c2, org.springframework.boot.test.autoconfigure.web.servlet.WebDriverTestExecutionListener@4ce5337a, org.springframework.boot.test.autoconfigure.webservices.client.MockWebServiceServerTestExecutionListener@5a86e6de, org.springframework.boot.test.mock.mockito.ResetMocksTestExecutionListener@49fafa93]
2020-06-18 02:52:21.309  INFO 17904 --- [    Test worker] c.c.g.i.s.QuestionManagerServiceImpl     : Python
2020-06-18 02:52:21.310  INFO 17904 --- [    Test worker] c.c.g.i.s.QuestionManagerServiceImpl     : Java
]]></system-out>
  <system-err><![CDATA[]]></system-err>
</testsuite>
