<?xml version="1.0" encoding="UTF-8"?>
<testsuite name="com.csci5308.groupme.instructor.model.OptionTest" tests="8" skipped="0" failures="0" errors="0" timestamp="2020-06-18T05:52:20" hostname="YASHESH" time="0.12">
  <properties/>
  <testcase name="setDisplayOrderTest()" classname="com.csci5308.groupme.instructor.model.OptionTest" time="0.013"/>
  <testcase name="getOptionIdTest()" classname="com.csci5308.groupme.instructor.model.OptionTest" time="0.004"/>
  <testcase name="setOptionIdTest()" classname="com.csci5308.groupme.instructor.model.OptionTest" time="0.009"/>
  <testcase name="getDisplayOrderTest()" classname="com.csci5308.groupme.instructor.model.OptionTest" time="0.004"/>
  <testcase name="setOptionTextTest()" classname="com.csci5308.groupme.instructor.model.OptionTest" time="0.003"/>
  <testcase name="defaultConstructorTest()" classname="com.csci5308.groupme.instructor.model.OptionTest" time="0.004"/>
  <testcase name="getOptionTextTest()" classname="com.csci5308.groupme.instructor.model.OptionTest" time="0.004"/>
  <testcase name="constructorWithValuesTest()" classname="com.csci5308.groupme.instructor.model.OptionTest" time="0.004"/>
  <system-out><![CDATA[2020-06-18 02:52:20.801  INFO 17904 --- [    Test worker] o.s.t.c.s.DefaultTestContextBootstrapper : Neither @ContextConfiguration nor @ContextHierarchy found for test class [com.csci5308.groupme.instructor.model.OptionTest], using DelegatingSmartContextLoader
2020-06-18 02:52:20.801  INFO 17904 --- [    Test worker] o.s.t.c.support.AbstractContextLoader    : Could not detect default resource locations for test class [com.csci5308.groupme.instructor.model.OptionTest]: no resource found for suffixes {-context.xml}.
2020-06-18 02:52:20.801  INFO 17904 --- [    Test worker] t.c.s.AnnotationConfigContextLoaderUtils : Could not detect default configuration classes for test class [com.csci5308.groupme.instructor.model.OptionTest]: OptionTest does not declare any static, non-private, non-final, nested classes annotated with @Configuration.
2020-06-18 02:52:20.803  INFO 17904 --- [    Test worker] o.s.t.c.s.DefaultTestContextBootstrapper : Loaded default TestExecutionListener class names from location [META-INF/spring.factories]: [org.springframework.boot.test.autoconfigure.restdocs.RestDocsTestExecutionListener, org.springframework.boot.test.autoconfigure.web.client.MockRestServiceServerResetTestExecutionListener, org.springframework.boot.test.autoconfigure.web.servlet.MockMvcPrintOnlyOnFailureTestExecutionListener, org.springframework.boot.test.autoconfigure.web.servlet.WebDriverTestExecutionListener, org.springframework.boot.test.autoconfigure.webservices.client.MockWebServiceServerTestExecutionListener, org.springframework.boot.test.mock.mockito.MockitoTestExecutionListener, org.springframework.boot.test.mock.mockito.ResetMocksTestExecutionListener, org.springframework.security.test.context.support.WithSecurityContextTestExecutionListener, org.springframework.security.test.context.support.ReactorContextTestExecutionListener, org.springframework.test.context.web.ServletTestExecutionListener, org.springframework.test.context.support.DirtiesContextBeforeModesTestExecutionListener, org.springframework.test.context.support.DependencyInjectionTestExecutionListener, org.springframework.test.context.support.DirtiesContextTestExecutionListener, org.springframework.test.context.transaction.TransactionalTestExecutionListener, org.springframework.test.context.jdbc.SqlScriptsTestExecutionListener, org.springframework.test.context.event.EventPublishingTestExecutionListener]
2020-06-18 02:52:20.827  INFO 17904 --- [    Test worker] o.s.t.c.s.DefaultTestContextBootstrapper : Using TestExecutionListeners: [org.springframework.test.context.web.ServletTestExecutionListener@3a971d69, org.springframework.test.context.support.DirtiesContextBeforeModesTestExecutionListener@73911047, org.springframework.boot.test.mock.mockito.MockitoTestExecutionListener@3f5299a7, org.springframework.test.context.support.DependencyInjectionTestExecutionListener@62e37689, org.springframework.test.context.support.DirtiesContextTestExecutionListener@601d53e9, org.springframework.security.test.context.support.WithSecurityContextTestExecutionListener@1bf57485, org.springframework.test.context.event.EventPublishingTestExecutionListener@30c149fd, org.springframework.security.test.context.support.ReactorContextTestExecutionListener@49ef3652, org.springframework.boot.test.autoconfigure.restdocs.RestDocsTestExecutionListener@4367b69d, org.springframework.boot.test.autoconfigure.web.client.MockRestServiceServerResetTestExecutionListener@7386a328, org.springframework.boot.test.autoconfigure.web.servlet.MockMvcPrintOnlyOnFailureTestExecutionListener@49b28204, org.springframework.boot.test.autoconfigure.web.servlet.WebDriverTestExecutionListener@795f60c6, org.springframework.boot.test.autoconfigure.webservices.client.MockWebServiceServerTestExecutionListener@772e22e, org.springframework.boot.test.mock.mockito.ResetMocksTestExecutionListener@41ab8e0b]
]]></system-out>
  <system-err><![CDATA[]]></system-err>
</testsuite>
