<?xml version="1.0" encoding="UTF-8"?>
<testsuite name="com.csci5308.groupme.user.model.UserAuthDetailsTest" tests="1" skipped="0" failures="0" errors="0" timestamp="2020-07-06T19:42:25" hostname="YASHESH" time="0.006">
  <properties/>
  <testcase name="getAuthoritiesTest()" classname="com.csci5308.groupme.user.model.UserAuthDetailsTest" time="0.006"/>
  <system-out><![CDATA[2020-07-06 16:42:25.731  INFO 12604 --- [    Test worker] o.s.t.c.s.DefaultTestContextBootstrapper : Neither @ContextConfiguration nor @ContextHierarchy found for test class [com.csci5308.groupme.user.model.UserAuthDetailsTest], using DelegatingSmartContextLoader
2020-07-06 16:42:25.732  INFO 12604 --- [    Test worker] o.s.t.c.support.AbstractContextLoader    : Could not detect default resource locations for test class [com.csci5308.groupme.user.model.UserAuthDetailsTest]: no resource found for suffixes {-context.xml}.
2020-07-06 16:42:25.732  INFO 12604 --- [    Test worker] t.c.s.AnnotationConfigContextLoaderUtils : Could not detect default configuration classes for test class [com.csci5308.groupme.user.model.UserAuthDetailsTest]: UserAuthDetailsTest does not declare any static, non-private, non-final, nested classes annotated with @Configuration.
2020-07-06 16:42:25.733  INFO 12604 --- [    Test worker] o.s.t.c.s.DefaultTestContextBootstrapper : Loaded default TestExecutionListener class names from location [META-INF/spring.factories]: [org.springframework.boot.test.autoconfigure.restdocs.RestDocsTestExecutionListener, org.springframework.boot.test.autoconfigure.web.client.MockRestServiceServerResetTestExecutionListener, org.springframework.boot.test.autoconfigure.web.servlet.MockMvcPrintOnlyOnFailureTestExecutionListener, org.springframework.boot.test.autoconfigure.web.servlet.WebDriverTestExecutionListener, org.springframework.boot.test.autoconfigure.webservices.client.MockWebServiceServerTestExecutionListener, org.springframework.boot.test.mock.mockito.MockitoTestExecutionListener, org.springframework.boot.test.mock.mockito.ResetMocksTestExecutionListener, org.springframework.security.test.context.support.WithSecurityContextTestExecutionListener, org.springframework.security.test.context.support.ReactorContextTestExecutionListener, org.springframework.test.context.web.ServletTestExecutionListener, org.springframework.test.context.support.DirtiesContextBeforeModesTestExecutionListener, org.springframework.test.context.support.DependencyInjectionTestExecutionListener, org.springframework.test.context.support.DirtiesContextTestExecutionListener, org.springframework.test.context.transaction.TransactionalTestExecutionListener, org.springframework.test.context.jdbc.SqlScriptsTestExecutionListener, org.springframework.test.context.event.EventPublishingTestExecutionListener]
2020-07-06 16:42:25.738  INFO 12604 --- [    Test worker] o.s.t.c.s.DefaultTestContextBootstrapper : Using TestExecutionListeners: [org.springframework.test.context.web.ServletTestExecutionListener@6ccea8fa, org.springframework.test.context.support.DirtiesContextBeforeModesTestExecutionListener@5c409e1a, org.springframework.boot.test.mock.mockito.MockitoTestExecutionListener@1b382cdf, org.springframework.test.context.support.DependencyInjectionTestExecutionListener@1ceb5619, org.springframework.test.context.support.DirtiesContextTestExecutionListener@57ba406, org.springframework.security.test.context.support.WithSecurityContextTestExecutionListener@5d135afd, org.springframework.test.context.event.EventPublishingTestExecutionListener@797cb54, org.springframework.security.test.context.support.ReactorContextTestExecutionListener@418a0e21, org.springframework.boot.test.autoconfigure.restdocs.RestDocsTestExecutionListener@1909c982, org.springframework.boot.test.autoconfigure.web.client.MockRestServiceServerResetTestExecutionListener@5e8aacec, org.springframework.boot.test.autoconfigure.web.servlet.MockMvcPrintOnlyOnFailureTestExecutionListener@67fe1102, org.springframework.boot.test.autoconfigure.web.servlet.WebDriverTestExecutionListener@7614e0da, org.springframework.boot.test.autoconfigure.webservices.client.MockWebServiceServerTestExecutionListener@21867243, org.springframework.boot.test.mock.mockito.ResetMocksTestExecutionListener@2ae04753]
]]></system-out>
  <system-err><![CDATA[]]></system-err>
</testsuite>
