<?xml version="1.0" encoding="UTF-8"?>
<testsuite name="com.csci5308.groupme.admin.service.AdminServiceTest" tests="6" skipped="0" failures="0" errors="0" timestamp="2020-07-14T05:17:31" hostname="YASHESH" time="0.084">
  <properties/>
  <testcase name="courseNotFoundTest()" classname="com.csci5308.groupme.admin.service.AdminServiceTest" time="0.036"/>
  <testcase name="classAlreadyExistsTest()" classname="com.csci5308.groupme.admin.service.AdminServiceTest" time="0.009"/>
  <testcase name="assignInstructorToCourseTest()" classname="com.csci5308.groupme.admin.service.AdminServiceTest" time="0.009"/>
  <testcase name="dbIssueTest()" classname="com.csci5308.groupme.admin.service.AdminServiceTest" time="0.004"/>
  <testcase name="instructorNotFoundTest()" classname="com.csci5308.groupme.admin.service.AdminServiceTest" time="0.005"/>
  <testcase name="createAndAssignInstructorToCourseTest()" classname="com.csci5308.groupme.admin.service.AdminServiceTest" time="0.006"/>
  <system-out><![CDATA[2020-07-14 02:17:30.414  INFO 24100 --- [    Test worker] o.s.t.c.s.DefaultTestContextBootstrapper : Neither @ContextConfiguration nor @ContextHierarchy found for test class [com.csci5308.groupme.admin.service.AdminServiceTest], using DelegatingSmartContextLoader
2020-07-14 02:17:30.415  INFO 24100 --- [    Test worker] o.s.t.c.support.AbstractContextLoader    : Could not detect default resource locations for test class [com.csci5308.groupme.admin.service.AdminServiceTest]: no resource found for suffixes {-context.xml}.
2020-07-14 02:17:30.416  INFO 24100 --- [    Test worker] t.c.s.AnnotationConfigContextLoaderUtils : Could not detect default configuration classes for test class [com.csci5308.groupme.admin.service.AdminServiceTest]: AdminServiceTest does not declare any static, non-private, non-final, nested classes annotated with @Configuration.
2020-07-14 02:17:30.419  INFO 24100 --- [    Test worker] o.s.t.c.s.DefaultTestContextBootstrapper : Loaded default TestExecutionListener class names from location [META-INF/spring.factories]: [org.springframework.boot.test.autoconfigure.restdocs.RestDocsTestExecutionListener, org.springframework.boot.test.autoconfigure.web.client.MockRestServiceServerResetTestExecutionListener, org.springframework.boot.test.autoconfigure.web.servlet.MockMvcPrintOnlyOnFailureTestExecutionListener, org.springframework.boot.test.autoconfigure.web.servlet.WebDriverTestExecutionListener, org.springframework.boot.test.autoconfigure.webservices.client.MockWebServiceServerTestExecutionListener, org.springframework.boot.test.mock.mockito.MockitoTestExecutionListener, org.springframework.boot.test.mock.mockito.ResetMocksTestExecutionListener, org.springframework.security.test.context.support.WithSecurityContextTestExecutionListener, org.springframework.security.test.context.support.ReactorContextTestExecutionListener, org.springframework.test.context.web.ServletTestExecutionListener, org.springframework.test.context.support.DirtiesContextBeforeModesTestExecutionListener, org.springframework.test.context.support.DependencyInjectionTestExecutionListener, org.springframework.test.context.support.DirtiesContextTestExecutionListener, org.springframework.test.context.transaction.TransactionalTestExecutionListener, org.springframework.test.context.jdbc.SqlScriptsTestExecutionListener, org.springframework.test.context.event.EventPublishingTestExecutionListener]
2020-07-14 02:17:30.423  INFO 24100 --- [    Test worker] o.s.t.c.s.DefaultTestContextBootstrapper : Using TestExecutionListeners: [org.springframework.test.context.web.ServletTestExecutionListener@2c37f6ac, org.springframework.test.context.support.DirtiesContextBeforeModesTestExecutionListener@4fe05d85, org.springframework.boot.test.mock.mockito.MockitoTestExecutionListener@64ec12e, org.springframework.test.context.support.DependencyInjectionTestExecutionListener@1893f479, org.springframework.test.context.support.DirtiesContextTestExecutionListener@b82e351, org.springframework.security.test.context.support.WithSecurityContextTestExecutionListener@46c38bd1, org.springframework.test.context.event.EventPublishingTestExecutionListener@36746596, org.springframework.security.test.context.support.ReactorContextTestExecutionListener@31c36f1d, org.springframework.boot.test.autoconfigure.restdocs.RestDocsTestExecutionListener@2dc78a1f, org.springframework.boot.test.autoconfigure.web.client.MockRestServiceServerResetTestExecutionListener@77801175, org.springframework.boot.test.autoconfigure.web.servlet.MockMvcPrintOnlyOnFailureTestExecutionListener@624d82c6, org.springframework.boot.test.autoconfigure.web.servlet.WebDriverTestExecutionListener@485cb215, org.springframework.boot.test.autoconfigure.webservices.client.MockWebServiceServerTestExecutionListener@59da4e73, org.springframework.boot.test.mock.mockito.ResetMocksTestExecutionListener@2e26e784]
2020-07-14 02:17:31.052  INFO 24100 --- [    Test worker] c.c.g.c.c.i.s.InstructorServiceImpl      : Status -8
2020-07-14 02:17:31.064  INFO 24100 --- [    Test worker] c.c.g.c.c.i.s.InstructorServiceImpl      : Status 1
2020-07-14 02:17:31.075  INFO 24100 --- [    Test worker] c.c.g.c.c.i.s.InstructorServiceImpl      : Status 0
2020-07-14 02:17:31.089  INFO 24100 --- [    Test worker] c.c.g.c.c.i.s.InstructorServiceImpl      : Status 1
]]></system-out>
  <system-err><![CDATA[]]></system-err>
</testsuite>
