<?xml version="1.0" encoding="UTF-8"?>
<testsuite name="com.csci5308.groupme.GroupmeApplicationTests" tests="1" skipped="0" failures="0" errors="0" timestamp="2020-06-09T19:39:52" hostname="YASHESH" time="0.006">
  <properties/>
  <testcase name="contextLoads()" classname="com.csci5308.groupme.GroupmeApplicationTests" time="0.006"/>
  <system-out><![CDATA[2020-06-09 16:39:50.454  INFO 3376 --- [    Test worker] .b.t.c.SpringBootTestContextBootstrapper : Neither @ContextConfiguration nor @ContextHierarchy found for test class [com.csci5308.groupme.GroupmeApplicationTests], using SpringBootContextLoader
2020-06-09 16:39:50.455  INFO 3376 --- [    Test worker] o.s.t.c.support.AbstractContextLoader    : Could not detect default resource locations for test class [com.csci5308.groupme.GroupmeApplicationTests]: no resource found for suffixes {-context.xml, Context.groovy}.
2020-06-09 16:39:50.455  INFO 3376 --- [    Test worker] t.c.s.AnnotationConfigContextLoaderUtils : Could not detect default configuration classes for test class [com.csci5308.groupme.GroupmeApplicationTests]: GroupmeApplicationTests does not declare any static, non-private, non-final, nested classes annotated with @Configuration.
2020-06-09 16:39:50.486  INFO 3376 --- [    Test worker] .b.t.c.SpringBootTestContextBootstrapper : Found @SpringBootConfiguration com.csci5308.groupme.GroupmeApplication for test class com.csci5308.groupme.GroupmeApplicationTests
2020-06-09 16:39:50.490  INFO 3376 --- [    Test worker] .b.t.c.SpringBootTestContextBootstrapper : Loaded default TestExecutionListener class names from location [META-INF/spring.factories]: [org.springframework.boot.test.autoconfigure.restdocs.RestDocsTestExecutionListener, org.springframework.boot.test.autoconfigure.web.client.MockRestServiceServerResetTestExecutionListener, org.springframework.boot.test.autoconfigure.web.servlet.MockMvcPrintOnlyOnFailureTestExecutionListener, org.springframework.boot.test.autoconfigure.web.servlet.WebDriverTestExecutionListener, org.springframework.boot.test.autoconfigure.webservices.client.MockWebServiceServerTestExecutionListener, org.springframework.boot.test.mock.mockito.MockitoTestExecutionListener, org.springframework.boot.test.mock.mockito.ResetMocksTestExecutionListener, org.springframework.security.test.context.support.WithSecurityContextTestExecutionListener, org.springframework.security.test.context.support.ReactorContextTestExecutionListener, org.springframework.test.context.web.ServletTestExecutionListener, org.springframework.test.context.support.DirtiesContextBeforeModesTestExecutionListener, org.springframework.test.context.support.DependencyInjectionTestExecutionListener, org.springframework.test.context.support.DirtiesContextTestExecutionListener, org.springframework.test.context.transaction.TransactionalTestExecutionListener, org.springframework.test.context.jdbc.SqlScriptsTestExecutionListener, org.springframework.test.context.event.EventPublishingTestExecutionListener]
2020-06-09 16:39:50.505  INFO 3376 --- [    Test worker] .b.t.c.SpringBootTestContextBootstrapper : Using TestExecutionListeners: [org.springframework.test.context.web.ServletTestExecutionListener@1e78a874, org.springframework.test.context.support.DirtiesContextBeforeModesTestExecutionListener@4bba8fdc, org.springframework.boot.test.mock.mockito.MockitoTestExecutionListener@2131faa7, org.springframework.boot.test.autoconfigure.SpringBootDependencyInjectionTestExecutionListener@28a821f7, org.springframework.test.context.support.DirtiesContextTestExecutionListener@73c8179e, org.springframework.security.test.context.support.WithSecurityContextTestExecutionListener@6c93b254, org.springframework.test.context.event.EventPublishingTestExecutionListener@42d989a3, org.springframework.security.test.context.support.ReactorContextTestExecutionListener@2b17bf96, org.springframework.boot.test.autoconfigure.restdocs.RestDocsTestExecutionListener@1850298d, org.springframework.boot.test.autoconfigure.web.client.MockRestServiceServerResetTestExecutionListener@692039c1, org.springframework.boot.test.autoconfigure.web.servlet.MockMvcPrintOnlyOnFailureTestExecutionListener@673a31d7, org.springframework.boot.test.autoconfigure.web.servlet.WebDriverTestExecutionListener@7147c9a9, org.springframework.boot.test.autoconfigure.webservices.client.MockWebServiceServerTestExecutionListener@68c29a4d, org.springframework.boot.test.mock.mockito.ResetMocksTestExecutionListener@4458a5]

  .   ____          _            __ _ _
 /\\ / ___'_ __ _ _(_)_ __  __ _ \ \ \ \
( ( )\___ | '_ | '_| | '_ \/ _` | \ \ \ \
 \\/  ___)| |_)| | | | | || (_| |  ) ) ) )
  '  |____| .__|_| |_|_| |_\__, | / / / /
 =========|_|==============|___/=/_/_/_/
 :: Spring Boot ::        (v2.3.0.RELEASE)

2020-06-09 16:39:50.595  INFO 3376 --- [    Test worker] c.c.groupme.GroupmeApplicationTests      : Starting GroupmeApplicationTests on Yashesh with PID 3376 (started by yashe in E:\DAL\group19)
2020-06-09 16:39:50.603  INFO 3376 --- [    Test worker] c.c.groupme.GroupmeApplicationTests      : No active profile set, falling back to default profiles: default
2020-06-09 16:39:51.407  INFO 3376 --- [    Test worker] o.s.s.web.DefaultSecurityFilterChain     : Creating filter chain: any request, [org.springframework.security.web.context.request.async.WebAsyncManagerIntegrationFilter@1367b839, org.springframework.security.web.context.SecurityContextPersistenceFilter@4224f4e1, org.springframework.security.web.header.HeaderWriterFilter@6646f1aa, org.springframework.security.web.authentication.logout.LogoutFilter@75e4578f, org.springframework.security.web.authentication.UsernamePasswordAuthenticationFilter@23d0dfaf, org.springframework.security.web.savedrequest.RequestCacheAwareFilter@49450890, org.springframework.security.web.servletapi.SecurityContextHolderAwareRequestFilter@18df6bb3, org.springframework.security.web.authentication.AnonymousAuthenticationFilter@4bf059dd, org.springframework.security.web.session.SessionManagementFilter@6facff3d, org.springframework.security.web.access.ExceptionTranslationFilter@555bd63b, org.springframework.security.web.access.intercept.FilterSecurityInterceptor@23f10d69]
2020-06-09 16:39:51.688  INFO 3376 --- [    Test worker] o.s.s.concurrent.ThreadPoolTaskExecutor  : Initializing ExecutorService 'applicationTaskExecutor'
2020-06-09 16:39:52.127  INFO 3376 --- [    Test worker] c.c.groupme.GroupmeApplicationTests      : Started GroupmeApplicationTests in 1.613 seconds (JVM running for 18.423)
]]></system-out>
  <system-err><![CDATA[]]></system-err>
</testsuite>
