<?xml version="1.0" encoding="UTF-8"?>
<testsuite name="com.csci5308.groupme.GroupmeApplicationTests" tests="1" skipped="0" failures="0" errors="0" timestamp="2020-07-14T05:17:37" hostname="YASHESH" time="0.004">
  <properties/>
  <testcase name="contextLoads()" classname="com.csci5308.groupme.GroupmeApplicationTests" time="0.004"/>
  <system-out><![CDATA[2020-07-14 02:17:36.468  INFO 24100 --- [    Test worker] .b.t.c.SpringBootTestContextBootstrapper : Neither @ContextConfiguration nor @ContextHierarchy found for test class [com.csci5308.groupme.GroupmeApplicationTests], using SpringBootContextLoader
2020-07-14 02:17:36.469  INFO 24100 --- [    Test worker] o.s.t.c.support.AbstractContextLoader    : Could not detect default resource locations for test class [com.csci5308.groupme.GroupmeApplicationTests]: no resource found for suffixes {-context.xml, Context.groovy}.
2020-07-14 02:17:36.470  INFO 24100 --- [    Test worker] t.c.s.AnnotationConfigContextLoaderUtils : Could not detect default configuration classes for test class [com.csci5308.groupme.GroupmeApplicationTests]: GroupmeApplicationTests does not declare any static, non-private, non-final, nested classes annotated with @Configuration.
2020-07-14 02:17:36.475  INFO 24100 --- [    Test worker] .b.t.c.SpringBootTestContextBootstrapper : Found @SpringBootConfiguration com.csci5308.groupme.GroupmeApplication for test class com.csci5308.groupme.GroupmeApplicationTests
2020-07-14 02:17:36.476  INFO 24100 --- [    Test worker] .b.t.c.SpringBootTestContextBootstrapper : Loaded default TestExecutionListener class names from location [META-INF/spring.factories]: [org.springframework.boot.test.autoconfigure.restdocs.RestDocsTestExecutionListener, org.springframework.boot.test.autoconfigure.web.client.MockRestServiceServerResetTestExecutionListener, org.springframework.boot.test.autoconfigure.web.servlet.MockMvcPrintOnlyOnFailureTestExecutionListener, org.springframework.boot.test.autoconfigure.web.servlet.WebDriverTestExecutionListener, org.springframework.boot.test.autoconfigure.webservices.client.MockWebServiceServerTestExecutionListener, org.springframework.boot.test.mock.mockito.MockitoTestExecutionListener, org.springframework.boot.test.mock.mockito.ResetMocksTestExecutionListener, org.springframework.security.test.context.support.WithSecurityContextTestExecutionListener, org.springframework.security.test.context.support.ReactorContextTestExecutionListener, org.springframework.test.context.web.ServletTestExecutionListener, org.springframework.test.context.support.DirtiesContextBeforeModesTestExecutionListener, org.springframework.test.context.support.DependencyInjectionTestExecutionListener, org.springframework.test.context.support.DirtiesContextTestExecutionListener, org.springframework.test.context.transaction.TransactionalTestExecutionListener, org.springframework.test.context.jdbc.SqlScriptsTestExecutionListener, org.springframework.test.context.event.EventPublishingTestExecutionListener]
2020-07-14 02:17:36.478  INFO 24100 --- [    Test worker] .b.t.c.SpringBootTestContextBootstrapper : Using TestExecutionListeners: [org.springframework.test.context.web.ServletTestExecutionListener@5143eb3b, org.springframework.test.context.support.DirtiesContextBeforeModesTestExecutionListener@3cfac9da, org.springframework.boot.test.mock.mockito.MockitoTestExecutionListener@de6671d, org.springframework.boot.test.autoconfigure.SpringBootDependencyInjectionTestExecutionListener@5667ef0d, org.springframework.test.context.support.DirtiesContextTestExecutionListener@18b3ccc9, org.springframework.security.test.context.support.WithSecurityContextTestExecutionListener@72ed721c, org.springframework.test.context.event.EventPublishingTestExecutionListener@4c8d2dd3, org.springframework.security.test.context.support.ReactorContextTestExecutionListener@25fbacc8, org.springframework.boot.test.autoconfigure.restdocs.RestDocsTestExecutionListener@2328e93a, org.springframework.boot.test.autoconfigure.web.client.MockRestServiceServerResetTestExecutionListener@3a4c12d1, org.springframework.boot.test.autoconfigure.web.servlet.MockMvcPrintOnlyOnFailureTestExecutionListener@1f0a53fe, org.springframework.boot.test.autoconfigure.web.servlet.WebDriverTestExecutionListener@67ef213b, org.springframework.boot.test.autoconfigure.webservices.client.MockWebServiceServerTestExecutionListener@36a75c5, org.springframework.boot.test.mock.mockito.ResetMocksTestExecutionListener@596a25e3]

  .   ____          _            __ _ _
 /\\ / ___'_ __ _ _(_)_ __  __ _ \ \ \ \
( ( )\___ | '_ | '_| | '_ \/ _` | \ \ \ \
 \\/  ___)| |_)| | | | | || (_| |  ) ) ) )
  '  |____| .__|_| |_|_| |_\__, | / / / /
 =========|_|==============|___/=/_/_/_/
 :: Spring Boot ::        (v2.3.0.RELEASE)

2020-07-14 02:17:36.572  INFO 24100 --- [    Test worker] c.c.groupme.GroupmeApplicationTests      : Starting GroupmeApplicationTests on Yashesh with PID 24100 (started by yashe in E:\DAL\SEM 3\ASDC\project\group19)
2020-07-14 02:17:36.572  INFO 24100 --- [    Test worker] c.c.groupme.GroupmeApplicationTests      : No active profile set, falling back to default profiles: default
2020-07-14 02:17:37.429  INFO 24100 --- [    Test worker] o.s.s.web.DefaultSecurityFilterChain     : Creating filter chain: any request, [org.springframework.security.web.context.request.async.WebAsyncManagerIntegrationFilter@4002fd88, org.springframework.security.web.context.SecurityContextPersistenceFilter@1a34375b, org.springframework.security.web.header.HeaderWriterFilter@1f9a227f, org.springframework.security.web.authentication.logout.LogoutFilter@3525f0c1, org.springframework.security.web.authentication.UsernamePasswordAuthenticationFilter@d09193f, org.springframework.security.web.savedrequest.RequestCacheAwareFilter@6c6ca939, org.springframework.security.web.servletapi.SecurityContextHolderAwareRequestFilter@416759d2, org.springframework.security.web.authentication.AnonymousAuthenticationFilter@65084797, org.springframework.security.web.session.SessionManagementFilter@30cd1d9d, org.springframework.security.web.access.ExceptionTranslationFilter@46761b07, org.springframework.security.web.access.intercept.FilterSecurityInterceptor@42e6aa3b]
2020-07-14 02:17:37.685  INFO 24100 --- [    Test worker] o.s.s.concurrent.ThreadPoolTaskExecutor  : Initializing ExecutorService 'applicationTaskExecutor'
2020-07-14 02:17:37.978  INFO 24100 --- [    Test worker] c.c.groupme.GroupmeApplicationTests      : Started GroupmeApplicationTests in 1.496 seconds (JVM running for 15.869)
]]></system-out>
  <system-err><![CDATA[]]></system-err>
</testsuite>
