<?xml version="1.0" encoding="UTF-8"?>
<testsuite name="com.csci5308.groupme.user.model.UserAuthDetailsTest" tests="1" skipped="0" failures="0" errors="0" timestamp="2020-07-12T05:38:09" hostname="YASHESH" time="0.005">
  <properties/>
  <testcase name="getAuthoritiesTest()" classname="com.csci5308.groupme.user.model.UserAuthDetailsTest" time="0.005"/>
  <system-out><![CDATA[2020-07-12 02:38:09.457  INFO 8920 --- [    Test worker] o.s.t.c.s.DefaultTestContextBootstrapper : Neither @ContextConfiguration nor @ContextHierarchy found for test class [com.csci5308.groupme.user.model.UserAuthDetailsTest], using DelegatingSmartContextLoader
2020-07-12 02:38:09.458  INFO 8920 --- [    Test worker] o.s.t.c.support.AbstractContextLoader    : Could not detect default resource locations for test class [com.csci5308.groupme.user.model.UserAuthDetailsTest]: no resource found for suffixes {-context.xml}.
2020-07-12 02:38:09.459  INFO 8920 --- [    Test worker] t.c.s.AnnotationConfigContextLoaderUtils : Could not detect default configuration classes for test class [com.csci5308.groupme.user.model.UserAuthDetailsTest]: UserAuthDetailsTest does not declare any static, non-private, non-final, nested classes annotated with @Configuration.
2020-07-12 02:38:09.461  INFO 8920 --- [    Test worker] o.s.t.c.s.DefaultTestContextBootstrapper : Loaded default TestExecutionListener class names from location [META-INF/spring.factories]: [org.springframework.boot.test.autoconfigure.restdocs.RestDocsTestExecutionListener, org.springframework.boot.test.autoconfigure.web.client.MockRestServiceServerResetTestExecutionListener, org.springframework.boot.test.autoconfigure.web.servlet.MockMvcPrintOnlyOnFailureTestExecutionListener, org.springframework.boot.test.autoconfigure.web.servlet.WebDriverTestExecutionListener, org.springframework.boot.test.autoconfigure.webservices.client.MockWebServiceServerTestExecutionListener, org.springframework.boot.test.mock.mockito.MockitoTestExecutionListener, org.springframework.boot.test.mock.mockito.ResetMocksTestExecutionListener, org.springframework.security.test.context.support.WithSecurityContextTestExecutionListener, org.springframework.security.test.context.support.ReactorContextTestExecutionListener, org.springframework.test.context.web.ServletTestExecutionListener, org.springframework.test.context.support.DirtiesContextBeforeModesTestExecutionListener, org.springframework.test.context.support.DependencyInjectionTestExecutionListener, org.springframework.test.context.support.DirtiesContextTestExecutionListener, org.springframework.test.context.transaction.TransactionalTestExecutionListener, org.springframework.test.context.jdbc.SqlScriptsTestExecutionListener, org.springframework.test.context.event.EventPublishingTestExecutionListener]
2020-07-12 02:38:09.471  INFO 8920 --- [    Test worker] o.s.t.c.s.DefaultTestContextBootstrapper : Using TestExecutionListeners: [org.springframework.test.context.web.ServletTestExecutionListener@40a8a16c, org.springframework.test.context.support.DirtiesContextBeforeModesTestExecutionListener@5aa5a470, org.springframework.boot.test.mock.mockito.MockitoTestExecutionListener@3ed155d1, org.springframework.test.context.support.DependencyInjectionTestExecutionListener@2a9536e7, org.springframework.test.context.support.DirtiesContextTestExecutionListener@2fb35118, org.springframework.security.test.context.support.WithSecurityContextTestExecutionListener@5842e6ba, org.springframework.test.context.event.EventPublishingTestExecutionListener@6c095fbe, org.springframework.security.test.context.support.ReactorContextTestExecutionListener@6fa86ed6, org.springframework.boot.test.autoconfigure.restdocs.RestDocsTestExecutionListener@5aa6c9aa, org.springframework.boot.test.autoconfigure.web.client.MockRestServiceServerResetTestExecutionListener@151e8372, org.springframework.boot.test.autoconfigure.web.servlet.MockMvcPrintOnlyOnFailureTestExecutionListener@334ccac0, org.springframework.boot.test.autoconfigure.web.servlet.WebDriverTestExecutionListener@1fbecca1, org.springframework.boot.test.autoconfigure.webservices.client.MockWebServiceServerTestExecutionListener@7339bd65, org.springframework.boot.test.mock.mockito.ResetMocksTestExecutionListener@125da563]
]]></system-out>
  <system-err><![CDATA[]]></system-err>
</testsuite>
