<?xml version="1.0" encoding="UTF-8"?>
<testsuite name="com.csci5308.groupme.admin.service.AdminServiceTest" tests="6" skipped="0" failures="0" errors="0" timestamp="2020-07-14T04:56:18" hostname="YASHESH" time="0.07">
  <properties/>
  <testcase name="courseNotFoundTest()" classname="com.csci5308.groupme.admin.service.AdminServiceTest" time="0.029"/>
  <testcase name="classAlreadyExistsTest()" classname="com.csci5308.groupme.admin.service.AdminServiceTest" time="0.007"/>
  <testcase name="assignInstructorToCourseTest()" classname="com.csci5308.groupme.admin.service.AdminServiceTest" time="0.006"/>
  <testcase name="dbIssueTest()" classname="com.csci5308.groupme.admin.service.AdminServiceTest" time="0.004"/>
  <testcase name="instructorNotFoundTest()" classname="com.csci5308.groupme.admin.service.AdminServiceTest" time="0.004"/>
  <testcase name="createAndAssignInstructorToCourseTest()" classname="com.csci5308.groupme.admin.service.AdminServiceTest" time="0.006"/>
  <system-out><![CDATA[2020-07-14 01:56:17.557  INFO 30468 --- [    Test worker] o.s.t.c.s.DefaultTestContextBootstrapper : Neither @ContextConfiguration nor @ContextHierarchy found for test class [com.csci5308.groupme.admin.service.AdminServiceTest], using DelegatingSmartContextLoader
2020-07-14 01:56:17.558  INFO 30468 --- [    Test worker] o.s.t.c.support.AbstractContextLoader    : Could not detect default resource locations for test class [com.csci5308.groupme.admin.service.AdminServiceTest]: no resource found for suffixes {-context.xml}.
2020-07-14 01:56:17.558  INFO 30468 --- [    Test worker] t.c.s.AnnotationConfigContextLoaderUtils : Could not detect default configuration classes for test class [com.csci5308.groupme.admin.service.AdminServiceTest]: AdminServiceTest does not declare any static, non-private, non-final, nested classes annotated with @Configuration.
2020-07-14 01:56:17.561  INFO 30468 --- [    Test worker] o.s.t.c.s.DefaultTestContextBootstrapper : Loaded default TestExecutionListener class names from location [META-INF/spring.factories]: [org.springframework.boot.test.autoconfigure.restdocs.RestDocsTestExecutionListener, org.springframework.boot.test.autoconfigure.web.client.MockRestServiceServerResetTestExecutionListener, org.springframework.boot.test.autoconfigure.web.servlet.MockMvcPrintOnlyOnFailureTestExecutionListener, org.springframework.boot.test.autoconfigure.web.servlet.WebDriverTestExecutionListener, org.springframework.boot.test.autoconfigure.webservices.client.MockWebServiceServerTestExecutionListener, org.springframework.boot.test.mock.mockito.MockitoTestExecutionListener, org.springframework.boot.test.mock.mockito.ResetMocksTestExecutionListener, org.springframework.security.test.context.support.WithSecurityContextTestExecutionListener, org.springframework.security.test.context.support.ReactorContextTestExecutionListener, org.springframework.test.context.web.ServletTestExecutionListener, org.springframework.test.context.support.DirtiesContextBeforeModesTestExecutionListener, org.springframework.test.context.support.DependencyInjectionTestExecutionListener, org.springframework.test.context.support.DirtiesContextTestExecutionListener, org.springframework.test.context.transaction.TransactionalTestExecutionListener, org.springframework.test.context.jdbc.SqlScriptsTestExecutionListener, org.springframework.test.context.event.EventPublishingTestExecutionListener]
2020-07-14 01:56:17.566  INFO 30468 --- [    Test worker] o.s.t.c.s.DefaultTestContextBootstrapper : Using TestExecutionListeners: [org.springframework.test.context.web.ServletTestExecutionListener@6aaee4ed, org.springframework.test.context.support.DirtiesContextBeforeModesTestExecutionListener@41f1a47c, org.springframework.boot.test.mock.mockito.MockitoTestExecutionListener@18bdb848, org.springframework.test.context.support.DependencyInjectionTestExecutionListener@2419f679, org.springframework.test.context.support.DirtiesContextTestExecutionListener@390de79b, org.springframework.security.test.context.support.WithSecurityContextTestExecutionListener@75937682, org.springframework.test.context.event.EventPublishingTestExecutionListener@19ff80, org.springframework.security.test.context.support.ReactorContextTestExecutionListener@6bd87bc4, org.springframework.boot.test.autoconfigure.restdocs.RestDocsTestExecutionListener@3dbf681b, org.springframework.boot.test.autoconfigure.web.client.MockRestServiceServerResetTestExecutionListener@53763e48, org.springframework.boot.test.autoconfigure.web.servlet.MockMvcPrintOnlyOnFailureTestExecutionListener@1cdc2e59, org.springframework.boot.test.autoconfigure.web.servlet.WebDriverTestExecutionListener@34f2705d, org.springframework.boot.test.autoconfigure.webservices.client.MockWebServiceServerTestExecutionListener@724b3968, org.springframework.boot.test.mock.mockito.ResetMocksTestExecutionListener@102dcd17]
2020-07-14 01:56:18.136  INFO 30468 --- [    Test worker] c.c.g.c.c.i.s.InstructorServiceImpl      : Status -8
2020-07-14 01:56:18.147  INFO 30468 --- [    Test worker] c.c.g.c.c.i.s.InstructorServiceImpl      : Status 1
2020-07-14 01:56:18.156  INFO 30468 --- [    Test worker] c.c.g.c.c.i.s.InstructorServiceImpl      : Status 0
2020-07-14 01:56:18.169  INFO 30468 --- [    Test worker] c.c.g.c.c.i.s.InstructorServiceImpl      : Status 1
]]></system-out>
  <system-err><![CDATA[]]></system-err>
</testsuite>
