<?xml version="1.0" encoding="UTF-8"?>
<testsuite name="com.csci5308.groupme.user.model.UserAuthDetailsTest" tests="1" skipped="0" failures="0" errors="0" timestamp="2020-07-01T01:02:50" hostname="YASHESH" time="0.007">
  <properties/>
  <testcase name="getAuthoritiesTest()" classname="com.csci5308.groupme.user.model.UserAuthDetailsTest" time="0.007"/>
  <system-out><![CDATA[2020-06-30 22:02:50.372  INFO 20788 --- [    Test worker] o.s.t.c.s.DefaultTestContextBootstrapper : Neither @ContextConfiguration nor @ContextHierarchy found for test class [com.csci5308.groupme.user.model.UserAuthDetailsTest], using DelegatingSmartContextLoader
2020-06-30 22:02:50.372  INFO 20788 --- [    Test worker] o.s.t.c.support.AbstractContextLoader    : Could not detect default resource locations for test class [com.csci5308.groupme.user.model.UserAuthDetailsTest]: no resource found for suffixes {-context.xml}.
2020-06-30 22:02:50.373  INFO 20788 --- [    Test worker] t.c.s.AnnotationConfigContextLoaderUtils : Could not detect default configuration classes for test class [com.csci5308.groupme.user.model.UserAuthDetailsTest]: UserAuthDetailsTest does not declare any static, non-private, non-final, nested classes annotated with @Configuration.
2020-06-30 22:02:50.374  INFO 20788 --- [    Test worker] o.s.t.c.s.DefaultTestContextBootstrapper : Loaded default TestExecutionListener class names from location [META-INF/spring.factories]: [org.springframework.boot.test.autoconfigure.restdocs.RestDocsTestExecutionListener, org.springframework.boot.test.autoconfigure.web.client.MockRestServiceServerResetTestExecutionListener, org.springframework.boot.test.autoconfigure.web.servlet.MockMvcPrintOnlyOnFailureTestExecutionListener, org.springframework.boot.test.autoconfigure.web.servlet.WebDriverTestExecutionListener, org.springframework.boot.test.autoconfigure.webservices.client.MockWebServiceServerTestExecutionListener, org.springframework.boot.test.mock.mockito.MockitoTestExecutionListener, org.springframework.boot.test.mock.mockito.ResetMocksTestExecutionListener, org.springframework.security.test.context.support.WithSecurityContextTestExecutionListener, org.springframework.security.test.context.support.ReactorContextTestExecutionListener, org.springframework.test.context.web.ServletTestExecutionListener, org.springframework.test.context.support.DirtiesContextBeforeModesTestExecutionListener, org.springframework.test.context.support.DependencyInjectionTestExecutionListener, org.springframework.test.context.support.DirtiesContextTestExecutionListener, org.springframework.test.context.transaction.TransactionalTestExecutionListener, org.springframework.test.context.jdbc.SqlScriptsTestExecutionListener, org.springframework.test.context.event.EventPublishingTestExecutionListener]
2020-06-30 22:02:50.376  INFO 20788 --- [    Test worker] o.s.t.c.s.DefaultTestContextBootstrapper : Using TestExecutionListeners: [org.springframework.test.context.web.ServletTestExecutionListener@101245f9, org.springframework.test.context.support.DirtiesContextBeforeModesTestExecutionListener@6b884945, org.springframework.boot.test.mock.mockito.MockitoTestExecutionListener@71ce0c96, org.springframework.test.context.support.DependencyInjectionTestExecutionListener@30c51bb1, org.springframework.test.context.support.DirtiesContextTestExecutionListener@32faaddd, org.springframework.security.test.context.support.WithSecurityContextTestExecutionListener@1b1108a6, org.springframework.test.context.event.EventPublishingTestExecutionListener@1aba1dee, org.springframework.security.test.context.support.ReactorContextTestExecutionListener@2ba959b, org.springframework.boot.test.autoconfigure.restdocs.RestDocsTestExecutionListener@65c94454, org.springframework.boot.test.autoconfigure.web.client.MockRestServiceServerResetTestExecutionListener@760e3473, org.springframework.boot.test.autoconfigure.web.servlet.MockMvcPrintOnlyOnFailureTestExecutionListener@3c910231, org.springframework.boot.test.autoconfigure.web.servlet.WebDriverTestExecutionListener@6a514e75, org.springframework.boot.test.autoconfigure.webservices.client.MockWebServiceServerTestExecutionListener@45154c8f, org.springframework.boot.test.mock.mockito.ResetMocksTestExecutionListener@42bf55f2]
]]></system-out>
  <system-err><![CDATA[]]></system-err>
</testsuite>
