<?xml version="1.0" encoding="UTF-8"?>
<testsuite name="com.csci5308.groupme.GroupmeApplicationTests" tests="1" skipped="0" failures="0" errors="0" timestamp="2020-06-05T00:42:23" hostname="YASHESH" time="0.004">
  <properties/>
  <testcase name="contextLoads()" classname="com.csci5308.groupme.GroupmeApplicationTests" time="0.004"/>
  <system-out><![CDATA[2020-06-04 21:42:20.686  INFO 25544 --- [    Test worker] .b.t.c.SpringBootTestContextBootstrapper : Neither @ContextConfiguration nor @ContextHierarchy found for test class [com.csci5308.groupme.GroupmeApplicationTests], using SpringBootContextLoader
2020-06-04 21:42:20.687  INFO 25544 --- [    Test worker] o.s.t.c.support.AbstractContextLoader    : Could not detect default resource locations for test class [com.csci5308.groupme.GroupmeApplicationTests]: no resource found for suffixes {-context.xml, Context.groovy}.
2020-06-04 21:42:20.688  INFO 25544 --- [    Test worker] t.c.s.AnnotationConfigContextLoaderUtils : Could not detect default configuration classes for test class [com.csci5308.groupme.GroupmeApplicationTests]: GroupmeApplicationTests does not declare any static, non-private, non-final, nested classes annotated with @Configuration.
2020-06-04 21:42:20.710  INFO 25544 --- [    Test worker] .b.t.c.SpringBootTestContextBootstrapper : Found @SpringBootConfiguration com.csci5308.groupme.GroupmeApplication for test class com.csci5308.groupme.GroupmeApplicationTests
2020-06-04 21:42:20.716  INFO 25544 --- [    Test worker] .b.t.c.SpringBootTestContextBootstrapper : Loaded default TestExecutionListener class names from location [META-INF/spring.factories]: [org.springframework.boot.test.autoconfigure.restdocs.RestDocsTestExecutionListener, org.springframework.boot.test.autoconfigure.web.client.MockRestServiceServerResetTestExecutionListener, org.springframework.boot.test.autoconfigure.web.servlet.MockMvcPrintOnlyOnFailureTestExecutionListener, org.springframework.boot.test.autoconfigure.web.servlet.WebDriverTestExecutionListener, org.springframework.boot.test.autoconfigure.webservices.client.MockWebServiceServerTestExecutionListener, org.springframework.boot.test.mock.mockito.MockitoTestExecutionListener, org.springframework.boot.test.mock.mockito.ResetMocksTestExecutionListener, org.springframework.security.test.context.support.WithSecurityContextTestExecutionListener, org.springframework.security.test.context.support.ReactorContextTestExecutionListener, org.springframework.test.context.web.ServletTestExecutionListener, org.springframework.test.context.support.DirtiesContextBeforeModesTestExecutionListener, org.springframework.test.context.support.DependencyInjectionTestExecutionListener, org.springframework.test.context.support.DirtiesContextTestExecutionListener, org.springframework.test.context.transaction.TransactionalTestExecutionListener, org.springframework.test.context.jdbc.SqlScriptsTestExecutionListener, org.springframework.test.context.event.EventPublishingTestExecutionListener]
2020-06-04 21:42:20.719  INFO 25544 --- [    Test worker] .b.t.c.SpringBootTestContextBootstrapper : Using TestExecutionListeners: [org.springframework.test.context.web.ServletTestExecutionListener@1d60928b, org.springframework.test.context.support.DirtiesContextBeforeModesTestExecutionListener@13d9a06f, org.springframework.boot.test.mock.mockito.MockitoTestExecutionListener@6c890e37, org.springframework.boot.test.autoconfigure.SpringBootDependencyInjectionTestExecutionListener@29975bca, org.springframework.test.context.support.DirtiesContextTestExecutionListener@307a70b9, org.springframework.security.test.context.support.WithSecurityContextTestExecutionListener@6efe6401, org.springframework.test.context.event.EventPublishingTestExecutionListener@4a22375f, org.springframework.security.test.context.support.ReactorContextTestExecutionListener@59786cda, org.springframework.boot.test.autoconfigure.restdocs.RestDocsTestExecutionListener@3ae430f4, org.springframework.boot.test.autoconfigure.web.client.MockRestServiceServerResetTestExecutionListener@272795c5, org.springframework.boot.test.autoconfigure.web.servlet.MockMvcPrintOnlyOnFailureTestExecutionListener@7c64d6b1, org.springframework.boot.test.autoconfigure.web.servlet.WebDriverTestExecutionListener@66607b5b, org.springframework.boot.test.autoconfigure.webservices.client.MockWebServiceServerTestExecutionListener@7d9884f3, org.springframework.boot.test.mock.mockito.ResetMocksTestExecutionListener@668aaf38]

  .   ____          _            __ _ _
 /\\ / ___'_ __ _ _(_)_ __  __ _ \ \ \ \
( ( )\___ | '_ | '_| | '_ \/ _` | \ \ \ \
 \\/  ___)| |_)| | | | | || (_| |  ) ) ) )
  '  |____| .__|_| |_|_| |_\__, | / / / /
 =========|_|==============|___/=/_/_/_/
 :: Spring Boot ::        (v2.3.0.RELEASE)

2020-06-04 21:42:20.797  INFO 25544 --- [    Test worker] c.c.groupme.GroupmeApplicationTests      : Starting GroupmeApplicationTests on Yashesh with PID 25544 (started by yashe in E:\DAL\group19)
2020-06-04 21:42:20.801  INFO 25544 --- [    Test worker] c.c.groupme.GroupmeApplicationTests      : No active profile set, falling back to default profiles: default
2020-06-04 21:42:21.939  INFO 25544 --- [    Test worker] o.s.s.web.DefaultSecurityFilterChain     : Creating filter chain: any request, [org.springframework.security.web.context.request.async.WebAsyncManagerIntegrationFilter@5b9272d1, org.springframework.security.web.context.SecurityContextPersistenceFilter@6e47b41c, org.springframework.security.web.header.HeaderWriterFilter@1d041fce, org.springframework.security.web.authentication.logout.LogoutFilter@77f2593c, org.springframework.security.web.authentication.UsernamePasswordAuthenticationFilter@5688aa92, org.springframework.security.web.savedrequest.RequestCacheAwareFilter@4bc3b7b8, org.springframework.security.web.servletapi.SecurityContextHolderAwareRequestFilter@76842b61, org.springframework.security.web.authentication.AnonymousAuthenticationFilter@3d8f385b, org.springframework.security.web.session.SessionManagementFilter@35ccfb86, org.springframework.security.web.access.ExceptionTranslationFilter@581fb7c3, org.springframework.security.web.access.intercept.FilterSecurityInterceptor@41f8b0ea]
2020-06-04 21:42:22.303  INFO 25544 --- [    Test worker] o.s.s.concurrent.ThreadPoolTaskExecutor  : Initializing ExecutorService 'applicationTaskExecutor'
2020-06-04 21:42:23.178  INFO 25544 --- [    Test worker] c.c.groupme.GroupmeApplicationTests      : Started GroupmeApplicationTests in 2.457 seconds (JVM running for 12.011)
]]></system-out>
  <system-err><![CDATA[]]></system-err>
</testsuite>
