<?xml version="1.0" encoding="UTF-8"?>
<testsuite name="com.csci5308.groupme.GroupmeApplicationTests" tests="1" skipped="0" failures="0" errors="0" timestamp="2020-07-12T05:38:09" hostname="YASHESH" time="0.008">
  <properties/>
  <testcase name="contextLoads()" classname="com.csci5308.groupme.GroupmeApplicationTests" time="0.008"/>
  <system-out><![CDATA[2020-07-12 02:38:06.505  INFO 8920 --- [    Test worker] .b.t.c.SpringBootTestContextBootstrapper : Neither @ContextConfiguration nor @ContextHierarchy found for test class [com.csci5308.groupme.GroupmeApplicationTests], using SpringBootContextLoader
2020-07-12 02:38:06.506  INFO 8920 --- [    Test worker] o.s.t.c.support.AbstractContextLoader    : Could not detect default resource locations for test class [com.csci5308.groupme.GroupmeApplicationTests]: no resource found for suffixes {-context.xml, Context.groovy}.
2020-07-12 02:38:06.507  INFO 8920 --- [    Test worker] t.c.s.AnnotationConfigContextLoaderUtils : Could not detect default configuration classes for test class [com.csci5308.groupme.GroupmeApplicationTests]: GroupmeApplicationTests does not declare any static, non-private, non-final, nested classes annotated with @Configuration.
2020-07-12 02:38:06.541  INFO 8920 --- [    Test worker] .b.t.c.SpringBootTestContextBootstrapper : Found @SpringBootConfiguration com.csci5308.groupme.GroupmeApplication for test class com.csci5308.groupme.GroupmeApplicationTests
2020-07-12 02:38:06.546  INFO 8920 --- [    Test worker] .b.t.c.SpringBootTestContextBootstrapper : Loaded default TestExecutionListener class names from location [META-INF/spring.factories]: [org.springframework.boot.test.autoconfigure.restdocs.RestDocsTestExecutionListener, org.springframework.boot.test.autoconfigure.web.client.MockRestServiceServerResetTestExecutionListener, org.springframework.boot.test.autoconfigure.web.servlet.MockMvcPrintOnlyOnFailureTestExecutionListener, org.springframework.boot.test.autoconfigure.web.servlet.WebDriverTestExecutionListener, org.springframework.boot.test.autoconfigure.webservices.client.MockWebServiceServerTestExecutionListener, org.springframework.boot.test.mock.mockito.MockitoTestExecutionListener, org.springframework.boot.test.mock.mockito.ResetMocksTestExecutionListener, org.springframework.security.test.context.support.WithSecurityContextTestExecutionListener, org.springframework.security.test.context.support.ReactorContextTestExecutionListener, org.springframework.test.context.web.ServletTestExecutionListener, org.springframework.test.context.support.DirtiesContextBeforeModesTestExecutionListener, org.springframework.test.context.support.DependencyInjectionTestExecutionListener, org.springframework.test.context.support.DirtiesContextTestExecutionListener, org.springframework.test.context.transaction.TransactionalTestExecutionListener, org.springframework.test.context.jdbc.SqlScriptsTestExecutionListener, org.springframework.test.context.event.EventPublishingTestExecutionListener]
2020-07-12 02:38:06.557  INFO 8920 --- [    Test worker] .b.t.c.SpringBootTestContextBootstrapper : Using TestExecutionListeners: [org.springframework.test.context.web.ServletTestExecutionListener@3e978895, org.springframework.test.context.support.DirtiesContextBeforeModesTestExecutionListener@2833e2d8, org.springframework.boot.test.mock.mockito.MockitoTestExecutionListener@523d42b8, org.springframework.boot.test.autoconfigure.SpringBootDependencyInjectionTestExecutionListener@1ea891fc, org.springframework.test.context.support.DirtiesContextTestExecutionListener@1cf9619c, org.springframework.security.test.context.support.WithSecurityContextTestExecutionListener@2b6b75f9, org.springframework.test.context.event.EventPublishingTestExecutionListener@13fbdaae, org.springframework.security.test.context.support.ReactorContextTestExecutionListener@49869e5c, org.springframework.boot.test.autoconfigure.restdocs.RestDocsTestExecutionListener@1e24f371, org.springframework.boot.test.autoconfigure.web.client.MockRestServiceServerResetTestExecutionListener@6e9099f1, org.springframework.boot.test.autoconfigure.web.servlet.MockMvcPrintOnlyOnFailureTestExecutionListener@23f30027, org.springframework.boot.test.autoconfigure.web.servlet.WebDriverTestExecutionListener@5e7a1e7b, org.springframework.boot.test.autoconfigure.webservices.client.MockWebServiceServerTestExecutionListener@677cd1be, org.springframework.boot.test.mock.mockito.ResetMocksTestExecutionListener@d4983b1]

  .   ____          _            __ _ _
 /\\ / ___'_ __ _ _(_)_ __  __ _ \ \ \ \
( ( )\___ | '_ | '_| | '_ \/ _` | \ \ \ \
 \\/  ___)| |_)| | | | | || (_| |  ) ) ) )
  '  |____| .__|_| |_|_| |_\__, | / / / /
 =========|_|==============|___/=/_/_/_/
 :: Spring Boot ::        (v2.3.0.RELEASE)

2020-07-12 02:38:06.655  INFO 8920 --- [    Test worker] c.c.groupme.GroupmeApplicationTests      : Starting GroupmeApplicationTests on Yashesh with PID 8920 (started by yashe in E:\DAL\SEM 3\ASDC\project\group19)
2020-07-12 02:38:06.656  INFO 8920 --- [    Test worker] c.c.groupme.GroupmeApplicationTests      : No active profile set, falling back to default profiles: default
2020-07-12 02:38:08.125  INFO 8920 --- [    Test worker] o.s.s.web.DefaultSecurityFilterChain     : Creating filter chain: any request, [org.springframework.security.web.context.request.async.WebAsyncManagerIntegrationFilter@c6441f0, org.springframework.security.web.context.SecurityContextPersistenceFilter@38161716, org.springframework.security.web.header.HeaderWriterFilter@48fa83c2, org.springframework.security.web.authentication.logout.LogoutFilter@51846f55, org.springframework.security.web.authentication.UsernamePasswordAuthenticationFilter@758c86e6, org.springframework.security.web.savedrequest.RequestCacheAwareFilter@3338a585, org.springframework.security.web.servletapi.SecurityContextHolderAwareRequestFilter@2fc0c4b3, org.springframework.security.web.authentication.AnonymousAuthenticationFilter@3f3f489f, org.springframework.security.web.session.SessionManagementFilter@7b91a0b3, org.springframework.security.web.access.ExceptionTranslationFilter@23650811, org.springframework.security.web.access.intercept.FilterSecurityInterceptor@1b7abcb0]
2020-07-12 02:38:08.530  INFO 8920 --- [    Test worker] o.s.s.concurrent.ThreadPoolTaskExecutor  : Initializing ExecutorService 'applicationTaskExecutor'
2020-07-12 02:38:09.031  INFO 8920 --- [    Test worker] c.c.groupme.GroupmeApplicationTests      : Started GroupmeApplicationTests in 2.461 seconds (JVM running for 20.818)
]]></system-out>
  <system-err><![CDATA[]]></system-err>
</testsuite>
