<?xml version="1.0" encoding="UTF-8"?>
<testsuite name="com.csci5308.groupme.student.controller.StudentControllerTest" tests="1" skipped="0" failures="0" errors="0" timestamp="2020-06-05T00:42:24" hostname="YASHESH" time="0.572">
  <properties/>
  <testcase name="showStudentHomePageTest()" classname="com.csci5308.groupme.student.controller.StudentControllerTest" time="0.572"/>
  <system-out><![CDATA[2020-06-04 21:42:24.746  INFO 25544 --- [    Test worker] .b.t.c.SpringBootTestContextBootstrapper : Neither @ContextConfiguration nor @ContextHierarchy found for test class [com.csci5308.groupme.student.controller.StudentControllerTest], using SpringBootContextLoader
2020-06-04 21:42:24.747  INFO 25544 --- [    Test worker] o.s.t.c.support.AbstractContextLoader    : Could not detect default resource locations for test class [com.csci5308.groupme.student.controller.StudentControllerTest]: no resource found for suffixes {-context.xml, Context.groovy}.
2020-06-04 21:42:24.747  INFO 25544 --- [    Test worker] t.c.s.AnnotationConfigContextLoaderUtils : Could not detect default configuration classes for test class [com.csci5308.groupme.student.controller.StudentControllerTest]: StudentControllerTest does not declare any static, non-private, non-final, nested classes annotated with @Configuration.
2020-06-04 21:42:24.756  INFO 25544 --- [    Test worker] .b.t.c.SpringBootTestContextBootstrapper : Found @SpringBootConfiguration com.csci5308.groupme.GroupmeApplication for test class com.csci5308.groupme.student.controller.StudentControllerTest
2020-06-04 21:42:24.758  INFO 25544 --- [    Test worker] .b.t.c.SpringBootTestContextBootstrapper : Loaded default TestExecutionListener class names from location [META-INF/spring.factories]: [org.springframework.boot.test.autoconfigure.restdocs.RestDocsTestExecutionListener, org.springframework.boot.test.autoconfigure.web.client.MockRestServiceServerResetTestExecutionListener, org.springframework.boot.test.autoconfigure.web.servlet.MockMvcPrintOnlyOnFailureTestExecutionListener, org.springframework.boot.test.autoconfigure.web.servlet.WebDriverTestExecutionListener, org.springframework.boot.test.autoconfigure.webservices.client.MockWebServiceServerTestExecutionListener, org.springframework.boot.test.mock.mockito.MockitoTestExecutionListener, org.springframework.boot.test.mock.mockito.ResetMocksTestExecutionListener, org.springframework.security.test.context.support.WithSecurityContextTestExecutionListener, org.springframework.security.test.context.support.ReactorContextTestExecutionListener, org.springframework.test.context.web.ServletTestExecutionListener, org.springframework.test.context.support.DirtiesContextBeforeModesTestExecutionListener, org.springframework.test.context.support.DependencyInjectionTestExecutionListener, org.springframework.test.context.support.DirtiesContextTestExecutionListener, org.springframework.test.context.transaction.TransactionalTestExecutionListener, org.springframework.test.context.jdbc.SqlScriptsTestExecutionListener, org.springframework.test.context.event.EventPublishingTestExecutionListener]
2020-06-04 21:42:24.760  INFO 25544 --- [    Test worker] .b.t.c.SpringBootTestContextBootstrapper : Using TestExecutionListeners: [org.springframework.test.context.web.ServletTestExecutionListener@13940daa, org.springframework.test.context.support.DirtiesContextBeforeModesTestExecutionListener@3b01e1ed, org.springframework.boot.test.mock.mockito.MockitoTestExecutionListener@7ce19b9d, org.springframework.boot.test.autoconfigure.SpringBootDependencyInjectionTestExecutionListener@77311b42, org.springframework.test.context.support.DirtiesContextTestExecutionListener@447bb153, org.springframework.security.test.context.support.WithSecurityContextTestExecutionListener@70c12eb8, org.springframework.test.context.event.EventPublishingTestExecutionListener@8c6e4e, org.springframework.security.test.context.support.ReactorContextTestExecutionListener@7f988e16, org.springframework.boot.test.autoconfigure.restdocs.RestDocsTestExecutionListener@6670499f, org.springframework.boot.test.autoconfigure.web.client.MockRestServiceServerResetTestExecutionListener@1fbd0f07, org.springframework.boot.test.autoconfigure.web.servlet.MockMvcPrintOnlyOnFailureTestExecutionListener@7c20fca0, org.springframework.boot.test.autoconfigure.web.servlet.WebDriverTestExecutionListener@47f3350c, org.springframework.boot.test.autoconfigure.webservices.client.MockWebServiceServerTestExecutionListener@23aba0dc, org.springframework.boot.test.mock.mockito.ResetMocksTestExecutionListener@54194699]
2020-06-04 21:42:24.772  INFO 25544 --- [    Test worker] c.c.groupme.course.dao.CourseDAOImpl     : Connecting to the selected database...
2020-06-04 21:42:24.872  INFO 25544 --- [    Test worker] c.c.groupme.course.dao.CourseDAOImpl     : Connected to the database successfully...
2020-06-04 21:42:25.010  INFO 25544 --- [    Test worker] c.c.groupme.course.dao.CourseDAOImpl     : Connection to database Closed...
2020-06-04 21:42:25.130  INFO 25544 --- [    Test worker] c.c.groupme.course.dao.CourseDAOImpl     : Connection to database Closed...
2020-06-04 21:42:25.216  INFO 25544 --- [    Test worker] c.c.groupme.course.dao.CourseDAOImpl     : Connection to database Closed...
2020-06-04 21:42:25.305  INFO 25544 --- [    Test worker] c.c.groupme.course.dao.CourseDAOImpl     : Connection to database Closed...
2020-06-04 21:42:25.306  INFO 25544 --- [    Test worker] c.c.groupme.course.dao.CourseDAOImpl     : Connection to database Closed...

MockHttpServletRequest:
      HTTP Method = GET
      Request URI = /studenthomepage
       Parameters = {}
          Headers = []
             Body = null
    Session Attrs = {SPRING_SECURITY_CONTEXT=org.springframework.security.core.context.SecurityContextImpl@d4208d54: Authentication: org.springframework.security.authentication.UsernamePasswordAuthenticationToken@d4208d54: Principal: org.springframework.security.core.userdetails.User@bade5475: Username: testuser2; Password: [PROTECTED]; Enabled: true; AccountNonExpired: true; credentialsNonExpired: true; AccountNonLocked: true; Granted Authorities: ROLE_STUDENT; Credentials: [PROTECTED]; Authenticated: true; Details: null; Granted Authorities: ROLE_STUDENT}

Handler:
             Type = com.csci5308.groupme.student.controller.StudentController
           Method = com.csci5308.groupme.student.controller.StudentController#showStudentHomePage(boolean, boolean, boolean, Principal)

Async:
    Async started = false
     Async result = null

Resolved Exception:
             Type = null

ModelAndView:
        View name = studenthomepage
             View = null
        Attribute = studentCourseDetails
            value = [com.csci5308.groupme.course.model.Course@7d63454c, com.csci5308.groupme.course.model.Course@315de4cf, com.csci5308.groupme.course.model.Course@502f235a, com.csci5308.groupme.course.model.Course@4cd01b2d]
        Attribute = isTA
            value = false

FlashMap:
       Attributes = null

MockHttpServletResponse:
           Status = 200
    Error message = null
          Headers = [Content-Language:"en", Content-Type:"text/html;charset=UTF-8", X-Content-Type-Options:"nosniff", X-XSS-Protection:"1; mode=block", Cache-Control:"no-cache, no-store, max-age=0, must-revalidate", Pragma:"no-cache", Expires:"0", X-Frame-Options:"DENY"]
     Content type = text/html;charset=UTF-8
             Body = <!DOCTYPE html>
<html>
<head>
    <meta charset="UTF-8">
    <title>Student Home Page</title>
    <link href="https://maxcdn.bootstrapcdn.com/bootstrap/4.0.0-beta/css/bootstrap.min.css" rel="stylesheet"
		integrity="sha384-/Y6pD6FV/Vv2HJnA6t+vslU6fwYXjCFtcEpHbNJ0lyAFsXTsjBbfaDjzALeQsN6M" crossorigin="anonymous">
	<link href="https://getbootstrap.com/docs/4.0/examples/signin/signin.css" rel="stylesheet" crossorigin="anonymous">
	<link rel="stylesheet" href="/css/theme.css" />
    <script>
        var isTA = "false";

        function showCourseAdminButton() {
            if (isTA === "true") {
                document.getElementById('courseAdminButton').style.display = "block";
            }
        }


    </script>
</head>
<body onload="showCourseAdminButton()">

<!--  <div class="topnav">
    <a class="active" href="#home-loggedin">GroupMe</a>
    <form class="pull-right" id="home-loggedin" method="post" th:action="@{/logout}">
        <button type="submit">Logout</button>
    </form>
</div> -->

	<div class="topnav">
		<a href="/">GroupMe</a> 
		<a style="float: right" href="logout">Logout</a>
		<a style="float: right" class="active" href="#account">Account</a> 
	</div>

<div style="text-align: center; margin: 0 auto; padding-top:10px">
    <h2>Details of Course</h2>
    <div id="courseAdminButton" style="text-align: center; display: none;">
        <form action="/TAcoursepage">
            <button style = "background-color: gray;box-shadow: 0 8px 16px 0 rgba(0,0,0,0.2), 0 6px 20px 0 rgba(0,0,0,0.19);"type="submit">Course Admin Page</button>
        </form>
    </div>
    <form name="form" method="GET">

        <table class = "center" border = "1">
            <thead>
            <tr>
                <th>Course Code</th>
                <th colspan="2">Course Name</th>
                <th>Link</th>
            </tr>
            </thead>
            <tbody>
            <tr>
                <td>csci0003</td>
                <td colspan ="2">data management</td>
                <td>
                    <a href="/coursepage?courseCode=csci0003&amp;courseName=data%20management">
                        Go To Course
                    </a>
                </td>
            </tr>
            <tr>
                <td>csci0010</td>
                <td colspan ="2">web</td>
                <td>
                    <a href="/coursepage?courseCode=csci0010&amp;courseName=web">
                        Go To Course
                    </a>
                </td>
            </tr>
            <tr>
                <td>csci0014</td>
                <td colspan ="2">cloud</td>
                <td>
                    <a href="/coursepage?courseCode=csci0014&amp;courseName=cloud">
                        Go To Course
                    </a>
                </td>
            </tr>
            <tr>
                <td>csci0002</td>
                <td colspan ="2">mobile computing</td>
                <td>
                    <a href="/coursepage?courseCode=csci0002&amp;courseName=mobile%20computing">
                        Go To Course
                    </a>
                </td>
            </tr>
            </tbody>
        </table>
        
    </form>
</div>
</body>
</html>
    Forwarded URL = null
   Redirected URL = null
          Cookies = []
]]></system-out>
  <system-err><![CDATA[]]></system-err>
</testsuite>
