<?xml version="1.0" encoding="UTF-8"?>
<testsuite name="com.csci5308.groupme.admin.service.AdminServiceTest" tests="6" skipped="0" failures="0" errors="0" timestamp="2020-07-01T01:02:47" hostname="YASHESH" time="0.082">
  <properties/>
  <testcase name="courseNotFoundTest()" classname="com.csci5308.groupme.admin.service.AdminServiceTest" time="0.023"/>
  <testcase name="classAlreadyExistsTest()" classname="com.csci5308.groupme.admin.service.AdminServiceTest" time="0.006"/>
  <testcase name="assignInstructorToCourseTest()" classname="com.csci5308.groupme.admin.service.AdminServiceTest" time="0.004"/>
  <testcase name="dbIssueTest()" classname="com.csci5308.groupme.admin.service.AdminServiceTest" time="0.006"/>
  <testcase name="instructorNotFoundTest()" classname="com.csci5308.groupme.admin.service.AdminServiceTest" time="0.006"/>
  <testcase name="createAndAssignInstructorToCourseTest()" classname="com.csci5308.groupme.admin.service.AdminServiceTest" time="0.02"/>
  <system-out><![CDATA[2020-06-30 22:02:47.092  INFO 20788 --- [    Test worker] o.s.t.c.s.DefaultTestContextBootstrapper : Neither @ContextConfiguration nor @ContextHierarchy found for test class [com.csci5308.groupme.admin.service.AdminServiceTest], using DelegatingSmartContextLoader
2020-06-30 22:02:47.093  INFO 20788 --- [    Test worker] o.s.t.c.support.AbstractContextLoader    : Could not detect default resource locations for test class [com.csci5308.groupme.admin.service.AdminServiceTest]: no resource found for suffixes {-context.xml}.
2020-06-30 22:02:47.094  INFO 20788 --- [    Test worker] t.c.s.AnnotationConfigContextLoaderUtils : Could not detect default configuration classes for test class [com.csci5308.groupme.admin.service.AdminServiceTest]: AdminServiceTest does not declare any static, non-private, non-final, nested classes annotated with @Configuration.
2020-06-30 22:02:47.096  INFO 20788 --- [    Test worker] o.s.t.c.s.DefaultTestContextBootstrapper : Loaded default TestExecutionListener class names from location [META-INF/spring.factories]: [org.springframework.boot.test.autoconfigure.restdocs.RestDocsTestExecutionListener, org.springframework.boot.test.autoconfigure.web.client.MockRestServiceServerResetTestExecutionListener, org.springframework.boot.test.autoconfigure.web.servlet.MockMvcPrintOnlyOnFailureTestExecutionListener, org.springframework.boot.test.autoconfigure.web.servlet.WebDriverTestExecutionListener, org.springframework.boot.test.autoconfigure.webservices.client.MockWebServiceServerTestExecutionListener, org.springframework.boot.test.mock.mockito.MockitoTestExecutionListener, org.springframework.boot.test.mock.mockito.ResetMocksTestExecutionListener, org.springframework.security.test.context.support.WithSecurityContextTestExecutionListener, org.springframework.security.test.context.support.ReactorContextTestExecutionListener, org.springframework.test.context.web.ServletTestExecutionListener, org.springframework.test.context.support.DirtiesContextBeforeModesTestExecutionListener, org.springframework.test.context.support.DependencyInjectionTestExecutionListener, org.springframework.test.context.support.DirtiesContextTestExecutionListener, org.springframework.test.context.transaction.TransactionalTestExecutionListener, org.springframework.test.context.jdbc.SqlScriptsTestExecutionListener, org.springframework.test.context.event.EventPublishingTestExecutionListener]
2020-06-30 22:02:47.099  INFO 20788 --- [    Test worker] o.s.t.c.s.DefaultTestContextBootstrapper : Using TestExecutionListeners: [org.springframework.test.context.web.ServletTestExecutionListener@4ce1565e, org.springframework.test.context.support.DirtiesContextBeforeModesTestExecutionListener@320b035, org.springframework.boot.test.mock.mockito.MockitoTestExecutionListener@7f15d974, org.springframework.test.context.support.DependencyInjectionTestExecutionListener@4dc378e9, org.springframework.test.context.support.DirtiesContextTestExecutionListener@b5684a9, org.springframework.security.test.context.support.WithSecurityContextTestExecutionListener@df12cee, org.springframework.test.context.event.EventPublishingTestExecutionListener@5c7e9a5d, org.springframework.security.test.context.support.ReactorContextTestExecutionListener@a2cb50b, org.springframework.boot.test.autoconfigure.restdocs.RestDocsTestExecutionListener@35601b2b, org.springframework.boot.test.autoconfigure.web.client.MockRestServiceServerResetTestExecutionListener@31f2c735, org.springframework.boot.test.autoconfigure.web.servlet.MockMvcPrintOnlyOnFailureTestExecutionListener@19760f24, org.springframework.boot.test.autoconfigure.web.servlet.WebDriverTestExecutionListener@761d75ec, org.springframework.boot.test.autoconfigure.webservices.client.MockWebServiceServerTestExecutionListener@43118147, org.springframework.boot.test.mock.mockito.ResetMocksTestExecutionListener@64fd3d7f]
2020-06-30 22:02:47.722  INFO 20788 --- [    Test worker] c.c.g.c.i.service.InstructorServiceImpl  : Status -8
2020-06-30 22:02:47.731  INFO 20788 --- [    Test worker] c.c.g.c.i.service.InstructorServiceImpl  : Status 1
2020-06-30 22:02:47.739  INFO 20788 --- [    Test worker] c.c.g.c.i.service.InstructorServiceImpl  : Status 0
2020-06-30 22:02:47.774  INFO 20788 --- [    Test worker] c.c.g.c.i.service.InstructorServiceImpl  : Status 1
]]></system-out>
  <system-err><![CDATA[]]></system-err>
</testsuite>
