<?xml version="1.0" encoding="UTF-8"?>
<testsuite name="com.csci5308.groupme.course.service.CourseServiceImplTest" tests="7" skipped="0" failures="0" errors="0" timestamp="2020-06-16T21:35:38" hostname="YASHESH" time="0.046">
  <properties/>
  <testcase name="getCoursesByUserNameAndRoleTest()" classname="com.csci5308.groupme.course.service.CourseServiceImplTest" time="0.006"/>
  <testcase name="noCourseToDeleteTest()" classname="com.csci5308.groupme.course.service.CourseServiceImplTest" time="0.005"/>
  <testcase name="findAllCoursesTest()" classname="com.csci5308.groupme.course.service.CourseServiceImplTest" time="0.01"/>
  <testcase name="findCoursesByStudentUserNameTest()" classname="com.csci5308.groupme.course.service.CourseServiceImplTest" time="0.004"/>
  <testcase name="saveCourseTest()" classname="com.csci5308.groupme.course.service.CourseServiceImplTest" time="0.003"/>
  <testcase name="deleteCourseTest()" classname="com.csci5308.groupme.course.service.CourseServiceImplTest" time="0.003"/>
  <testcase name="courseExistsTest()" classname="com.csci5308.groupme.course.service.CourseServiceImplTest" time="0.003"/>
  <system-out><![CDATA[2020-06-16 18:35:38.027  INFO 20368 --- [    Test worker] o.s.t.c.s.DefaultTestContextBootstrapper : Neither @ContextConfiguration nor @ContextHierarchy found for test class [com.csci5308.groupme.course.service.CourseServiceImplTest], using DelegatingSmartContextLoader
2020-06-16 18:35:38.028  INFO 20368 --- [    Test worker] o.s.t.c.support.AbstractContextLoader    : Could not detect default resource locations for test class [com.csci5308.groupme.course.service.CourseServiceImplTest]: no resource found for suffixes {-context.xml}.
2020-06-16 18:35:38.028  INFO 20368 --- [    Test worker] t.c.s.AnnotationConfigContextLoaderUtils : Could not detect default configuration classes for test class [com.csci5308.groupme.course.service.CourseServiceImplTest]: CourseServiceImplTest does not declare any static, non-private, non-final, nested classes annotated with @Configuration.
2020-06-16 18:35:38.030  INFO 20368 --- [    Test worker] o.s.t.c.s.DefaultTestContextBootstrapper : Loaded default TestExecutionListener class names from location [META-INF/spring.factories]: [org.springframework.boot.test.autoconfigure.restdocs.RestDocsTestExecutionListener, org.springframework.boot.test.autoconfigure.web.client.MockRestServiceServerResetTestExecutionListener, org.springframework.boot.test.autoconfigure.web.servlet.MockMvcPrintOnlyOnFailureTestExecutionListener, org.springframework.boot.test.autoconfigure.web.servlet.WebDriverTestExecutionListener, org.springframework.boot.test.autoconfigure.webservices.client.MockWebServiceServerTestExecutionListener, org.springframework.boot.test.mock.mockito.MockitoTestExecutionListener, org.springframework.boot.test.mock.mockito.ResetMocksTestExecutionListener, org.springframework.security.test.context.support.WithSecurityContextTestExecutionListener, org.springframework.security.test.context.support.ReactorContextTestExecutionListener, org.springframework.test.context.web.ServletTestExecutionListener, org.springframework.test.context.support.DirtiesContextBeforeModesTestExecutionListener, org.springframework.test.context.support.DependencyInjectionTestExecutionListener, org.springframework.test.context.support.DirtiesContextTestExecutionListener, org.springframework.test.context.transaction.TransactionalTestExecutionListener, org.springframework.test.context.jdbc.SqlScriptsTestExecutionListener, org.springframework.test.context.event.EventPublishingTestExecutionListener]
2020-06-16 18:35:38.032  INFO 20368 --- [    Test worker] o.s.t.c.s.DefaultTestContextBootstrapper : Using TestExecutionListeners: [org.springframework.test.context.web.ServletTestExecutionListener@49b28204, org.springframework.test.context.support.DirtiesContextBeforeModesTestExecutionListener@795f60c6, org.springframework.boot.test.mock.mockito.MockitoTestExecutionListener@772e22e, org.springframework.test.context.support.DependencyInjectionTestExecutionListener@41ab8e0b, org.springframework.test.context.support.DirtiesContextTestExecutionListener@1c549698, org.springframework.security.test.context.support.WithSecurityContextTestExecutionListener@1e8f8c84, org.springframework.test.context.event.EventPublishingTestExecutionListener@efc7ee9, org.springframework.security.test.context.support.ReactorContextTestExecutionListener@13ba72eb, org.springframework.boot.test.autoconfigure.restdocs.RestDocsTestExecutionListener@2b62d652, org.springframework.boot.test.autoconfigure.web.client.MockRestServiceServerResetTestExecutionListener@49eb8416, org.springframework.boot.test.autoconfigure.web.servlet.MockMvcPrintOnlyOnFailureTestExecutionListener@240da0f4, org.springframework.boot.test.autoconfigure.web.servlet.WebDriverTestExecutionListener@6460a3b4, org.springframework.boot.test.autoconfigure.webservices.client.MockWebServiceServerTestExecutionListener@590d392c, org.springframework.boot.test.mock.mockito.ResetMocksTestExecutionListener@4c53dd2f]
]]></system-out>
  <system-err><![CDATA[]]></system-err>
</testsuite>
