<?xml version="1.0" encoding="UTF-8"?>
<testsuite name="com.csci5308.groupme.teaching_assistant.service.TeachingAssistantServiceTest" tests="1" skipped="0" failures="0" errors="0" timestamp="2020-06-18T05:52:22" hostname="YASHESH" time="0.003">
  <properties/>
  <testcase name="findByTAEmailIdTest()" classname="com.csci5308.groupme.teaching_assistant.service.TeachingAssistantServiceTest" time="0.003"/>
  <system-out><![CDATA[2020-06-18 02:52:22.082  INFO 17904 --- [    Test worker] o.s.t.c.s.DefaultTestContextBootstrapper : Neither @ContextConfiguration nor @ContextHierarchy found for test class [com.csci5308.groupme.teaching_assistant.service.TeachingAssistantServiceTest], using DelegatingSmartContextLoader
2020-06-18 02:52:22.082  INFO 17904 --- [    Test worker] o.s.t.c.support.AbstractContextLoader    : Could not detect default resource locations for test class [com.csci5308.groupme.teaching_assistant.service.TeachingAssistantServiceTest]: no resource found for suffixes {-context.xml}.
2020-06-18 02:52:22.082  INFO 17904 --- [    Test worker] t.c.s.AnnotationConfigContextLoaderUtils : Could not detect default configuration classes for test class [com.csci5308.groupme.teaching_assistant.service.TeachingAssistantServiceTest]: TeachingAssistantServiceTest does not declare any static, non-private, non-final, nested classes annotated with @Configuration.
2020-06-18 02:52:22.084  INFO 17904 --- [    Test worker] o.s.t.c.s.DefaultTestContextBootstrapper : Loaded default TestExecutionListener class names from location [META-INF/spring.factories]: [org.springframework.boot.test.autoconfigure.restdocs.RestDocsTestExecutionListener, org.springframework.boot.test.autoconfigure.web.client.MockRestServiceServerResetTestExecutionListener, org.springframework.boot.test.autoconfigure.web.servlet.MockMvcPrintOnlyOnFailureTestExecutionListener, org.springframework.boot.test.autoconfigure.web.servlet.WebDriverTestExecutionListener, org.springframework.boot.test.autoconfigure.webservices.client.MockWebServiceServerTestExecutionListener, org.springframework.boot.test.mock.mockito.MockitoTestExecutionListener, org.springframework.boot.test.mock.mockito.ResetMocksTestExecutionListener, org.springframework.security.test.context.support.WithSecurityContextTestExecutionListener, org.springframework.security.test.context.support.ReactorContextTestExecutionListener, org.springframework.test.context.web.ServletTestExecutionListener, org.springframework.test.context.support.DirtiesContextBeforeModesTestExecutionListener, org.springframework.test.context.support.DependencyInjectionTestExecutionListener, org.springframework.test.context.support.DirtiesContextTestExecutionListener, org.springframework.test.context.transaction.TransactionalTestExecutionListener, org.springframework.test.context.jdbc.SqlScriptsTestExecutionListener, org.springframework.test.context.event.EventPublishingTestExecutionListener]
2020-06-18 02:52:22.086  INFO 17904 --- [    Test worker] o.s.t.c.s.DefaultTestContextBootstrapper : Using TestExecutionListeners: [org.springframework.test.context.web.ServletTestExecutionListener@2f4ca2ee, org.springframework.test.context.support.DirtiesContextBeforeModesTestExecutionListener@6994cce6, org.springframework.boot.test.mock.mockito.MockitoTestExecutionListener@464b1c56, org.springframework.test.context.support.DependencyInjectionTestExecutionListener@3bc4e59f, org.springframework.test.context.support.DirtiesContextTestExecutionListener@71556bdb, org.springframework.security.test.context.support.WithSecurityContextTestExecutionListener@3ee97aeb, org.springframework.test.context.event.EventPublishingTestExecutionListener@205e68cc, org.springframework.security.test.context.support.ReactorContextTestExecutionListener@3caa8945, org.springframework.boot.test.autoconfigure.restdocs.RestDocsTestExecutionListener@66fb26b8, org.springframework.boot.test.autoconfigure.web.client.MockRestServiceServerResetTestExecutionListener@133026ae, org.springframework.boot.test.autoconfigure.web.servlet.MockMvcPrintOnlyOnFailureTestExecutionListener@407b340c, org.springframework.boot.test.autoconfigure.web.servlet.WebDriverTestExecutionListener@28737de7, org.springframework.boot.test.autoconfigure.webservices.client.MockWebServiceServerTestExecutionListener@178240b7, org.springframework.boot.test.mock.mockito.ResetMocksTestExecutionListener@51501bf]
]]></system-out>
  <system-err><![CDATA[]]></system-err>
</testsuite>
