<?xml version="1.0" encoding="UTF-8"?>
<testsuite name="com.csci5308.groupme.student.model.StudentTest" tests="4" skipped="0" failures="0" errors="0" timestamp="2020-06-05T00:42:25" hostname="YASHESH" time="0.002">
  <properties/>
  <testcase name="getUserNameTest()" classname="com.csci5308.groupme.student.model.StudentTest" time="0.0"/>
  <testcase name="setBannerIDTest()" classname="com.csci5308.groupme.student.model.StudentTest" time="0.0"/>
  <testcase name="setUserNameTest()" classname="com.csci5308.groupme.student.model.StudentTest" time="0.0"/>
  <testcase name="getBannerIDTest()" classname="com.csci5308.groupme.student.model.StudentTest" time="0.0"/>
  <system-out><![CDATA[]]></system-out>
  <system-err><![CDATA[]]></system-err>
</testsuite>
