<?xml version="1.0" encoding="UTF-8"?>
<testsuite name="com.csci5308.groupme.teaching_assistant.model.TeachingAssistantTest" tests="8" skipped="0" failures="0" errors="0" timestamp="2020-06-16T21:35:40" hostname="YASHESH" time="0.043">
  <properties/>
  <testcase name="getFirstNameTest()" classname="com.csci5308.groupme.teaching_assistant.model.TeachingAssistantTest" time="0.01"/>
  <testcase name="setLastNameTest()" classname="com.csci5308.groupme.teaching_assistant.model.TeachingAssistantTest" time="0.003"/>
  <testcase name="getUserNameTest()" classname="com.csci5308.groupme.teaching_assistant.model.TeachingAssistantTest" time="0.003"/>
  <testcase name="setUserNameTest()" classname="com.csci5308.groupme.teaching_assistant.model.TeachingAssistantTest" time="0.004"/>
  <testcase name="defaultConstructorTest()" classname="com.csci5308.groupme.teaching_assistant.model.TeachingAssistantTest" time="0.004"/>
  <testcase name="setFirstNameTest()" classname="com.csci5308.groupme.teaching_assistant.model.TeachingAssistantTest" time="0.003"/>
  <testcase name="getLastNameTest()" classname="com.csci5308.groupme.teaching_assistant.model.TeachingAssistantTest" time="0.004"/>
  <testcase name="constructorWithValuesTest()" classname="com.csci5308.groupme.teaching_assistant.model.TeachingAssistantTest" time="0.004"/>
  <system-out><![CDATA[2020-06-16 18:35:40.636  INFO 20368 --- [    Test worker] o.s.t.c.s.DefaultTestContextBootstrapper : Neither @ContextConfiguration nor @ContextHierarchy found for test class [com.csci5308.groupme.teaching_assistant.model.TeachingAssistantTest], using DelegatingSmartContextLoader
2020-06-16 18:35:40.637  INFO 20368 --- [    Test worker] o.s.t.c.support.AbstractContextLoader    : Could not detect default resource locations for test class [com.csci5308.groupme.teaching_assistant.model.TeachingAssistantTest]: no resource found for suffixes {-context.xml}.
2020-06-16 18:35:40.637  INFO 20368 --- [    Test worker] t.c.s.AnnotationConfigContextLoaderUtils : Could not detect default configuration classes for test class [com.csci5308.groupme.teaching_assistant.model.TeachingAssistantTest]: TeachingAssistantTest does not declare any static, non-private, non-final, nested classes annotated with @Configuration.
2020-06-16 18:35:40.642  INFO 20368 --- [    Test worker] o.s.t.c.s.DefaultTestContextBootstrapper : Loaded default TestExecutionListener class names from location [META-INF/spring.factories]: [org.springframework.boot.test.autoconfigure.restdocs.RestDocsTestExecutionListener, org.springframework.boot.test.autoconfigure.web.client.MockRestServiceServerResetTestExecutionListener, org.springframework.boot.test.autoconfigure.web.servlet.MockMvcPrintOnlyOnFailureTestExecutionListener, org.springframework.boot.test.autoconfigure.web.servlet.WebDriverTestExecutionListener, org.springframework.boot.test.autoconfigure.webservices.client.MockWebServiceServerTestExecutionListener, org.springframework.boot.test.mock.mockito.MockitoTestExecutionListener, org.springframework.boot.test.mock.mockito.ResetMocksTestExecutionListener, org.springframework.security.test.context.support.WithSecurityContextTestExecutionListener, org.springframework.security.test.context.support.ReactorContextTestExecutionListener, org.springframework.test.context.web.ServletTestExecutionListener, org.springframework.test.context.support.DirtiesContextBeforeModesTestExecutionListener, org.springframework.test.context.support.DependencyInjectionTestExecutionListener, org.springframework.test.context.support.DirtiesContextTestExecutionListener, org.springframework.test.context.transaction.TransactionalTestExecutionListener, org.springframework.test.context.jdbc.SqlScriptsTestExecutionListener, org.springframework.test.context.event.EventPublishingTestExecutionListener]
2020-06-16 18:35:40.645  INFO 20368 --- [    Test worker] o.s.t.c.s.DefaultTestContextBootstrapper : Using TestExecutionListeners: [org.springframework.test.context.web.ServletTestExecutionListener@4326b5d0, org.springframework.test.context.support.DirtiesContextBeforeModesTestExecutionListener@6fb6f1a7, org.springframework.boot.test.mock.mockito.MockitoTestExecutionListener@35cb2151, org.springframework.test.context.support.DependencyInjectionTestExecutionListener@5d4dfb9e, org.springframework.test.context.support.DirtiesContextTestExecutionListener@2bb34dd2, org.springframework.security.test.context.support.WithSecurityContextTestExecutionListener@7350baca, org.springframework.test.context.event.EventPublishingTestExecutionListener@1f7dcc58, org.springframework.security.test.context.support.ReactorContextTestExecutionListener@2dde5522, org.springframework.boot.test.autoconfigure.restdocs.RestDocsTestExecutionListener@1cb25096, org.springframework.boot.test.autoconfigure.web.client.MockRestServiceServerResetTestExecutionListener@6a422f20, org.springframework.boot.test.autoconfigure.web.servlet.MockMvcPrintOnlyOnFailureTestExecutionListener@1bac213c, org.springframework.boot.test.autoconfigure.web.servlet.WebDriverTestExecutionListener@4404102e, org.springframework.boot.test.autoconfigure.webservices.client.MockWebServiceServerTestExecutionListener@4a3cded8, org.springframework.boot.test.mock.mockito.ResetMocksTestExecutionListener@31fcd390]
]]></system-out>
  <system-err><![CDATA[]]></system-err>
</testsuite>
