<?xml version="1.0" encoding="UTF-8"?>
<testsuite name="com.csci5308.groupme.instructor.service.InstructorServiceImplTest" tests="3" skipped="0" failures="0" errors="0" timestamp="2020-06-18T05:52:21" hostname="YASHESH" time="0.04">
  <properties/>
  <testcase name="createInstructorTest()" classname="com.csci5308.groupme.instructor.service.InstructorServiceImplTest" time="0.022"/>
  <testcase name="getByEmail()" classname="com.csci5308.groupme.instructor.service.InstructorServiceImplTest" time="0.006"/>
  <testcase name="getByUserName()" classname="com.csci5308.groupme.instructor.service.InstructorServiceImplTest" time="0.004"/>
  <system-out><![CDATA[2020-06-18 02:52:21.147  INFO 17904 --- [    Test worker] o.s.t.c.s.DefaultTestContextBootstrapper : Neither @ContextConfiguration nor @ContextHierarchy found for test class [com.csci5308.groupme.instructor.service.InstructorServiceImplTest], using DelegatingSmartContextLoader
2020-06-18 02:52:21.148  INFO 17904 --- [    Test worker] o.s.t.c.support.AbstractContextLoader    : Could not detect default resource locations for test class [com.csci5308.groupme.instructor.service.InstructorServiceImplTest]: no resource found for suffixes {-context.xml}.
2020-06-18 02:52:21.148  INFO 17904 --- [    Test worker] t.c.s.AnnotationConfigContextLoaderUtils : Could not detect default configuration classes for test class [com.csci5308.groupme.instructor.service.InstructorServiceImplTest]: InstructorServiceImplTest does not declare any static, non-private, non-final, nested classes annotated with @Configuration.
2020-06-18 02:52:21.150  INFO 17904 --- [    Test worker] o.s.t.c.s.DefaultTestContextBootstrapper : Loaded default TestExecutionListener class names from location [META-INF/spring.factories]: [org.springframework.boot.test.autoconfigure.restdocs.RestDocsTestExecutionListener, org.springframework.boot.test.autoconfigure.web.client.MockRestServiceServerResetTestExecutionListener, org.springframework.boot.test.autoconfigure.web.servlet.MockMvcPrintOnlyOnFailureTestExecutionListener, org.springframework.boot.test.autoconfigure.web.servlet.WebDriverTestExecutionListener, org.springframework.boot.test.autoconfigure.webservices.client.MockWebServiceServerTestExecutionListener, org.springframework.boot.test.mock.mockito.MockitoTestExecutionListener, org.springframework.boot.test.mock.mockito.ResetMocksTestExecutionListener, org.springframework.security.test.context.support.WithSecurityContextTestExecutionListener, org.springframework.security.test.context.support.ReactorContextTestExecutionListener, org.springframework.test.context.web.ServletTestExecutionListener, org.springframework.test.context.support.DirtiesContextBeforeModesTestExecutionListener, org.springframework.test.context.support.DependencyInjectionTestExecutionListener, org.springframework.test.context.support.DirtiesContextTestExecutionListener, org.springframework.test.context.transaction.TransactionalTestExecutionListener, org.springframework.test.context.jdbc.SqlScriptsTestExecutionListener, org.springframework.test.context.event.EventPublishingTestExecutionListener]
2020-06-18 02:52:21.153  INFO 17904 --- [    Test worker] o.s.t.c.s.DefaultTestContextBootstrapper : Using TestExecutionListeners: [org.springframework.test.context.web.ServletTestExecutionListener@242d882a, org.springframework.test.context.support.DirtiesContextBeforeModesTestExecutionListener@6109cb48, org.springframework.boot.test.mock.mockito.MockitoTestExecutionListener@d4f983, org.springframework.test.context.support.DependencyInjectionTestExecutionListener@57e11438, org.springframework.test.context.support.DirtiesContextTestExecutionListener@1f45ba36, org.springframework.security.test.context.support.WithSecurityContextTestExecutionListener@3039611d, org.springframework.test.context.event.EventPublishingTestExecutionListener@17869e78, org.springframework.security.test.context.support.ReactorContextTestExecutionListener@48191864, org.springframework.boot.test.autoconfigure.restdocs.RestDocsTestExecutionListener@7abf8f5b, org.springframework.boot.test.autoconfigure.web.client.MockRestServiceServerResetTestExecutionListener@1753898, org.springframework.boot.test.autoconfigure.web.servlet.MockMvcPrintOnlyOnFailureTestExecutionListener@22a30390, org.springframework.boot.test.autoconfigure.web.servlet.WebDriverTestExecutionListener@22f9e598, org.springframework.boot.test.autoconfigure.webservices.client.MockWebServiceServerTestExecutionListener@24ba63cb, org.springframework.boot.test.mock.mockito.ResetMocksTestExecutionListener@c232e3c]
]]></system-out>
  <system-err><![CDATA[]]></system-err>
</testsuite>
