<?xml version="1.0" encoding="UTF-8"?>
<testsuite name="com.csci5308.groupme.teaching_assistant.model.TeachingAssistantTest" tests="8" skipped="0" failures="0" errors="0" timestamp="2020-06-14T21:36:30" hostname="YASHESH" time="0.028">
  <properties/>
  <testcase name="getFirstNameTest()" classname="com.csci5308.groupme.teaching_assistant.model.TeachingAssistantTest" time="0.002"/>
  <testcase name="setLastNameTest()" classname="com.csci5308.groupme.teaching_assistant.model.TeachingAssistantTest" time="0.002"/>
  <testcase name="getUserNameTest()" classname="com.csci5308.groupme.teaching_assistant.model.TeachingAssistantTest" time="0.003"/>
  <testcase name="setUserNameTest()" classname="com.csci5308.groupme.teaching_assistant.model.TeachingAssistantTest" time="0.003"/>
  <testcase name="defaultConstructorTest()" classname="com.csci5308.groupme.teaching_assistant.model.TeachingAssistantTest" time="0.003"/>
  <testcase name="setFirstNameTest()" classname="com.csci5308.groupme.teaching_assistant.model.TeachingAssistantTest" time="0.003"/>
  <testcase name="getLastNameTest()" classname="com.csci5308.groupme.teaching_assistant.model.TeachingAssistantTest" time="0.002"/>
  <testcase name="constructorWithValuesTest()" classname="com.csci5308.groupme.teaching_assistant.model.TeachingAssistantTest" time="0.003"/>
  <system-out><![CDATA[2020-06-14 18:36:30.646  INFO 19372 --- [    Test worker] o.s.t.c.s.DefaultTestContextBootstrapper : Neither @ContextConfiguration nor @ContextHierarchy found for test class [com.csci5308.groupme.teaching_assistant.model.TeachingAssistantTest], using DelegatingSmartContextLoader
2020-06-14 18:36:30.647  INFO 19372 --- [    Test worker] o.s.t.c.support.AbstractContextLoader    : Could not detect default resource locations for test class [com.csci5308.groupme.teaching_assistant.model.TeachingAssistantTest]: no resource found for suffixes {-context.xml}.
2020-06-14 18:36:30.647  INFO 19372 --- [    Test worker] t.c.s.AnnotationConfigContextLoaderUtils : Could not detect default configuration classes for test class [com.csci5308.groupme.teaching_assistant.model.TeachingAssistantTest]: TeachingAssistantTest does not declare any static, non-private, non-final, nested classes annotated with @Configuration.
2020-06-14 18:36:30.648  INFO 19372 --- [    Test worker] o.s.t.c.s.DefaultTestContextBootstrapper : Loaded default TestExecutionListener class names from location [META-INF/spring.factories]: [org.springframework.boot.test.autoconfigure.restdocs.RestDocsTestExecutionListener, org.springframework.boot.test.autoconfigure.web.client.MockRestServiceServerResetTestExecutionListener, org.springframework.boot.test.autoconfigure.web.servlet.MockMvcPrintOnlyOnFailureTestExecutionListener, org.springframework.boot.test.autoconfigure.web.servlet.WebDriverTestExecutionListener, org.springframework.boot.test.autoconfigure.webservices.client.MockWebServiceServerTestExecutionListener, org.springframework.boot.test.mock.mockito.MockitoTestExecutionListener, org.springframework.boot.test.mock.mockito.ResetMocksTestExecutionListener, org.springframework.security.test.context.support.WithSecurityContextTestExecutionListener, org.springframework.security.test.context.support.ReactorContextTestExecutionListener, org.springframework.test.context.web.ServletTestExecutionListener, org.springframework.test.context.support.DirtiesContextBeforeModesTestExecutionListener, org.springframework.test.context.support.DependencyInjectionTestExecutionListener, org.springframework.test.context.support.DirtiesContextTestExecutionListener, org.springframework.test.context.transaction.TransactionalTestExecutionListener, org.springframework.test.context.jdbc.SqlScriptsTestExecutionListener, org.springframework.test.context.event.EventPublishingTestExecutionListener]
2020-06-14 18:36:30.650  INFO 19372 --- [    Test worker] o.s.t.c.s.DefaultTestContextBootstrapper : Using TestExecutionListeners: [org.springframework.test.context.web.ServletTestExecutionListener@3438f1be, org.springframework.test.context.support.DirtiesContextBeforeModesTestExecutionListener@443cd75, org.springframework.boot.test.mock.mockito.MockitoTestExecutionListener@7b4d8d88, org.springframework.test.context.support.DependencyInjectionTestExecutionListener@457cd07e, org.springframework.test.context.support.DirtiesContextTestExecutionListener@363a6c6e, org.springframework.security.test.context.support.WithSecurityContextTestExecutionListener@2c0837b9, org.springframework.test.context.event.EventPublishingTestExecutionListener@3bbece7d, org.springframework.security.test.context.support.ReactorContextTestExecutionListener@18e21654, org.springframework.boot.test.autoconfigure.restdocs.RestDocsTestExecutionListener@7dde403a, org.springframework.boot.test.autoconfigure.web.client.MockRestServiceServerResetTestExecutionListener@108615c7, org.springframework.boot.test.autoconfigure.web.servlet.MockMvcPrintOnlyOnFailureTestExecutionListener@5d86fc8c, org.springframework.boot.test.autoconfigure.web.servlet.WebDriverTestExecutionListener@555e01de, org.springframework.boot.test.autoconfigure.webservices.client.MockWebServiceServerTestExecutionListener@5a8e44df, org.springframework.boot.test.mock.mockito.ResetMocksTestExecutionListener@7a864a64]
]]></system-out>
  <system-err><![CDATA[]]></system-err>
</testsuite>
