<?xml version="1.0" encoding="UTF-8"?>
<testsuite name="com.csci5308.groupme.course.service.CourseServiceImplTest" tests="7" skipped="0" failures="0" errors="0" timestamp="2020-06-05T00:42:20" hostname="YASHESH" time="0.045">
  <properties/>
  <testcase name="noCourseToDeleteTest()" classname="com.csci5308.groupme.course.service.CourseServiceImplTest" time="0.009"/>
  <testcase name="getCoursesByUserNameAndRole()" classname="com.csci5308.groupme.course.service.CourseServiceImplTest" time="0.004"/>
  <testcase name="findAllCoursesTest()" classname="com.csci5308.groupme.course.service.CourseServiceImplTest" time="0.002"/>
  <testcase name="saveCourseTest()" classname="com.csci5308.groupme.course.service.CourseServiceImplTest" time="0.004"/>
  <testcase name="deleteCourseTest()" classname="com.csci5308.groupme.course.service.CourseServiceImplTest" time="0.004"/>
  <testcase name="courseExistsTest()" classname="com.csci5308.groupme.course.service.CourseServiceImplTest" time="0.005"/>
  <testcase name="findCoursesByStudentUserName()" classname="com.csci5308.groupme.course.service.CourseServiceImplTest" time="0.006"/>
  <system-out><![CDATA[2020-06-04 21:42:20.576  INFO 25544 --- [    Test worker] o.s.t.c.s.DefaultTestContextBootstrapper : Neither @ContextConfiguration nor @ContextHierarchy found for test class [com.csci5308.groupme.course.service.CourseServiceImplTest], using DelegatingSmartContextLoader
2020-06-04 21:42:20.577  INFO 25544 --- [    Test worker] o.s.t.c.support.AbstractContextLoader    : Could not detect default resource locations for test class [com.csci5308.groupme.course.service.CourseServiceImplTest]: no resource found for suffixes {-context.xml}.
2020-06-04 21:42:20.577  INFO 25544 --- [    Test worker] t.c.s.AnnotationConfigContextLoaderUtils : Could not detect default configuration classes for test class [com.csci5308.groupme.course.service.CourseServiceImplTest]: CourseServiceImplTest does not declare any static, non-private, non-final, nested classes annotated with @Configuration.
2020-06-04 21:42:20.579  INFO 25544 --- [    Test worker] o.s.t.c.s.DefaultTestContextBootstrapper : Loaded default TestExecutionListener class names from location [META-INF/spring.factories]: [org.springframework.boot.test.autoconfigure.restdocs.RestDocsTestExecutionListener, org.springframework.boot.test.autoconfigure.web.client.MockRestServiceServerResetTestExecutionListener, org.springframework.boot.test.autoconfigure.web.servlet.MockMvcPrintOnlyOnFailureTestExecutionListener, org.springframework.boot.test.autoconfigure.web.servlet.WebDriverTestExecutionListener, org.springframework.boot.test.autoconfigure.webservices.client.MockWebServiceServerTestExecutionListener, org.springframework.boot.test.mock.mockito.MockitoTestExecutionListener, org.springframework.boot.test.mock.mockito.ResetMocksTestExecutionListener, org.springframework.security.test.context.support.WithSecurityContextTestExecutionListener, org.springframework.security.test.context.support.ReactorContextTestExecutionListener, org.springframework.test.context.web.ServletTestExecutionListener, org.springframework.test.context.support.DirtiesContextBeforeModesTestExecutionListener, org.springframework.test.context.support.DependencyInjectionTestExecutionListener, org.springframework.test.context.support.DirtiesContextTestExecutionListener, org.springframework.test.context.transaction.TransactionalTestExecutionListener, org.springframework.test.context.jdbc.SqlScriptsTestExecutionListener, org.springframework.test.context.event.EventPublishingTestExecutionListener]
2020-06-04 21:42:20.582  INFO 25544 --- [    Test worker] o.s.t.c.s.DefaultTestContextBootstrapper : Using TestExecutionListeners: [org.springframework.test.context.web.ServletTestExecutionListener@5d942f8e, org.springframework.test.context.support.DirtiesContextBeforeModesTestExecutionListener@4a6c7047, org.springframework.boot.test.mock.mockito.MockitoTestExecutionListener@6bdb8e35, org.springframework.test.context.support.DependencyInjectionTestExecutionListener@3fa529e2, org.springframework.test.context.support.DirtiesContextTestExecutionListener@433189c7, org.springframework.security.test.context.support.WithSecurityContextTestExecutionListener@6a7637ae, org.springframework.test.context.event.EventPublishingTestExecutionListener@5debb6f3, org.springframework.security.test.context.support.ReactorContextTestExecutionListener@4b976e95, org.springframework.boot.test.autoconfigure.restdocs.RestDocsTestExecutionListener@4a7b991, org.springframework.boot.test.autoconfigure.web.client.MockRestServiceServerResetTestExecutionListener@5fb725ec, org.springframework.boot.test.autoconfigure.web.servlet.MockMvcPrintOnlyOnFailureTestExecutionListener@5feb5cc7, org.springframework.boot.test.autoconfigure.web.servlet.WebDriverTestExecutionListener@2f787269, org.springframework.boot.test.autoconfigure.webservices.client.MockWebServiceServerTestExecutionListener@16aa2d26, org.springframework.boot.test.mock.mockito.ResetMocksTestExecutionListener@70d4e25a]
]]></system-out>
  <system-err><![CDATA[]]></system-err>
</testsuite>
