<?xml version="1.0" encoding="UTF-8"?>
<testsuite name="com.csci5308.groupme.instructor.service.InstructorServiceImplTest" tests="2" skipped="0" failures="0" errors="0" timestamp="2020-06-16T21:35:39" hostname="YASHESH" time="0.027">
  <properties/>
  <testcase name="readAllTest()" classname="com.csci5308.groupme.instructor.service.InstructorServiceImplTest" time="0.022"/>
  <testcase name="createInstructorTest()" classname="com.csci5308.groupme.instructor.service.InstructorServiceImplTest" time="0.003"/>
  <system-out><![CDATA[2020-06-16 18:35:39.934  INFO 20368 --- [    Test worker] o.s.t.c.s.DefaultTestContextBootstrapper : Neither @ContextConfiguration nor @ContextHierarchy found for test class [com.csci5308.groupme.instructor.service.InstructorServiceImplTest], using DelegatingSmartContextLoader
2020-06-16 18:35:39.934  INFO 20368 --- [    Test worker] o.s.t.c.support.AbstractContextLoader    : Could not detect default resource locations for test class [com.csci5308.groupme.instructor.service.InstructorServiceImplTest]: no resource found for suffixes {-context.xml}.
2020-06-16 18:35:39.935  INFO 20368 --- [    Test worker] t.c.s.AnnotationConfigContextLoaderUtils : Could not detect default configuration classes for test class [com.csci5308.groupme.instructor.service.InstructorServiceImplTest]: InstructorServiceImplTest does not declare any static, non-private, non-final, nested classes annotated with @Configuration.
2020-06-16 18:35:39.937  INFO 20368 --- [    Test worker] o.s.t.c.s.DefaultTestContextBootstrapper : Loaded default TestExecutionListener class names from location [META-INF/spring.factories]: [org.springframework.boot.test.autoconfigure.restdocs.RestDocsTestExecutionListener, org.springframework.boot.test.autoconfigure.web.client.MockRestServiceServerResetTestExecutionListener, org.springframework.boot.test.autoconfigure.web.servlet.MockMvcPrintOnlyOnFailureTestExecutionListener, org.springframework.boot.test.autoconfigure.web.servlet.WebDriverTestExecutionListener, org.springframework.boot.test.autoconfigure.webservices.client.MockWebServiceServerTestExecutionListener, org.springframework.boot.test.mock.mockito.MockitoTestExecutionListener, org.springframework.boot.test.mock.mockito.ResetMocksTestExecutionListener, org.springframework.security.test.context.support.WithSecurityContextTestExecutionListener, org.springframework.security.test.context.support.ReactorContextTestExecutionListener, org.springframework.test.context.web.ServletTestExecutionListener, org.springframework.test.context.support.DirtiesContextBeforeModesTestExecutionListener, org.springframework.test.context.support.DependencyInjectionTestExecutionListener, org.springframework.test.context.support.DirtiesContextTestExecutionListener, org.springframework.test.context.transaction.TransactionalTestExecutionListener, org.springframework.test.context.jdbc.SqlScriptsTestExecutionListener, org.springframework.test.context.event.EventPublishingTestExecutionListener]
2020-06-16 18:35:39.939  INFO 20368 --- [    Test worker] o.s.t.c.s.DefaultTestContextBootstrapper : Using TestExecutionListeners: [org.springframework.test.context.web.ServletTestExecutionListener@3d0f7c9a, org.springframework.test.context.support.DirtiesContextBeforeModesTestExecutionListener@5678dd1a, org.springframework.boot.test.mock.mockito.MockitoTestExecutionListener@567da679, org.springframework.test.context.support.DependencyInjectionTestExecutionListener@7af081bd, org.springframework.test.context.support.DirtiesContextTestExecutionListener@3c5dd9d5, org.springframework.security.test.context.support.WithSecurityContextTestExecutionListener@2cdd5349, org.springframework.test.context.event.EventPublishingTestExecutionListener@17a866c5, org.springframework.security.test.context.support.ReactorContextTestExecutionListener@692be0e4, org.springframework.boot.test.autoconfigure.restdocs.RestDocsTestExecutionListener@3bea1f65, org.springframework.boot.test.autoconfigure.web.client.MockRestServiceServerResetTestExecutionListener@7deb544a, org.springframework.boot.test.autoconfigure.web.servlet.MockMvcPrintOnlyOnFailureTestExecutionListener@29a19b7c, org.springframework.boot.test.autoconfigure.web.servlet.WebDriverTestExecutionListener@1f3b726c, org.springframework.boot.test.autoconfigure.webservices.client.MockWebServiceServerTestExecutionListener@74c147d9, org.springframework.boot.test.mock.mockito.ResetMocksTestExecutionListener@532f040f]
]]></system-out>
  <system-err><![CDATA[]]></system-err>
</testsuite>
