<?xml version="1.0" encoding="UTF-8"?>
<testsuite name="com.csci5308.groupme.GroupmeApplicationTests" tests="1" skipped="0" failures="0" errors="0" timestamp="2020-07-12T04:33:05" hostname="YASHESH" time="0.01">
  <properties/>
  <testcase name="contextLoads()" classname="com.csci5308.groupme.GroupmeApplicationTests" time="0.01"/>
  <system-out><![CDATA[2020-07-12 01:33:03.533  INFO 2192 --- [    Test worker] .b.t.c.SpringBootTestContextBootstrapper : Neither @ContextConfiguration nor @ContextHierarchy found for test class [com.csci5308.groupme.GroupmeApplicationTests], using SpringBootContextLoader
2020-07-12 01:33:03.534  INFO 2192 --- [    Test worker] o.s.t.c.support.AbstractContextLoader    : Could not detect default resource locations for test class [com.csci5308.groupme.GroupmeApplicationTests]: no resource found for suffixes {-context.xml, Context.groovy}.
2020-07-12 01:33:03.534  INFO 2192 --- [    Test worker] t.c.s.AnnotationConfigContextLoaderUtils : Could not detect default configuration classes for test class [com.csci5308.groupme.GroupmeApplicationTests]: GroupmeApplicationTests does not declare any static, non-private, non-final, nested classes annotated with @Configuration.
2020-07-12 01:33:03.561  INFO 2192 --- [    Test worker] .b.t.c.SpringBootTestContextBootstrapper : Found @SpringBootConfiguration com.csci5308.groupme.GroupmeApplication for test class com.csci5308.groupme.GroupmeApplicationTests
2020-07-12 01:33:03.564  INFO 2192 --- [    Test worker] .b.t.c.SpringBootTestContextBootstrapper : Loaded default TestExecutionListener class names from location [META-INF/spring.factories]: [org.springframework.boot.test.autoconfigure.restdocs.RestDocsTestExecutionListener, org.springframework.boot.test.autoconfigure.web.client.MockRestServiceServerResetTestExecutionListener, org.springframework.boot.test.autoconfigure.web.servlet.MockMvcPrintOnlyOnFailureTestExecutionListener, org.springframework.boot.test.autoconfigure.web.servlet.WebDriverTestExecutionListener, org.springframework.boot.test.autoconfigure.webservices.client.MockWebServiceServerTestExecutionListener, org.springframework.boot.test.mock.mockito.MockitoTestExecutionListener, org.springframework.boot.test.mock.mockito.ResetMocksTestExecutionListener, org.springframework.security.test.context.support.WithSecurityContextTestExecutionListener, org.springframework.security.test.context.support.ReactorContextTestExecutionListener, org.springframework.test.context.web.ServletTestExecutionListener, org.springframework.test.context.support.DirtiesContextBeforeModesTestExecutionListener, org.springframework.test.context.support.DependencyInjectionTestExecutionListener, org.springframework.test.context.support.DirtiesContextTestExecutionListener, org.springframework.test.context.transaction.TransactionalTestExecutionListener, org.springframework.test.context.jdbc.SqlScriptsTestExecutionListener, org.springframework.test.context.event.EventPublishingTestExecutionListener]
2020-07-12 01:33:03.572  INFO 2192 --- [    Test worker] .b.t.c.SpringBootTestContextBootstrapper : Using TestExecutionListeners: [org.springframework.test.context.web.ServletTestExecutionListener@c3acc3b, org.springframework.test.context.support.DirtiesContextBeforeModesTestExecutionListener@21f3237, org.springframework.boot.test.mock.mockito.MockitoTestExecutionListener@1ea6ffc8, org.springframework.boot.test.autoconfigure.SpringBootDependencyInjectionTestExecutionListener@38729206, org.springframework.test.context.support.DirtiesContextTestExecutionListener@6273da27, org.springframework.security.test.context.support.WithSecurityContextTestExecutionListener@1986d2d4, org.springframework.test.context.event.EventPublishingTestExecutionListener@30f73693, org.springframework.security.test.context.support.ReactorContextTestExecutionListener@1cb97029, org.springframework.boot.test.autoconfigure.restdocs.RestDocsTestExecutionListener@60e7237b, org.springframework.boot.test.autoconfigure.web.client.MockRestServiceServerResetTestExecutionListener@4fd84dc1, org.springframework.boot.test.autoconfigure.web.servlet.MockMvcPrintOnlyOnFailureTestExecutionListener@4612a907, org.springframework.boot.test.autoconfigure.web.servlet.WebDriverTestExecutionListener@117db1d4, org.springframework.boot.test.autoconfigure.webservices.client.MockWebServiceServerTestExecutionListener@48d8a47b, org.springframework.boot.test.mock.mockito.ResetMocksTestExecutionListener@45e34ee4]

  .   ____          _            __ _ _
 /\\ / ___'_ __ _ _(_)_ __  __ _ \ \ \ \
( ( )\___ | '_ | '_| | '_ \/ _` | \ \ \ \
 \\/  ___)| |_)| | | | | || (_| |  ) ) ) )
  '  |____| .__|_| |_|_| |_\__, | / / / /
 =========|_|==============|___/=/_/_/_/
 :: Spring Boot ::        (v2.3.0.RELEASE)

2020-07-12 01:33:03.672  INFO 2192 --- [    Test worker] c.c.groupme.GroupmeApplicationTests      : Starting GroupmeApplicationTests on Yashesh with PID 2192 (started by yashe in E:\DAL\SEM 3\ASDC\project\group19)
2020-07-12 01:33:03.693  INFO 2192 --- [    Test worker] c.c.groupme.GroupmeApplicationTests      : No active profile set, falling back to default profiles: default
2020-07-12 01:33:04.709  INFO 2192 --- [    Test worker] o.s.s.web.DefaultSecurityFilterChain     : Creating filter chain: any request, [org.springframework.security.web.context.request.async.WebAsyncManagerIntegrationFilter@65c94454, org.springframework.security.web.context.SecurityContextPersistenceFilter@376ef971, org.springframework.security.web.header.HeaderWriterFilter@263831b7, org.springframework.security.web.authentication.logout.LogoutFilter@6e23cccf, org.springframework.security.web.authentication.UsernamePasswordAuthenticationFilter@2ba959b, org.springframework.security.web.savedrequest.RequestCacheAwareFilter@b24d4a1, org.springframework.security.web.servletapi.SecurityContextHolderAwareRequestFilter@6c76e9fb, org.springframework.security.web.authentication.AnonymousAuthenticationFilter@760e3473, org.springframework.security.web.session.SessionManagementFilter@8e94369, org.springframework.security.web.access.ExceptionTranslationFilter@569d5d60, org.springframework.security.web.access.intercept.FilterSecurityInterceptor@1aba1dee]
2020-07-12 01:33:04.959  INFO 2192 --- [    Test worker] o.s.s.concurrent.ThreadPoolTaskExecutor  : Initializing ExecutorService 'applicationTaskExecutor'
2020-07-12 01:33:05.266  INFO 2192 --- [    Test worker] c.c.groupme.GroupmeApplicationTests      : Started GroupmeApplicationTests in 1.691 seconds (JVM running for 15.383)
]]></system-out>
  <system-err><![CDATA[]]></system-err>
</testsuite>
