<?xml version="1.0" encoding="UTF-8"?>
<testsuite name="com.csci5308.groupme.student.controller.StudentControllerTest" tests="1" skipped="0" failures="0" errors="0" timestamp="2020-06-09T19:39:52" hostname="YASHESH" time="0.535">
  <properties/>
  <testcase name="showStudentHomePageTest()" classname="com.csci5308.groupme.student.controller.StudentControllerTest" time="0.535"/>
  <system-out><![CDATA[2020-06-09 16:39:52.489  INFO 3376 --- [    Test worker] .b.t.c.SpringBootTestContextBootstrapper : Neither @ContextConfiguration nor @ContextHierarchy found for test class [com.csci5308.groupme.student.controller.StudentControllerTest], using SpringBootContextLoader
2020-06-09 16:39:52.491  INFO 3376 --- [    Test worker] o.s.t.c.support.AbstractContextLoader    : Could not detect default resource locations for test class [com.csci5308.groupme.student.controller.StudentControllerTest]: no resource found for suffixes {-context.xml, Context.groovy}.
2020-06-09 16:39:52.491  INFO 3376 --- [    Test worker] t.c.s.AnnotationConfigContextLoaderUtils : Could not detect default configuration classes for test class [com.csci5308.groupme.student.controller.StudentControllerTest]: StudentControllerTest does not declare any static, non-private, non-final, nested classes annotated with @Configuration.
2020-06-09 16:39:52.507  INFO 3376 --- [    Test worker] .b.t.c.SpringBootTestContextBootstrapper : Found @SpringBootConfiguration com.csci5308.groupme.GroupmeApplication for test class com.csci5308.groupme.student.controller.StudentControllerTest
2020-06-09 16:39:52.509  INFO 3376 --- [    Test worker] .b.t.c.SpringBootTestContextBootstrapper : Loaded default TestExecutionListener class names from location [META-INF/spring.factories]: [org.springframework.boot.test.autoconfigure.restdocs.RestDocsTestExecutionListener, org.springframework.boot.test.autoconfigure.web.client.MockRestServiceServerResetTestExecutionListener, org.springframework.boot.test.autoconfigure.web.servlet.MockMvcPrintOnlyOnFailureTestExecutionListener, org.springframework.boot.test.autoconfigure.web.servlet.WebDriverTestExecutionListener, org.springframework.boot.test.autoconfigure.webservices.client.MockWebServiceServerTestExecutionListener, org.springframework.boot.test.mock.mockito.MockitoTestExecutionListener, org.springframework.boot.test.mock.mockito.ResetMocksTestExecutionListener, org.springframework.security.test.context.support.WithSecurityContextTestExecutionListener, org.springframework.security.test.context.support.ReactorContextTestExecutionListener, org.springframework.test.context.web.ServletTestExecutionListener, org.springframework.test.context.support.DirtiesContextBeforeModesTestExecutionListener, org.springframework.test.context.support.DependencyInjectionTestExecutionListener, org.springframework.test.context.support.DirtiesContextTestExecutionListener, org.springframework.test.context.transaction.TransactionalTestExecutionListener, org.springframework.test.context.jdbc.SqlScriptsTestExecutionListener, org.springframework.test.context.event.EventPublishingTestExecutionListener]
2020-06-09 16:39:52.511  INFO 3376 --- [    Test worker] .b.t.c.SpringBootTestContextBootstrapper : Using TestExecutionListeners: [org.springframework.test.context.web.ServletTestExecutionListener@14357727, org.springframework.test.context.support.DirtiesContextBeforeModesTestExecutionListener@7d51f6a8, org.springframework.boot.test.mock.mockito.MockitoTestExecutionListener@24d48c5b, org.springframework.boot.test.autoconfigure.SpringBootDependencyInjectionTestExecutionListener@64281ea5, org.springframework.test.context.support.DirtiesContextTestExecutionListener@5b1bc148, org.springframework.security.test.context.support.WithSecurityContextTestExecutionListener@298d9835, org.springframework.test.context.event.EventPublishingTestExecutionListener@29bb7f0b, org.springframework.security.test.context.support.ReactorContextTestExecutionListener@dc281af, org.springframework.boot.test.autoconfigure.restdocs.RestDocsTestExecutionListener@85610de, org.springframework.boot.test.autoconfigure.web.client.MockRestServiceServerResetTestExecutionListener@4d5f7dd1, org.springframework.boot.test.autoconfigure.web.servlet.MockMvcPrintOnlyOnFailureTestExecutionListener@3f6e0056, org.springframework.boot.test.autoconfigure.web.servlet.WebDriverTestExecutionListener@26b821ed, org.springframework.boot.test.autoconfigure.webservices.client.MockWebServiceServerTestExecutionListener@1e500504, org.springframework.boot.test.mock.mockito.ResetMocksTestExecutionListener@28d752ea]
2020-06-09 16:39:52.527  INFO 3376 --- [    Test worker] c.c.groupme.course.dao.CourseDAOImpl     : Connecting to the selected database...
2020-06-09 16:39:52.597  INFO 3376 --- [    Test worker] c.c.groupme.course.dao.CourseDAOImpl     : Connected to the database successfully...
2020-06-09 16:39:52.714  INFO 3376 --- [    Test worker] c.c.groupme.course.dao.CourseDAOImpl     : Connection to database Closed...
2020-06-09 16:39:52.792  INFO 3376 --- [    Test worker] c.c.groupme.course.dao.CourseDAOImpl     : Connection to database Closed...
2020-06-09 16:39:52.871  INFO 3376 --- [    Test worker] c.c.groupme.course.dao.CourseDAOImpl     : Connection to database Closed...
2020-06-09 16:39:52.952  INFO 3376 --- [    Test worker] c.c.groupme.course.dao.CourseDAOImpl     : Connection to database Closed...
2020-06-09 16:39:52.953  INFO 3376 --- [    Test worker] c.c.groupme.course.dao.CourseDAOImpl     : Connection to database Closed...

MockHttpServletRequest:
      HTTP Method = GET
      Request URI = /studenthomepage
       Parameters = {}
          Headers = []
             Body = null
    Session Attrs = {SPRING_SECURITY_CONTEXT=org.springframework.security.core.context.SecurityContextImpl@d4208d54: Authentication: org.springframework.security.authentication.UsernamePasswordAuthenticationToken@d4208d54: Principal: org.springframework.security.core.userdetails.User@bade5475: Username: testuser2; Password: [PROTECTED]; Enabled: true; AccountNonExpired: true; credentialsNonExpired: true; AccountNonLocked: true; Granted Authorities: ROLE_STUDENT; Credentials: [PROTECTED]; Authenticated: true; Details: null; Granted Authorities: ROLE_STUDENT}

Handler:
             Type = com.csci5308.groupme.student.controller.StudentController
           Method = com.csci5308.groupme.student.controller.StudentController#showStudentHomePage(boolean, boolean, boolean, Principal)

Async:
    Async started = false
     Async result = null

Resolved Exception:
             Type = null

ModelAndView:
        View name = student/studenthomepage
             View = null
        Attribute = studentCourseDetails
            value = [com.csci5308.groupme.course.model.Course@6d18eb9e, com.csci5308.groupme.course.model.Course@169fe2cb, com.csci5308.groupme.course.model.Course@48683b55, com.csci5308.groupme.course.model.Course@3594d8a9]
        Attribute = isTA
            value = false
        Attribute = isInstructor
            value = false

FlashMap:
       Attributes = null

MockHttpServletResponse:
           Status = 200
    Error message = null
          Headers = [Content-Language:"en", Content-Type:"text/html;charset=UTF-8", X-Content-Type-Options:"nosniff", X-XSS-Protection:"1; mode=block", Cache-Control:"no-cache, no-store, max-age=0, must-revalidate", Pragma:"no-cache", Expires:"0", X-Frame-Options:"DENY"]
     Content type = text/html;charset=UTF-8
             Body = <!DOCTYPE html>
<html>
<head>
    <meta charset="UTF-8">
    <title>Student Home Page</title>
    <link href="https://maxcdn.bootstrapcdn.com/bootstrap/4.0.0-beta/css/bootstrap.min.css" rel="stylesheet"
		integrity="sha384-/Y6pD6FV/Vv2HJnA6t+vslU6fwYXjCFtcEpHbNJ0lyAFsXTsjBbfaDjzALeQsN6M" crossorigin="anonymous">
	<link href="https://getbootstrap.com/docs/4.0/examples/signin/signin.css" rel="stylesheet" crossorigin="anonymous">
	<link rel="stylesheet" href="/css/theme.css" />
    <script>
        var isTA = "false";
        var isInstructor = "false";

        function showCourseAdminButton() {
            if (isTA === "true" || isInstructor === "true") {
                document.getElementById('courseAdminButton').style.display = "block";
            }
        }

    </script>
</head>
<body onload="showCourseAdminButton()">

<!--  <div class="topnav">
    <a class="active" href="#home-loggedin">GroupMe</a>
    <form class="pull-right" id="home-loggedin" method="post" th:action="@{/logout}">
        <button type="submit">Logout</button>
    </form>
</div> -->

	<div class="topnav">
		<a href="/">GroupMe</a> 
		<a style="float: right" href="logout">Logout</a>
		<a style="float: right" class="active" href="#account">Account</a> 
	</div>

<div style="text-align: center; margin: 0 auto; padding-top:10px">
    <h2>Details of Course</h2>
    <div id="courseAdminButton" style="text-align: center; display: none;">
        <form action="/TAcoursepage">
            <button style = "background-color: gray;box-shadow: 0 8px 16px 0 rgba(0,0,0,0.2), 0 6px 20px 0 rgba(0,0,0,0.19);"type="submit">Course Admin Page</button>
        </form>
    </div>
    <form name="form" method="GET">

        <table class = "center" border = "1">
            <thead>
            <tr>
                <th>Course Code</th>
                <th colspan="2">Course Name</th>
                <th>Link</th>
            </tr>
            </thead>
            <tbody>
            <tr>
                <td>csci0003</td>
                <td colspan ="2">data management</td>
                <td>
                    <a href="/coursepage?courseCode=csci0003&amp;courseName=data%20management">
                        Go To Course
                    </a>
                </td>
            </tr>
            <tr>
                <td>csci0010</td>
                <td colspan ="2">web</td>
                <td>
                    <a href="/coursepage?courseCode=csci0010&amp;courseName=web">
                        Go To Course
                    </a>
                </td>
            </tr>
            <tr>
                <td>csci0014</td>
                <td colspan ="2">cloud</td>
                <td>
                    <a href="/coursepage?courseCode=csci0014&amp;courseName=cloud">
                        Go To Course
                    </a>
                </td>
            </tr>
            <tr>
                <td>csci0002</td>
                <td colspan ="2">mobile computing</td>
                <td>
                    <a href="/coursepage?courseCode=csci0002&amp;courseName=mobile%20computing">
                        Go To Course
                    </a>
                </td>
            </tr>
            </tbody>
        </table>
        
        <h1>This is the change for the Marker.</h1>
    </form>
</div>
</body>
</html>
    Forwarded URL = null
   Redirected URL = null
          Cookies = []
]]></system-out>
  <system-err><![CDATA[]]></system-err>
</testsuite>
