<?xml version="1.0" encoding="UTF-8"?>
<testsuite name="com.csci5308.groupme.course.service.CourseServiceImplTest" tests="7" skipped="0" failures="0" errors="0" timestamp="2020-06-09T19:39:50" hostname="YASHESH" time="0.059">
  <properties/>
  <testcase name="noCourseToDeleteTest()" classname="com.csci5308.groupme.course.service.CourseServiceImplTest" time="0.008"/>
  <testcase name="getCoursesByUserNameAndRole()" classname="com.csci5308.groupme.course.service.CourseServiceImplTest" time="0.009"/>
  <testcase name="findAllCoursesTest()" classname="com.csci5308.groupme.course.service.CourseServiceImplTest" time="0.004"/>
  <testcase name="saveCourseTest()" classname="com.csci5308.groupme.course.service.CourseServiceImplTest" time="0.009"/>
  <testcase name="deleteCourseTest()" classname="com.csci5308.groupme.course.service.CourseServiceImplTest" time="0.003"/>
  <testcase name="courseExistsTest()" classname="com.csci5308.groupme.course.service.CourseServiceImplTest" time="0.004"/>
  <testcase name="findCoursesByStudentUserName()" classname="com.csci5308.groupme.course.service.CourseServiceImplTest" time="0.006"/>
  <system-out><![CDATA[2020-06-09 16:39:50.301  INFO 3376 --- [    Test worker] o.s.t.c.s.DefaultTestContextBootstrapper : Neither @ContextConfiguration nor @ContextHierarchy found for test class [com.csci5308.groupme.course.service.CourseServiceImplTest], using DelegatingSmartContextLoader
2020-06-09 16:39:50.302  INFO 3376 --- [    Test worker] o.s.t.c.support.AbstractContextLoader    : Could not detect default resource locations for test class [com.csci5308.groupme.course.service.CourseServiceImplTest]: no resource found for suffixes {-context.xml}.
2020-06-09 16:39:50.303  INFO 3376 --- [    Test worker] t.c.s.AnnotationConfigContextLoaderUtils : Could not detect default configuration classes for test class [com.csci5308.groupme.course.service.CourseServiceImplTest]: CourseServiceImplTest does not declare any static, non-private, non-final, nested classes annotated with @Configuration.
2020-06-09 16:39:50.310  INFO 3376 --- [    Test worker] o.s.t.c.s.DefaultTestContextBootstrapper : Loaded default TestExecutionListener class names from location [META-INF/spring.factories]: [org.springframework.boot.test.autoconfigure.restdocs.RestDocsTestExecutionListener, org.springframework.boot.test.autoconfigure.web.client.MockRestServiceServerResetTestExecutionListener, org.springframework.boot.test.autoconfigure.web.servlet.MockMvcPrintOnlyOnFailureTestExecutionListener, org.springframework.boot.test.autoconfigure.web.servlet.WebDriverTestExecutionListener, org.springframework.boot.test.autoconfigure.webservices.client.MockWebServiceServerTestExecutionListener, org.springframework.boot.test.mock.mockito.MockitoTestExecutionListener, org.springframework.boot.test.mock.mockito.ResetMocksTestExecutionListener, org.springframework.security.test.context.support.WithSecurityContextTestExecutionListener, org.springframework.security.test.context.support.ReactorContextTestExecutionListener, org.springframework.test.context.web.ServletTestExecutionListener, org.springframework.test.context.support.DirtiesContextBeforeModesTestExecutionListener, org.springframework.test.context.support.DependencyInjectionTestExecutionListener, org.springframework.test.context.support.DirtiesContextTestExecutionListener, org.springframework.test.context.transaction.TransactionalTestExecutionListener, org.springframework.test.context.jdbc.SqlScriptsTestExecutionListener, org.springframework.test.context.event.EventPublishingTestExecutionListener]
2020-06-09 16:39:50.319  INFO 3376 --- [    Test worker] o.s.t.c.s.DefaultTestContextBootstrapper : Using TestExecutionListeners: [org.springframework.test.context.web.ServletTestExecutionListener@a3c023b, org.springframework.test.context.support.DirtiesContextBeforeModesTestExecutionListener@31feb628, org.springframework.boot.test.mock.mockito.MockitoTestExecutionListener@cebfda1, org.springframework.test.context.support.DependencyInjectionTestExecutionListener@14295066, org.springframework.test.context.support.DirtiesContextTestExecutionListener@7e6eb502, org.springframework.security.test.context.support.WithSecurityContextTestExecutionListener@3a651311, org.springframework.test.context.event.EventPublishingTestExecutionListener@6930f709, org.springframework.security.test.context.support.ReactorContextTestExecutionListener@37442029, org.springframework.boot.test.autoconfigure.restdocs.RestDocsTestExecutionListener@3c094566, org.springframework.boot.test.autoconfigure.web.client.MockRestServiceServerResetTestExecutionListener@2e66346d, org.springframework.boot.test.autoconfigure.web.servlet.MockMvcPrintOnlyOnFailureTestExecutionListener@40800617, org.springframework.boot.test.autoconfigure.web.servlet.WebDriverTestExecutionListener@56d32346, org.springframework.boot.test.autoconfigure.webservices.client.MockWebServiceServerTestExecutionListener@20077e8f, org.springframework.boot.test.mock.mockito.ResetMocksTestExecutionListener@3fddf3be]
]]></system-out>
  <system-err><![CDATA[]]></system-err>
</testsuite>
