<?xml version="1.0" encoding="UTF-8"?>
<testsuite name="com.csci5308.groupme.instructor.model.InstructorTest" tests="10" skipped="0" failures="0" errors="0" timestamp="2020-06-18T05:52:20" hostname="YASHESH" time="0.053">
  <properties/>
  <testcase name="getFirstNameTest()" classname="com.csci5308.groupme.instructor.model.InstructorTest" time="0.004"/>
  <testcase name="setLastNameTest()" classname="com.csci5308.groupme.instructor.model.InstructorTest" time="0.002"/>
  <testcase name="getUserNameTest()" classname="com.csci5308.groupme.instructor.model.InstructorTest" time="0.003"/>
  <testcase name="getAboutTest()" classname="com.csci5308.groupme.instructor.model.InstructorTest" time="0.002"/>
  <testcase name="setUserNameTest()" classname="com.csci5308.groupme.instructor.model.InstructorTest" time="0.004"/>
  <testcase name="setEmailTest()" classname="com.csci5308.groupme.instructor.model.InstructorTest" time="0.002"/>
  <testcase name="setAboutTest()" classname="com.csci5308.groupme.instructor.model.InstructorTest" time="0.004"/>
  <testcase name="setFirstNameTest()" classname="com.csci5308.groupme.instructor.model.InstructorTest" time="0.005"/>
  <testcase name="getLastNameTest()" classname="com.csci5308.groupme.instructor.model.InstructorTest" time="0.011"/>
  <testcase name="getEmailTest()" classname="com.csci5308.groupme.instructor.model.InstructorTest" time="0.004"/>
  <system-out><![CDATA[2020-06-18 02:52:20.701  INFO 17904 --- [    Test worker] o.s.t.c.s.DefaultTestContextBootstrapper : Neither @ContextConfiguration nor @ContextHierarchy found for test class [com.csci5308.groupme.instructor.model.InstructorTest], using DelegatingSmartContextLoader
2020-06-18 02:52:20.701  INFO 17904 --- [    Test worker] o.s.t.c.support.AbstractContextLoader    : Could not detect default resource locations for test class [com.csci5308.groupme.instructor.model.InstructorTest]: no resource found for suffixes {-context.xml}.
2020-06-18 02:52:20.703  INFO 17904 --- [    Test worker] t.c.s.AnnotationConfigContextLoaderUtils : Could not detect default configuration classes for test class [com.csci5308.groupme.instructor.model.InstructorTest]: InstructorTest does not declare any static, non-private, non-final, nested classes annotated with @Configuration.
2020-06-18 02:52:20.704  INFO 17904 --- [    Test worker] o.s.t.c.s.DefaultTestContextBootstrapper : Loaded default TestExecutionListener class names from location [META-INF/spring.factories]: [org.springframework.boot.test.autoconfigure.restdocs.RestDocsTestExecutionListener, org.springframework.boot.test.autoconfigure.web.client.MockRestServiceServerResetTestExecutionListener, org.springframework.boot.test.autoconfigure.web.servlet.MockMvcPrintOnlyOnFailureTestExecutionListener, org.springframework.boot.test.autoconfigure.web.servlet.WebDriverTestExecutionListener, org.springframework.boot.test.autoconfigure.webservices.client.MockWebServiceServerTestExecutionListener, org.springframework.boot.test.mock.mockito.MockitoTestExecutionListener, org.springframework.boot.test.mock.mockito.ResetMocksTestExecutionListener, org.springframework.security.test.context.support.WithSecurityContextTestExecutionListener, org.springframework.security.test.context.support.ReactorContextTestExecutionListener, org.springframework.test.context.web.ServletTestExecutionListener, org.springframework.test.context.support.DirtiesContextBeforeModesTestExecutionListener, org.springframework.test.context.support.DependencyInjectionTestExecutionListener, org.springframework.test.context.support.DirtiesContextTestExecutionListener, org.springframework.test.context.transaction.TransactionalTestExecutionListener, org.springframework.test.context.jdbc.SqlScriptsTestExecutionListener, org.springframework.test.context.event.EventPublishingTestExecutionListener]
2020-06-18 02:52:20.707  INFO 17904 --- [    Test worker] o.s.t.c.s.DefaultTestContextBootstrapper : Using TestExecutionListeners: [org.springframework.test.context.web.ServletTestExecutionListener@4b369330, org.springframework.test.context.support.DirtiesContextBeforeModesTestExecutionListener@6204fbef, org.springframework.boot.test.mock.mockito.MockitoTestExecutionListener@1d60928b, org.springframework.test.context.support.DependencyInjectionTestExecutionListener@13d9a06f, org.springframework.test.context.support.DirtiesContextTestExecutionListener@6c890e37, org.springframework.security.test.context.support.WithSecurityContextTestExecutionListener@29975bca, org.springframework.test.context.event.EventPublishingTestExecutionListener@307a70b9, org.springframework.security.test.context.support.ReactorContextTestExecutionListener@6efe6401, org.springframework.boot.test.autoconfigure.restdocs.RestDocsTestExecutionListener@4a22375f, org.springframework.boot.test.autoconfigure.web.client.MockRestServiceServerResetTestExecutionListener@59786cda, org.springframework.boot.test.autoconfigure.web.servlet.MockMvcPrintOnlyOnFailureTestExecutionListener@3ae430f4, org.springframework.boot.test.autoconfigure.web.servlet.WebDriverTestExecutionListener@272795c5, org.springframework.boot.test.autoconfigure.webservices.client.MockWebServiceServerTestExecutionListener@7c64d6b1, org.springframework.boot.test.mock.mockito.ResetMocksTestExecutionListener@66607b5b]
]]></system-out>
  <system-err><![CDATA[]]></system-err>
</testsuite>
