<?xml version="1.0" encoding="UTF-8"?>
<testsuite name="com.csci5308.groupme.course.model.CourseTest" tests="8" skipped="0" failures="0" errors="0" timestamp="2020-07-14T04:56:23" hostname="YASHESH" time="0.036">
  <properties/>
  <testcase name="getCourseCodeTest()" classname="com.csci5308.groupme.course.model.CourseTest" time="0.004"/>
  <testcase name="setCourseCrnTest()" classname="com.csci5308.groupme.course.model.CourseTest" time="0.004"/>
  <testcase name="setCourseNameTest()" classname="com.csci5308.groupme.course.model.CourseTest" time="0.003"/>
  <testcase name="defaultConstructorTest()" classname="com.csci5308.groupme.course.model.CourseTest" time="0.003"/>
  <testcase name="getCourseNameTest()" classname="com.csci5308.groupme.course.model.CourseTest" time="0.004"/>
  <testcase name="setCourseCodeTest()" classname="com.csci5308.groupme.course.model.CourseTest" time="0.004"/>
  <testcase name="getCourseCrnTest()" classname="com.csci5308.groupme.course.model.CourseTest" time="0.003"/>
  <testcase name="constructorWithValuesTest()" classname="com.csci5308.groupme.course.model.CourseTest" time="0.005"/>
  <system-out><![CDATA[2020-07-14 01:56:23.157  INFO 30468 --- [    Test worker] o.s.t.c.s.DefaultTestContextBootstrapper : Neither @ContextConfiguration nor @ContextHierarchy found for test class [com.csci5308.groupme.course.model.CourseTest], using DelegatingSmartContextLoader
2020-07-14 01:56:23.158  INFO 30468 --- [    Test worker] o.s.t.c.support.AbstractContextLoader    : Could not detect default resource locations for test class [com.csci5308.groupme.course.model.CourseTest]: no resource found for suffixes {-context.xml}.
2020-07-14 01:56:23.158  INFO 30468 --- [    Test worker] t.c.s.AnnotationConfigContextLoaderUtils : Could not detect default configuration classes for test class [com.csci5308.groupme.course.model.CourseTest]: CourseTest does not declare any static, non-private, non-final, nested classes annotated with @Configuration.
2020-07-14 01:56:23.163  INFO 30468 --- [    Test worker] o.s.t.c.s.DefaultTestContextBootstrapper : Loaded default TestExecutionListener class names from location [META-INF/spring.factories]: [org.springframework.boot.test.autoconfigure.restdocs.RestDocsTestExecutionListener, org.springframework.boot.test.autoconfigure.web.client.MockRestServiceServerResetTestExecutionListener, org.springframework.boot.test.autoconfigure.web.servlet.MockMvcPrintOnlyOnFailureTestExecutionListener, org.springframework.boot.test.autoconfigure.web.servlet.WebDriverTestExecutionListener, org.springframework.boot.test.autoconfigure.webservices.client.MockWebServiceServerTestExecutionListener, org.springframework.boot.test.mock.mockito.MockitoTestExecutionListener, org.springframework.boot.test.mock.mockito.ResetMocksTestExecutionListener, org.springframework.security.test.context.support.WithSecurityContextTestExecutionListener, org.springframework.security.test.context.support.ReactorContextTestExecutionListener, org.springframework.test.context.web.ServletTestExecutionListener, org.springframework.test.context.support.DirtiesContextBeforeModesTestExecutionListener, org.springframework.test.context.support.DependencyInjectionTestExecutionListener, org.springframework.test.context.support.DirtiesContextTestExecutionListener, org.springframework.test.context.transaction.TransactionalTestExecutionListener, org.springframework.test.context.jdbc.SqlScriptsTestExecutionListener, org.springframework.test.context.event.EventPublishingTestExecutionListener]
2020-07-14 01:56:23.169  INFO 30468 --- [    Test worker] o.s.t.c.s.DefaultTestContextBootstrapper : Using TestExecutionListeners: [org.springframework.test.context.web.ServletTestExecutionListener@305a2f1c, org.springframework.test.context.support.DirtiesContextBeforeModesTestExecutionListener@6a64ae5a, org.springframework.boot.test.mock.mockito.MockitoTestExecutionListener@681bea4, org.springframework.test.context.support.DependencyInjectionTestExecutionListener@6e9d6bb7, org.springframework.test.context.support.DirtiesContextTestExecutionListener@fde9bb7, org.springframework.security.test.context.support.WithSecurityContextTestExecutionListener@4007e268, org.springframework.test.context.event.EventPublishingTestExecutionListener@4b780052, org.springframework.security.test.context.support.ReactorContextTestExecutionListener@4ebd1a59, org.springframework.boot.test.autoconfigure.restdocs.RestDocsTestExecutionListener@35c5331a, org.springframework.boot.test.autoconfigure.web.client.MockRestServiceServerResetTestExecutionListener@4aae8368, org.springframework.boot.test.autoconfigure.web.servlet.MockMvcPrintOnlyOnFailureTestExecutionListener@415f60ff, org.springframework.boot.test.autoconfigure.web.servlet.WebDriverTestExecutionListener@6796c55f, org.springframework.boot.test.autoconfigure.webservices.client.MockWebServiceServerTestExecutionListener@7bd77754, org.springframework.boot.test.mock.mockito.ResetMocksTestExecutionListener@455c0e85]
]]></system-out>
  <system-err><![CDATA[]]></system-err>
</testsuite>
