<?xml version="1.0" encoding="UTF-8"?>
<testsuite name="com.csci5308.groupme.course.model.CourseTest" tests="8" skipped="0" failures="0" errors="0" timestamp="2020-07-12T04:33:02" hostname="YASHESH" time="0.064">
  <properties/>
  <testcase name="getCourseCodeTest()" classname="com.csci5308.groupme.course.model.CourseTest" time="0.003"/>
  <testcase name="setCourseCrnTest()" classname="com.csci5308.groupme.course.model.CourseTest" time="0.005"/>
  <testcase name="setCourseNameTest()" classname="com.csci5308.groupme.course.model.CourseTest" time="0.01"/>
  <testcase name="defaultConstructorTest()" classname="com.csci5308.groupme.course.model.CourseTest" time="0.005"/>
  <testcase name="getCourseNameTest()" classname="com.csci5308.groupme.course.model.CourseTest" time="0.006"/>
  <testcase name="setCourseCodeTest()" classname="com.csci5308.groupme.course.model.CourseTest" time="0.004"/>
  <testcase name="getCourseCrnTest()" classname="com.csci5308.groupme.course.model.CourseTest" time="0.003"/>
  <testcase name="constructorWithValuesTest()" classname="com.csci5308.groupme.course.model.CourseTest" time="0.003"/>
  <system-out><![CDATA[2020-07-12 01:33:02.682  INFO 2192 --- [    Test worker] o.s.t.c.s.DefaultTestContextBootstrapper : Neither @ContextConfiguration nor @ContextHierarchy found for test class [com.csci5308.groupme.course.model.CourseTest], using DelegatingSmartContextLoader
2020-07-12 01:33:02.683  INFO 2192 --- [    Test worker] o.s.t.c.support.AbstractContextLoader    : Could not detect default resource locations for test class [com.csci5308.groupme.course.model.CourseTest]: no resource found for suffixes {-context.xml}.
2020-07-12 01:33:02.684  INFO 2192 --- [    Test worker] t.c.s.AnnotationConfigContextLoaderUtils : Could not detect default configuration classes for test class [com.csci5308.groupme.course.model.CourseTest]: CourseTest does not declare any static, non-private, non-final, nested classes annotated with @Configuration.
2020-07-12 01:33:02.686  INFO 2192 --- [    Test worker] o.s.t.c.s.DefaultTestContextBootstrapper : Loaded default TestExecutionListener class names from location [META-INF/spring.factories]: [org.springframework.boot.test.autoconfigure.restdocs.RestDocsTestExecutionListener, org.springframework.boot.test.autoconfigure.web.client.MockRestServiceServerResetTestExecutionListener, org.springframework.boot.test.autoconfigure.web.servlet.MockMvcPrintOnlyOnFailureTestExecutionListener, org.springframework.boot.test.autoconfigure.web.servlet.WebDriverTestExecutionListener, org.springframework.boot.test.autoconfigure.webservices.client.MockWebServiceServerTestExecutionListener, org.springframework.boot.test.mock.mockito.MockitoTestExecutionListener, org.springframework.boot.test.mock.mockito.ResetMocksTestExecutionListener, org.springframework.security.test.context.support.WithSecurityContextTestExecutionListener, org.springframework.security.test.context.support.ReactorContextTestExecutionListener, org.springframework.test.context.web.ServletTestExecutionListener, org.springframework.test.context.support.DirtiesContextBeforeModesTestExecutionListener, org.springframework.test.context.support.DependencyInjectionTestExecutionListener, org.springframework.test.context.support.DirtiesContextTestExecutionListener, org.springframework.test.context.transaction.TransactionalTestExecutionListener, org.springframework.test.context.jdbc.SqlScriptsTestExecutionListener, org.springframework.test.context.event.EventPublishingTestExecutionListener]
2020-07-12 01:33:02.688  INFO 2192 --- [    Test worker] o.s.t.c.s.DefaultTestContextBootstrapper : Using TestExecutionListeners: [org.springframework.test.context.web.ServletTestExecutionListener@2c4d37ff, org.springframework.test.context.support.DirtiesContextBeforeModesTestExecutionListener@da6fed1, org.springframework.boot.test.mock.mockito.MockitoTestExecutionListener@3ba8df67, org.springframework.test.context.support.DependencyInjectionTestExecutionListener@7e513f6c, org.springframework.test.context.support.DirtiesContextTestExecutionListener@3b660d96, org.springframework.security.test.context.support.WithSecurityContextTestExecutionListener@10c3c5d, org.springframework.test.context.event.EventPublishingTestExecutionListener@7ca298fc, org.springframework.security.test.context.support.ReactorContextTestExecutionListener@bff625b, org.springframework.boot.test.autoconfigure.restdocs.RestDocsTestExecutionListener@7ec40f, org.springframework.boot.test.autoconfigure.web.client.MockRestServiceServerResetTestExecutionListener@6070fe89, org.springframework.boot.test.autoconfigure.web.servlet.MockMvcPrintOnlyOnFailureTestExecutionListener@87dff03, org.springframework.boot.test.autoconfigure.web.servlet.WebDriverTestExecutionListener@78e0b9ed, org.springframework.boot.test.autoconfigure.webservices.client.MockWebServiceServerTestExecutionListener@e484442, org.springframework.boot.test.mock.mockito.ResetMocksTestExecutionListener@69ab77b4]
]]></system-out>
  <system-err><![CDATA[]]></system-err>
</testsuite>
