<?xml version="1.0" encoding="UTF-8"?>
<testsuite name="com.csci5308.groupme.GroupmeApplicationTests" tests="1" skipped="0" failures="0" errors="0" timestamp="2020-07-14T04:56:26" hostname="YASHESH" time="0.006">
  <properties/>
  <testcase name="contextLoads()" classname="com.csci5308.groupme.GroupmeApplicationTests" time="0.006"/>
  <system-out><![CDATA[2020-07-14 01:56:23.973  INFO 30468 --- [    Test worker] .b.t.c.SpringBootTestContextBootstrapper : Neither @ContextConfiguration nor @ContextHierarchy found for test class [com.csci5308.groupme.GroupmeApplicationTests], using SpringBootContextLoader
2020-07-14 01:56:23.974  INFO 30468 --- [    Test worker] o.s.t.c.support.AbstractContextLoader    : Could not detect default resource locations for test class [com.csci5308.groupme.GroupmeApplicationTests]: no resource found for suffixes {-context.xml, Context.groovy}.
2020-07-14 01:56:23.974  INFO 30468 --- [    Test worker] t.c.s.AnnotationConfigContextLoaderUtils : Could not detect default configuration classes for test class [com.csci5308.groupme.GroupmeApplicationTests]: GroupmeApplicationTests does not declare any static, non-private, non-final, nested classes annotated with @Configuration.
2020-07-14 01:56:23.979  INFO 30468 --- [    Test worker] .b.t.c.SpringBootTestContextBootstrapper : Found @SpringBootConfiguration com.csci5308.groupme.GroupmeApplication for test class com.csci5308.groupme.GroupmeApplicationTests
2020-07-14 01:56:23.981  INFO 30468 --- [    Test worker] .b.t.c.SpringBootTestContextBootstrapper : Loaded default TestExecutionListener class names from location [META-INF/spring.factories]: [org.springframework.boot.test.autoconfigure.restdocs.RestDocsTestExecutionListener, org.springframework.boot.test.autoconfigure.web.client.MockRestServiceServerResetTestExecutionListener, org.springframework.boot.test.autoconfigure.web.servlet.MockMvcPrintOnlyOnFailureTestExecutionListener, org.springframework.boot.test.autoconfigure.web.servlet.WebDriverTestExecutionListener, org.springframework.boot.test.autoconfigure.webservices.client.MockWebServiceServerTestExecutionListener, org.springframework.boot.test.mock.mockito.MockitoTestExecutionListener, org.springframework.boot.test.mock.mockito.ResetMocksTestExecutionListener, org.springframework.security.test.context.support.WithSecurityContextTestExecutionListener, org.springframework.security.test.context.support.ReactorContextTestExecutionListener, org.springframework.test.context.web.ServletTestExecutionListener, org.springframework.test.context.support.DirtiesContextBeforeModesTestExecutionListener, org.springframework.test.context.support.DependencyInjectionTestExecutionListener, org.springframework.test.context.support.DirtiesContextTestExecutionListener, org.springframework.test.context.transaction.TransactionalTestExecutionListener, org.springframework.test.context.jdbc.SqlScriptsTestExecutionListener, org.springframework.test.context.event.EventPublishingTestExecutionListener]
2020-07-14 01:56:23.983  INFO 30468 --- [    Test worker] .b.t.c.SpringBootTestContextBootstrapper : Using TestExecutionListeners: [org.springframework.test.context.web.ServletTestExecutionListener@1164e488, org.springframework.test.context.support.DirtiesContextBeforeModesTestExecutionListener@2350ecf5, org.springframework.boot.test.mock.mockito.MockitoTestExecutionListener@1a8fcc27, org.springframework.boot.test.autoconfigure.SpringBootDependencyInjectionTestExecutionListener@1295c447, org.springframework.test.context.support.DirtiesContextTestExecutionListener@24e33239, org.springframework.security.test.context.support.WithSecurityContextTestExecutionListener@f05514, org.springframework.test.context.event.EventPublishingTestExecutionListener@647a5fd9, org.springframework.security.test.context.support.ReactorContextTestExecutionListener@58f108ed, org.springframework.boot.test.autoconfigure.restdocs.RestDocsTestExecutionListener@653e9b30, org.springframework.boot.test.autoconfigure.web.client.MockRestServiceServerResetTestExecutionListener@67643a76, org.springframework.boot.test.autoconfigure.web.servlet.MockMvcPrintOnlyOnFailureTestExecutionListener@51d625d4, org.springframework.boot.test.autoconfigure.web.servlet.WebDriverTestExecutionListener@130f963, org.springframework.boot.test.autoconfigure.webservices.client.MockWebServiceServerTestExecutionListener@1046056e, org.springframework.boot.test.mock.mockito.ResetMocksTestExecutionListener@56b72a9a]

  .   ____          _            __ _ _
 /\\ / ___'_ __ _ _(_)_ __  __ _ \ \ \ \
( ( )\___ | '_ | '_| | '_ \/ _` | \ \ \ \
 \\/  ___)| |_)| | | | | || (_| |  ) ) ) )
  '  |____| .__|_| |_|_| |_\__, | / / / /
 =========|_|==============|___/=/_/_/_/
 :: Spring Boot ::        (v2.3.0.RELEASE)

2020-07-14 01:56:24.050  INFO 30468 --- [    Test worker] c.c.groupme.GroupmeApplicationTests      : Starting GroupmeApplicationTests on Yashesh with PID 30468 (started by yashe in E:\DAL\SEM 3\ASDC\project\group19)
2020-07-14 01:56:24.050  INFO 30468 --- [    Test worker] c.c.groupme.GroupmeApplicationTests      : No active profile set, falling back to default profiles: default
2020-07-14 01:56:25.394  INFO 30468 --- [    Test worker] o.s.s.web.DefaultSecurityFilterChain     : Creating filter chain: any request, [org.springframework.security.web.context.request.async.WebAsyncManagerIntegrationFilter@928f719, org.springframework.security.web.context.SecurityContextPersistenceFilter@48f270c9, org.springframework.security.web.header.HeaderWriterFilter@1941fb5f, org.springframework.security.web.authentication.logout.LogoutFilter@5124a653, org.springframework.security.web.authentication.UsernamePasswordAuthenticationFilter@4ae95740, org.springframework.security.web.savedrequest.RequestCacheAwareFilter@6504b1ee, org.springframework.security.web.servletapi.SecurityContextHolderAwareRequestFilter@73093512, org.springframework.security.web.authentication.AnonymousAuthenticationFilter@dd04a56, org.springframework.security.web.session.SessionManagementFilter@4ae663ab, org.springframework.security.web.access.ExceptionTranslationFilter@3b42d33a, org.springframework.security.web.access.intercept.FilterSecurityInterceptor@abed6cd]
2020-07-14 01:56:25.785  INFO 30468 --- [    Test worker] o.s.s.concurrent.ThreadPoolTaskExecutor  : Initializing ExecutorService 'applicationTaskExecutor'
2020-07-14 01:56:26.135  INFO 30468 --- [    Test worker] c.c.groupme.GroupmeApplicationTests      : Started GroupmeApplicationTests in 2.15 seconds (JVM running for 18.63)
]]></system-out>
  <system-err><![CDATA[]]></system-err>
</testsuite>
