<?xml version="1.0" encoding="UTF-8"?>
<testsuite name="com.csci5308.groupme.user.model.UserAuthDetailsTest" tests="1" skipped="0" failures="0" errors="0" timestamp="2020-06-05T00:42:25" hostname="YASHESH" time="0.006">
  <properties/>
  <testcase name="getAuthoritiesTest()" classname="com.csci5308.groupme.user.model.UserAuthDetailsTest" time="0.006"/>
  <system-out><![CDATA[2020-06-04 21:42:25.382  INFO 25544 --- [    Test worker] o.s.t.c.s.DefaultTestContextBootstrapper : Neither @ContextConfiguration nor @ContextHierarchy found for test class [com.csci5308.groupme.user.model.UserAuthDetailsTest], using DelegatingSmartContextLoader
2020-06-04 21:42:25.382  INFO 25544 --- [    Test worker] o.s.t.c.support.AbstractContextLoader    : Could not detect default resource locations for test class [com.csci5308.groupme.user.model.UserAuthDetailsTest]: no resource found for suffixes {-context.xml}.
2020-06-04 21:42:25.382  INFO 25544 --- [    Test worker] t.c.s.AnnotationConfigContextLoaderUtils : Could not detect default configuration classes for test class [com.csci5308.groupme.user.model.UserAuthDetailsTest]: UserAuthDetailsTest does not declare any static, non-private, non-final, nested classes annotated with @Configuration.
2020-06-04 21:42:25.384  INFO 25544 --- [    Test worker] o.s.t.c.s.DefaultTestContextBootstrapper : Loaded default TestExecutionListener class names from location [META-INF/spring.factories]: [org.springframework.boot.test.autoconfigure.restdocs.RestDocsTestExecutionListener, org.springframework.boot.test.autoconfigure.web.client.MockRestServiceServerResetTestExecutionListener, org.springframework.boot.test.autoconfigure.web.servlet.MockMvcPrintOnlyOnFailureTestExecutionListener, org.springframework.boot.test.autoconfigure.web.servlet.WebDriverTestExecutionListener, org.springframework.boot.test.autoconfigure.webservices.client.MockWebServiceServerTestExecutionListener, org.springframework.boot.test.mock.mockito.MockitoTestExecutionListener, org.springframework.boot.test.mock.mockito.ResetMocksTestExecutionListener, org.springframework.security.test.context.support.WithSecurityContextTestExecutionListener, org.springframework.security.test.context.support.ReactorContextTestExecutionListener, org.springframework.test.context.web.ServletTestExecutionListener, org.springframework.test.context.support.DirtiesContextBeforeModesTestExecutionListener, org.springframework.test.context.support.DependencyInjectionTestExecutionListener, org.springframework.test.context.support.DirtiesContextTestExecutionListener, org.springframework.test.context.transaction.TransactionalTestExecutionListener, org.springframework.test.context.jdbc.SqlScriptsTestExecutionListener, org.springframework.test.context.event.EventPublishingTestExecutionListener]
2020-06-04 21:42:25.385  INFO 25544 --- [    Test worker] o.s.t.c.s.DefaultTestContextBootstrapper : Using TestExecutionListeners: [org.springframework.test.context.web.ServletTestExecutionListener@1c3e59ed, org.springframework.test.context.support.DirtiesContextBeforeModesTestExecutionListener@6f26e455, org.springframework.boot.test.mock.mockito.MockitoTestExecutionListener@593d38c5, org.springframework.test.context.support.DependencyInjectionTestExecutionListener@707441d2, org.springframework.test.context.support.DirtiesContextTestExecutionListener@1eeb8f00, org.springframework.security.test.context.support.WithSecurityContextTestExecutionListener@46b7c4c4, org.springframework.test.context.event.EventPublishingTestExecutionListener@767c27c7, org.springframework.security.test.context.support.ReactorContextTestExecutionListener@24d4820b, org.springframework.boot.test.autoconfigure.restdocs.RestDocsTestExecutionListener@66058a1e, org.springframework.boot.test.autoconfigure.web.client.MockRestServiceServerResetTestExecutionListener@1e6ce3fe, org.springframework.boot.test.autoconfigure.web.servlet.MockMvcPrintOnlyOnFailureTestExecutionListener@9b9bdeb, org.springframework.boot.test.autoconfigure.web.servlet.WebDriverTestExecutionListener@97db20d, org.springframework.boot.test.autoconfigure.webservices.client.MockWebServiceServerTestExecutionListener@43e28c46, org.springframework.boot.test.mock.mockito.ResetMocksTestExecutionListener@3ae8e4d7]
]]></system-out>
  <system-err><![CDATA[]]></system-err>
</testsuite>
