<?xml version="1.0" encoding="UTF-8"?>
<testsuite name="com.csci5308.groupme.user.model.UserAuthDetailsTest" tests="1" skipped="0" failures="0" errors="0" timestamp="2020-07-14T05:17:42" hostname="YASHESH" time="0.005">
  <properties/>
  <testcase name="getAuthoritiesTest()" classname="com.csci5308.groupme.user.model.UserAuthDetailsTest" time="0.005"/>
  <system-out><![CDATA[2020-07-14 02:17:42.396  INFO 24100 --- [    Test worker] o.s.t.c.s.DefaultTestContextBootstrapper : Neither @ContextConfiguration nor @ContextHierarchy found for test class [com.csci5308.groupme.user.model.UserAuthDetailsTest], using DelegatingSmartContextLoader
2020-07-14 02:17:42.396  INFO 24100 --- [    Test worker] o.s.t.c.support.AbstractContextLoader    : Could not detect default resource locations for test class [com.csci5308.groupme.user.model.UserAuthDetailsTest]: no resource found for suffixes {-context.xml}.
2020-07-14 02:17:42.396  INFO 24100 --- [    Test worker] t.c.s.AnnotationConfigContextLoaderUtils : Could not detect default configuration classes for test class [com.csci5308.groupme.user.model.UserAuthDetailsTest]: UserAuthDetailsTest does not declare any static, non-private, non-final, nested classes annotated with @Configuration.
2020-07-14 02:17:42.398  INFO 24100 --- [    Test worker] o.s.t.c.s.DefaultTestContextBootstrapper : Loaded default TestExecutionListener class names from location [META-INF/spring.factories]: [org.springframework.boot.test.autoconfigure.restdocs.RestDocsTestExecutionListener, org.springframework.boot.test.autoconfigure.web.client.MockRestServiceServerResetTestExecutionListener, org.springframework.boot.test.autoconfigure.web.servlet.MockMvcPrintOnlyOnFailureTestExecutionListener, org.springframework.boot.test.autoconfigure.web.servlet.WebDriverTestExecutionListener, org.springframework.boot.test.autoconfigure.webservices.client.MockWebServiceServerTestExecutionListener, org.springframework.boot.test.mock.mockito.MockitoTestExecutionListener, org.springframework.boot.test.mock.mockito.ResetMocksTestExecutionListener, org.springframework.security.test.context.support.WithSecurityContextTestExecutionListener, org.springframework.security.test.context.support.ReactorContextTestExecutionListener, org.springframework.test.context.web.ServletTestExecutionListener, org.springframework.test.context.support.DirtiesContextBeforeModesTestExecutionListener, org.springframework.test.context.support.DependencyInjectionTestExecutionListener, org.springframework.test.context.support.DirtiesContextTestExecutionListener, org.springframework.test.context.transaction.TransactionalTestExecutionListener, org.springframework.test.context.jdbc.SqlScriptsTestExecutionListener, org.springframework.test.context.event.EventPublishingTestExecutionListener]
2020-07-14 02:17:42.402  INFO 24100 --- [    Test worker] o.s.t.c.s.DefaultTestContextBootstrapper : Using TestExecutionListeners: [org.springframework.test.context.web.ServletTestExecutionListener@1866f265, org.springframework.test.context.support.DirtiesContextBeforeModesTestExecutionListener@16114f47, org.springframework.boot.test.mock.mockito.MockitoTestExecutionListener@5ca43eae, org.springframework.test.context.support.DependencyInjectionTestExecutionListener@5690bffb, org.springframework.test.context.support.DirtiesContextTestExecutionListener@794a8a96, org.springframework.security.test.context.support.WithSecurityContextTestExecutionListener@65bd898f, org.springframework.test.context.event.EventPublishingTestExecutionListener@18119ad8, org.springframework.security.test.context.support.ReactorContextTestExecutionListener@4b2d8146, org.springframework.boot.test.autoconfigure.restdocs.RestDocsTestExecutionListener@669ebc8f, org.springframework.boot.test.autoconfigure.web.client.MockRestServiceServerResetTestExecutionListener@6fe6b022, org.springframework.boot.test.autoconfigure.web.servlet.MockMvcPrintOnlyOnFailureTestExecutionListener@7b35305c, org.springframework.boot.test.autoconfigure.web.servlet.WebDriverTestExecutionListener@5cb5b9cd, org.springframework.boot.test.autoconfigure.webservices.client.MockWebServiceServerTestExecutionListener@4f5c0c10, org.springframework.boot.test.mock.mockito.ResetMocksTestExecutionListener@15e1d279]
]]></system-out>
  <system-err><![CDATA[]]></system-err>
</testsuite>
