<?xml version="1.0" encoding="UTF-8"?>
<testsuite name="com.csci5308.groupme.course.model.CourseTest" tests="8" skipped="0" failures="0" errors="0" timestamp="2020-06-30T21:08:11" hostname="YASHESH" time="0.046">
  <properties/>
  <testcase name="getCourseCodeTest()" classname="com.csci5308.groupme.course.model.CourseTest" time="0.003"/>
  <testcase name="setCourseCrnTest()" classname="com.csci5308.groupme.course.model.CourseTest" time="0.008"/>
  <testcase name="setCourseNameTest()" classname="com.csci5308.groupme.course.model.CourseTest" time="0.004"/>
  <testcase name="defaultConstructorTest()" classname="com.csci5308.groupme.course.model.CourseTest" time="0.003"/>
  <testcase name="getCourseNameTest()" classname="com.csci5308.groupme.course.model.CourseTest" time="0.003"/>
  <testcase name="setCourseCodeTest()" classname="com.csci5308.groupme.course.model.CourseTest" time="0.008"/>
  <testcase name="getCourseCrnTest()" classname="com.csci5308.groupme.course.model.CourseTest" time="0.006"/>
  <testcase name="constructorWithValuesTest()" classname="com.csci5308.groupme.course.model.CourseTest" time="0.003"/>
  <system-out><![CDATA[2020-06-30 18:08:11.826  INFO 23064 --- [    Test worker] o.s.t.c.s.DefaultTestContextBootstrapper : Neither @ContextConfiguration nor @ContextHierarchy found for test class [com.csci5308.groupme.course.model.CourseTest], using DelegatingSmartContextLoader
2020-06-30 18:08:11.826  INFO 23064 --- [    Test worker] o.s.t.c.support.AbstractContextLoader    : Could not detect default resource locations for test class [com.csci5308.groupme.course.model.CourseTest]: no resource found for suffixes {-context.xml}.
2020-06-30 18:08:11.826  INFO 23064 --- [    Test worker] t.c.s.AnnotationConfigContextLoaderUtils : Could not detect default configuration classes for test class [com.csci5308.groupme.course.model.CourseTest]: CourseTest does not declare any static, non-private, non-final, nested classes annotated with @Configuration.
2020-06-30 18:08:11.827  INFO 23064 --- [    Test worker] o.s.t.c.s.DefaultTestContextBootstrapper : Loaded default TestExecutionListener class names from location [META-INF/spring.factories]: [org.springframework.boot.test.autoconfigure.restdocs.RestDocsTestExecutionListener, org.springframework.boot.test.autoconfigure.web.client.MockRestServiceServerResetTestExecutionListener, org.springframework.boot.test.autoconfigure.web.servlet.MockMvcPrintOnlyOnFailureTestExecutionListener, org.springframework.boot.test.autoconfigure.web.servlet.WebDriverTestExecutionListener, org.springframework.boot.test.autoconfigure.webservices.client.MockWebServiceServerTestExecutionListener, org.springframework.boot.test.mock.mockito.MockitoTestExecutionListener, org.springframework.boot.test.mock.mockito.ResetMocksTestExecutionListener, org.springframework.security.test.context.support.WithSecurityContextTestExecutionListener, org.springframework.security.test.context.support.ReactorContextTestExecutionListener, org.springframework.test.context.web.ServletTestExecutionListener, org.springframework.test.context.support.DirtiesContextBeforeModesTestExecutionListener, org.springframework.test.context.support.DependencyInjectionTestExecutionListener, org.springframework.test.context.support.DirtiesContextTestExecutionListener, org.springframework.test.context.transaction.TransactionalTestExecutionListener, org.springframework.test.context.jdbc.SqlScriptsTestExecutionListener, org.springframework.test.context.event.EventPublishingTestExecutionListener]
2020-06-30 18:08:11.830  INFO 23064 --- [    Test worker] o.s.t.c.s.DefaultTestContextBootstrapper : Using TestExecutionListeners: [org.springframework.test.context.web.ServletTestExecutionListener@12ee2d74, org.springframework.test.context.support.DirtiesContextBeforeModesTestExecutionListener@51197241, org.springframework.boot.test.mock.mockito.MockitoTestExecutionListener@55f20238, org.springframework.test.context.support.DependencyInjectionTestExecutionListener@e031cd1, org.springframework.test.context.support.DirtiesContextTestExecutionListener@6d6505e8, org.springframework.security.test.context.support.WithSecurityContextTestExecutionListener@77f4f97f, org.springframework.test.context.event.EventPublishingTestExecutionListener@3252d67b, org.springframework.security.test.context.support.ReactorContextTestExecutionListener@2421a174, org.springframework.boot.test.autoconfigure.restdocs.RestDocsTestExecutionListener@612eba5d, org.springframework.boot.test.autoconfigure.web.client.MockRestServiceServerResetTestExecutionListener@31c19806, org.springframework.boot.test.autoconfigure.web.servlet.MockMvcPrintOnlyOnFailureTestExecutionListener@1584714b, org.springframework.boot.test.autoconfigure.web.servlet.WebDriverTestExecutionListener@3c07488e, org.springframework.boot.test.autoconfigure.webservices.client.MockWebServiceServerTestExecutionListener@286fe101, org.springframework.boot.test.mock.mockito.ResetMocksTestExecutionListener@15535da2]
]]></system-out>
  <system-err><![CDATA[]]></system-err>
</testsuite>
