<?xml version="1.0" encoding="UTF-8"?>
<testsuite name="com.csci5308.groupme.admin.service.AdminServiceTest" tests="6" skipped="0" failures="0" errors="0" timestamp="2020-07-12T04:33:01" hostname="YASHESH" time="0.095">
  <properties/>
  <testcase name="courseNotFoundTest()" classname="com.csci5308.groupme.admin.service.AdminServiceTest" time="0.055"/>
  <testcase name="classAlreadyExistsTest()" classname="com.csci5308.groupme.admin.service.AdminServiceTest" time="0.011"/>
  <testcase name="assignInstructorToCourseTest()" classname="com.csci5308.groupme.admin.service.AdminServiceTest" time="0.004"/>
  <testcase name="dbIssueTest()" classname="com.csci5308.groupme.admin.service.AdminServiceTest" time="0.004"/>
  <testcase name="instructorNotFoundTest()" classname="com.csci5308.groupme.admin.service.AdminServiceTest" time="0.006"/>
  <testcase name="createAndAssignInstructorToCourseTest()" classname="com.csci5308.groupme.admin.service.AdminServiceTest" time="0.005"/>
  <system-out><![CDATA[2020-07-12 01:33:00.051  INFO 2192 --- [    Test worker] o.s.t.c.s.DefaultTestContextBootstrapper : Neither @ContextConfiguration nor @ContextHierarchy found for test class [com.csci5308.groupme.admin.service.AdminServiceTest], using DelegatingSmartContextLoader
2020-07-12 01:33:00.052  INFO 2192 --- [    Test worker] o.s.t.c.support.AbstractContextLoader    : Could not detect default resource locations for test class [com.csci5308.groupme.admin.service.AdminServiceTest]: no resource found for suffixes {-context.xml}.
2020-07-12 01:33:00.053  INFO 2192 --- [    Test worker] t.c.s.AnnotationConfigContextLoaderUtils : Could not detect default configuration classes for test class [com.csci5308.groupme.admin.service.AdminServiceTest]: AdminServiceTest does not declare any static, non-private, non-final, nested classes annotated with @Configuration.
2020-07-12 01:33:00.055  INFO 2192 --- [    Test worker] o.s.t.c.s.DefaultTestContextBootstrapper : Loaded default TestExecutionListener class names from location [META-INF/spring.factories]: [org.springframework.boot.test.autoconfigure.restdocs.RestDocsTestExecutionListener, org.springframework.boot.test.autoconfigure.web.client.MockRestServiceServerResetTestExecutionListener, org.springframework.boot.test.autoconfigure.web.servlet.MockMvcPrintOnlyOnFailureTestExecutionListener, org.springframework.boot.test.autoconfigure.web.servlet.WebDriverTestExecutionListener, org.springframework.boot.test.autoconfigure.webservices.client.MockWebServiceServerTestExecutionListener, org.springframework.boot.test.mock.mockito.MockitoTestExecutionListener, org.springframework.boot.test.mock.mockito.ResetMocksTestExecutionListener, org.springframework.security.test.context.support.WithSecurityContextTestExecutionListener, org.springframework.security.test.context.support.ReactorContextTestExecutionListener, org.springframework.test.context.web.ServletTestExecutionListener, org.springframework.test.context.support.DirtiesContextBeforeModesTestExecutionListener, org.springframework.test.context.support.DependencyInjectionTestExecutionListener, org.springframework.test.context.support.DirtiesContextTestExecutionListener, org.springframework.test.context.transaction.TransactionalTestExecutionListener, org.springframework.test.context.jdbc.SqlScriptsTestExecutionListener, org.springframework.test.context.event.EventPublishingTestExecutionListener]
2020-07-12 01:33:00.159  INFO 2192 --- [    Test worker] o.s.t.c.s.DefaultTestContextBootstrapper : Using TestExecutionListeners: [org.springframework.test.context.web.ServletTestExecutionListener@54542ba, org.springframework.test.context.support.DirtiesContextBeforeModesTestExecutionListener@337d9624, org.springframework.boot.test.mock.mockito.MockitoTestExecutionListener@d022c27, org.springframework.test.context.support.DependencyInjectionTestExecutionListener@3c0dd8d9, org.springframework.test.context.support.DirtiesContextTestExecutionListener@13720d70, org.springframework.security.test.context.support.WithSecurityContextTestExecutionListener@4c61658c, org.springframework.test.context.event.EventPublishingTestExecutionListener@501e1b33, org.springframework.security.test.context.support.ReactorContextTestExecutionListener@207caf9, org.springframework.boot.test.autoconfigure.restdocs.RestDocsTestExecutionListener@11d4e44, org.springframework.boot.test.autoconfigure.web.client.MockRestServiceServerResetTestExecutionListener@461716ee, org.springframework.boot.test.autoconfigure.web.servlet.MockMvcPrintOnlyOnFailureTestExecutionListener@66704a9c, org.springframework.boot.test.autoconfigure.web.servlet.WebDriverTestExecutionListener@5a9c14a9, org.springframework.boot.test.autoconfigure.webservices.client.MockWebServiceServerTestExecutionListener@31980ed0, org.springframework.boot.test.mock.mockito.ResetMocksTestExecutionListener@4f46de6b]
2020-07-12 01:33:01.700  INFO 2192 --- [    Test worker] c.c.g.c.c.i.s.InstructorServiceImpl      : Status -8
2020-07-12 01:33:01.710  INFO 2192 --- [    Test worker] c.c.g.c.c.i.s.InstructorServiceImpl      : Status 1
2020-07-12 01:33:01.716  INFO 2192 --- [    Test worker] c.c.g.c.c.i.s.InstructorServiceImpl      : Status 0
2020-07-12 01:33:01.731  INFO 2192 --- [    Test worker] c.c.g.c.c.i.s.InstructorServiceImpl      : Status 1
]]></system-out>
  <system-err><![CDATA[]]></system-err>
</testsuite>
