<?xml version="1.0" encoding="UTF-8"?>
<testsuite name="com.csci5308.groupme.GroupmeApplicationTests" tests="1" skipped="0" failures="0" errors="0" timestamp="2020-07-01T01:02:50" hostname="YASHESH" time="0.004">
  <properties/>
  <testcase name="contextLoads()" classname="com.csci5308.groupme.GroupmeApplicationTests" time="0.004"/>
  <system-out><![CDATA[2020-06-30 22:02:48.825  INFO 20788 --- [    Test worker] .b.t.c.SpringBootTestContextBootstrapper : Neither @ContextConfiguration nor @ContextHierarchy found for test class [com.csci5308.groupme.GroupmeApplicationTests], using SpringBootContextLoader
2020-06-30 22:02:48.826  INFO 20788 --- [    Test worker] o.s.t.c.support.AbstractContextLoader    : Could not detect default resource locations for test class [com.csci5308.groupme.GroupmeApplicationTests]: no resource found for suffixes {-context.xml, Context.groovy}.
2020-06-30 22:02:48.826  INFO 20788 --- [    Test worker] t.c.s.AnnotationConfigContextLoaderUtils : Could not detect default configuration classes for test class [com.csci5308.groupme.GroupmeApplicationTests]: GroupmeApplicationTests does not declare any static, non-private, non-final, nested classes annotated with @Configuration.
2020-06-30 22:02:48.833  INFO 20788 --- [    Test worker] .b.t.c.SpringBootTestContextBootstrapper : Found @SpringBootConfiguration com.csci5308.groupme.GroupmeApplication for test class com.csci5308.groupme.GroupmeApplicationTests
2020-06-30 22:02:48.836  INFO 20788 --- [    Test worker] .b.t.c.SpringBootTestContextBootstrapper : Loaded default TestExecutionListener class names from location [META-INF/spring.factories]: [org.springframework.boot.test.autoconfigure.restdocs.RestDocsTestExecutionListener, org.springframework.boot.test.autoconfigure.web.client.MockRestServiceServerResetTestExecutionListener, org.springframework.boot.test.autoconfigure.web.servlet.MockMvcPrintOnlyOnFailureTestExecutionListener, org.springframework.boot.test.autoconfigure.web.servlet.WebDriverTestExecutionListener, org.springframework.boot.test.autoconfigure.webservices.client.MockWebServiceServerTestExecutionListener, org.springframework.boot.test.mock.mockito.MockitoTestExecutionListener, org.springframework.boot.test.mock.mockito.ResetMocksTestExecutionListener, org.springframework.security.test.context.support.WithSecurityContextTestExecutionListener, org.springframework.security.test.context.support.ReactorContextTestExecutionListener, org.springframework.test.context.web.ServletTestExecutionListener, org.springframework.test.context.support.DirtiesContextBeforeModesTestExecutionListener, org.springframework.test.context.support.DependencyInjectionTestExecutionListener, org.springframework.test.context.support.DirtiesContextTestExecutionListener, org.springframework.test.context.transaction.TransactionalTestExecutionListener, org.springframework.test.context.jdbc.SqlScriptsTestExecutionListener, org.springframework.test.context.event.EventPublishingTestExecutionListener]
2020-06-30 22:02:48.838  INFO 20788 --- [    Test worker] .b.t.c.SpringBootTestContextBootstrapper : Using TestExecutionListeners: [org.springframework.test.context.web.ServletTestExecutionListener@69415f24, org.springframework.test.context.support.DirtiesContextBeforeModesTestExecutionListener@51dafd88, org.springframework.boot.test.mock.mockito.MockitoTestExecutionListener@224139cd, org.springframework.boot.test.autoconfigure.SpringBootDependencyInjectionTestExecutionListener@cac0b99, org.springframework.test.context.support.DirtiesContextTestExecutionListener@6f77dd57, org.springframework.security.test.context.support.WithSecurityContextTestExecutionListener@69474b8c, org.springframework.test.context.event.EventPublishingTestExecutionListener@42e38838, org.springframework.security.test.context.support.ReactorContextTestExecutionListener@2effa33e, org.springframework.boot.test.autoconfigure.restdocs.RestDocsTestExecutionListener@7f335ed3, org.springframework.boot.test.autoconfigure.web.client.MockRestServiceServerResetTestExecutionListener@2cfb6192, org.springframework.boot.test.autoconfigure.web.servlet.MockMvcPrintOnlyOnFailureTestExecutionListener@72879e7d, org.springframework.boot.test.autoconfigure.web.servlet.WebDriverTestExecutionListener@21b22540, org.springframework.boot.test.autoconfigure.webservices.client.MockWebServiceServerTestExecutionListener@44923263, org.springframework.boot.test.mock.mockito.ResetMocksTestExecutionListener@33123c92]

  .   ____          _            __ _ _
 /\\ / ___'_ __ _ _(_)_ __  __ _ \ \ \ \
( ( )\___ | '_ | '_| | '_ \/ _` | \ \ \ \
 \\/  ___)| |_)| | | | | || (_| |  ) ) ) )
  '  |____| .__|_| |_|_| |_\__, | / / / /
 =========|_|==============|___/=/_/_/_/
 :: Spring Boot ::        (v2.3.0.RELEASE)

2020-06-30 22:02:48.953  INFO 20788 --- [    Test worker] c.c.groupme.GroupmeApplicationTests      : Starting GroupmeApplicationTests on Yashesh with PID 20788 (started by yashe in E:\DAL\SEM 3\ASDC\project\group19)
2020-06-30 22:02:48.954  INFO 20788 --- [    Test worker] c.c.groupme.GroupmeApplicationTests      : No active profile set, falling back to default profiles: default
2020-06-30 22:02:49.611  INFO 20788 --- [    Test worker] o.s.s.web.DefaultSecurityFilterChain     : Creating filter chain: any request, [org.springframework.security.web.context.request.async.WebAsyncManagerIntegrationFilter@4c53dd2f, org.springframework.security.web.context.SecurityContextPersistenceFilter@795cd853, org.springframework.security.web.header.HeaderWriterFilter@4e29fefa, org.springframework.security.web.authentication.logout.LogoutFilter@dca04c0, org.springframework.security.web.authentication.UsernamePasswordAuthenticationFilter@590d392c, org.springframework.security.web.savedrequest.RequestCacheAwareFilter@7c796262, org.springframework.security.web.servletapi.SecurityContextHolderAwareRequestFilter@7d268d39, org.springframework.security.web.authentication.AnonymousAuthenticationFilter@510de51, org.springframework.security.web.session.SessionManagementFilter@6a00a05f, org.springframework.security.web.access.ExceptionTranslationFilter@66cc7d9f, org.springframework.security.web.access.intercept.FilterSecurityInterceptor@6460a3b4]
2020-06-30 22:02:49.818  INFO 20788 --- [    Test worker] o.s.s.concurrent.ThreadPoolTaskExecutor  : Initializing ExecutorService 'applicationTaskExecutor'
2020-06-30 22:02:50.082  INFO 20788 --- [    Test worker] c.c.groupme.GroupmeApplicationTests      : Started GroupmeApplicationTests in 1.241 seconds (JVM running for 9.22)
]]></system-out>
  <system-err><![CDATA[]]></system-err>
</testsuite>
