<?xml version="1.0" encoding="UTF-8"?>
<testsuite name="com.csci5308.groupme.auth.LoginSuccessHandlerTest" tests="10" skipped="0" failures="0" errors="0" timestamp="2020-07-01T01:02:47" hostname="YASHESH" time="0.116">
  <properties/>
  <testcase name="landingUrlTestForInstructor()" classname="com.csci5308.groupme.auth.LoginSuccessHandlerTest" time="0.066"/>
  <testcase name="landingUrlTestForTAInstructor()" classname="com.csci5308.groupme.auth.LoginSuccessHandlerTest" time="0.004"/>
  <testcase name="landingUrlTestForAdmin()" classname="com.csci5308.groupme.auth.LoginSuccessHandlerTest" time="0.006"/>
  <testcase name="landingUrlTestForGuest()" classname="com.csci5308.groupme.auth.LoginSuccessHandlerTest" time="0.002"/>
  <testcase name="landingUrlTestForTA()" classname="com.csci5308.groupme.auth.LoginSuccessHandlerTest" time="0.002"/>
  <testcase name="landingUrlTestForStudentTAInstructor()" classname="com.csci5308.groupme.auth.LoginSuccessHandlerTest" time="0.003"/>
  <testcase name="landingUrlTestForStudentInstructor()" classname="com.csci5308.groupme.auth.LoginSuccessHandlerTest" time="0.003"/>
  <testcase name="landingUrlTestForStudent()" classname="com.csci5308.groupme.auth.LoginSuccessHandlerTest" time="0.008"/>
  <testcase name="landingUrlTestForStudentTA()" classname="com.csci5308.groupme.auth.LoginSuccessHandlerTest" time="0.007"/>
  <testcase name="landingUrlTestForGuestOverride()" classname="com.csci5308.groupme.auth.LoginSuccessHandlerTest" time="0.003"/>
  <system-out><![CDATA[2020-06-30 22:02:47.858  INFO 20788 --- [    Test worker] c.c.g.auth.config.LoginSuccessHandler    : ROLE_INSTRUCTOR
2020-06-30 22:02:47.872  INFO 20788 --- [    Test worker] c.c.g.auth.config.LoginSuccessHandler    : ROLE_INSTRUCTOR
2020-06-30 22:02:47.873  INFO 20788 --- [    Test worker] c.c.g.auth.config.LoginSuccessHandler    : ROLE_TA
2020-06-30 22:02:47.879  INFO 20788 --- [    Test worker] c.c.g.auth.config.LoginSuccessHandler    : ROLE_ADMIN
2020-06-30 22:02:47.885  INFO 20788 --- [    Test worker] c.c.g.auth.config.LoginSuccessHandler    : ROLE_GUEST
2020-06-30 22:02:47.887  INFO 20788 --- [    Test worker] c.c.g.auth.config.LoginSuccessHandler    : ROLE_TA
2020-06-30 22:02:47.890  INFO 20788 --- [    Test worker] c.c.g.auth.config.LoginSuccessHandler    : ROLE_STUDENT
2020-06-30 22:02:47.891  INFO 20788 --- [    Test worker] c.c.g.auth.config.LoginSuccessHandler    : ROLE_INSTRUCTOR
2020-06-30 22:02:47.891  INFO 20788 --- [    Test worker] c.c.g.auth.config.LoginSuccessHandler    : ROLE_TA
2020-06-30 22:02:47.894  INFO 20788 --- [    Test worker] c.c.g.auth.config.LoginSuccessHandler    : ROLE_STUDENT
2020-06-30 22:02:47.895  INFO 20788 --- [    Test worker] c.c.g.auth.config.LoginSuccessHandler    : ROLE_INSTRUCTOR
2020-06-30 22:02:47.901  INFO 20788 --- [    Test worker] c.c.g.auth.config.LoginSuccessHandler    : ROLE_STUDENT
2020-06-30 22:02:47.911  INFO 20788 --- [    Test worker] c.c.g.auth.config.LoginSuccessHandler    : ROLE_STUDENT
2020-06-30 22:02:47.911  INFO 20788 --- [    Test worker] c.c.g.auth.config.LoginSuccessHandler    : ROLE_TA
2020-06-30 22:02:47.914  INFO 20788 --- [    Test worker] c.c.g.auth.config.LoginSuccessHandler    : ROLE_STUDENT
2020-06-30 22:02:47.914  INFO 20788 --- [    Test worker] c.c.g.auth.config.LoginSuccessHandler    : ROLE_INSTRUCTOR
2020-06-30 22:02:47.914  INFO 20788 --- [    Test worker] c.c.g.auth.config.LoginSuccessHandler    : ROLE_TA
]]></system-out>
  <system-err><![CDATA[]]></system-err>
</testsuite>
