<?xml version="1.0" encoding="UTF-8"?>
<testsuite name="com.csci5308.groupme.admin.service.AdminServiceTest" tests="6" skipped="0" failures="0" errors="0" timestamp="2020-06-30T21:08:11" hostname="YASHESH" time="0.08">
  <properties/>
  <testcase name="courseNotFoundTest()" classname="com.csci5308.groupme.admin.service.AdminServiceTest" time="0.018"/>
  <testcase name="classAlreadyExistsTest()" classname="com.csci5308.groupme.admin.service.AdminServiceTest" time="0.004"/>
  <testcase name="assignInstructorToCourseTest()" classname="com.csci5308.groupme.admin.service.AdminServiceTest" time="0.005"/>
  <testcase name="dbIssueTest()" classname="com.csci5308.groupme.admin.service.AdminServiceTest" time="0.01"/>
  <testcase name="instructorNotFoundTest()" classname="com.csci5308.groupme.admin.service.AdminServiceTest" time="0.008"/>
  <testcase name="createAndAssignInstructorToCourseTest()" classname="com.csci5308.groupme.admin.service.AdminServiceTest" time="0.009"/>
  <system-out><![CDATA[2020-06-30 18:08:10.935  INFO 23064 --- [    Test worker] o.s.t.c.s.DefaultTestContextBootstrapper : Neither @ContextConfiguration nor @ContextHierarchy found for test class [com.csci5308.groupme.admin.service.AdminServiceTest], using DelegatingSmartContextLoader
2020-06-30 18:08:10.936  INFO 23064 --- [    Test worker] o.s.t.c.support.AbstractContextLoader    : Could not detect default resource locations for test class [com.csci5308.groupme.admin.service.AdminServiceTest]: no resource found for suffixes {-context.xml}.
2020-06-30 18:08:10.945  INFO 23064 --- [    Test worker] t.c.s.AnnotationConfigContextLoaderUtils : Could not detect default configuration classes for test class [com.csci5308.groupme.admin.service.AdminServiceTest]: AdminServiceTest does not declare any static, non-private, non-final, nested classes annotated with @Configuration.
2020-06-30 18:08:10.947  INFO 23064 --- [    Test worker] o.s.t.c.s.DefaultTestContextBootstrapper : Loaded default TestExecutionListener class names from location [META-INF/spring.factories]: [org.springframework.boot.test.autoconfigure.restdocs.RestDocsTestExecutionListener, org.springframework.boot.test.autoconfigure.web.client.MockRestServiceServerResetTestExecutionListener, org.springframework.boot.test.autoconfigure.web.servlet.MockMvcPrintOnlyOnFailureTestExecutionListener, org.springframework.boot.test.autoconfigure.web.servlet.WebDriverTestExecutionListener, org.springframework.boot.test.autoconfigure.webservices.client.MockWebServiceServerTestExecutionListener, org.springframework.boot.test.mock.mockito.MockitoTestExecutionListener, org.springframework.boot.test.mock.mockito.ResetMocksTestExecutionListener, org.springframework.security.test.context.support.WithSecurityContextTestExecutionListener, org.springframework.security.test.context.support.ReactorContextTestExecutionListener, org.springframework.test.context.web.ServletTestExecutionListener, org.springframework.test.context.support.DirtiesContextBeforeModesTestExecutionListener, org.springframework.test.context.support.DependencyInjectionTestExecutionListener, org.springframework.test.context.support.DirtiesContextTestExecutionListener, org.springframework.test.context.transaction.TransactionalTestExecutionListener, org.springframework.test.context.jdbc.SqlScriptsTestExecutionListener, org.springframework.test.context.event.EventPublishingTestExecutionListener]
2020-06-30 18:08:10.949  INFO 23064 --- [    Test worker] o.s.t.c.s.DefaultTestContextBootstrapper : Using TestExecutionListeners: [org.springframework.test.context.web.ServletTestExecutionListener@771eb1b1, org.springframework.test.context.support.DirtiesContextBeforeModesTestExecutionListener@3a0e1502, org.springframework.boot.test.mock.mockito.MockitoTestExecutionListener@1257de99, org.springframework.test.context.support.DependencyInjectionTestExecutionListener@7950049b, org.springframework.test.context.support.DirtiesContextTestExecutionListener@7b41a139, org.springframework.security.test.context.support.WithSecurityContextTestExecutionListener@31ad1d56, org.springframework.test.context.event.EventPublishingTestExecutionListener@1da2beec, org.springframework.security.test.context.support.ReactorContextTestExecutionListener@642f151f, org.springframework.boot.test.autoconfigure.restdocs.RestDocsTestExecutionListener@129128ca, org.springframework.boot.test.autoconfigure.web.client.MockRestServiceServerResetTestExecutionListener@4b0fc063, org.springframework.boot.test.autoconfigure.web.servlet.MockMvcPrintOnlyOnFailureTestExecutionListener@43525230, org.springframework.boot.test.autoconfigure.web.servlet.WebDriverTestExecutionListener@5f4920a8, org.springframework.boot.test.autoconfigure.webservices.client.MockWebServiceServerTestExecutionListener@440584f3, org.springframework.boot.test.mock.mockito.ResetMocksTestExecutionListener@71bc48c8]
2020-06-30 18:08:11.696  INFO 23064 --- [    Test worker] c.c.g.c.i.service.InstructorServiceImpl  : Status -8
2020-06-30 18:08:11.702  INFO 23064 --- [    Test worker] c.c.g.c.i.service.InstructorServiceImpl  : Status 1
2020-06-30 18:08:11.712  INFO 23064 --- [    Test worker] c.c.g.c.i.service.InstructorServiceImpl  : Status 0
2020-06-30 18:08:11.750  INFO 23064 --- [    Test worker] c.c.g.c.i.service.InstructorServiceImpl  : Status 1
]]></system-out>
  <system-err><![CDATA[]]></system-err>
</testsuite>
