<?xml version="1.0" encoding="UTF-8"?>
<testsuite name="com.csci5308.groupme.user.service.SendEmailConfigurationImplTest" tests="1" skipped="0" failures="0" errors="0" timestamp="2020-06-18T05:52:28" hostname="YASHESH" time="0.001">
  <properties/>
  <testcase name="initiateEmailSenderTest()" classname="com.csci5308.groupme.user.service.SendEmailConfigurationImplTest" time="0.001"/>
  <system-out><![CDATA[]]></system-out>
  <system-err><![CDATA[]]></system-err>
</testsuite>
