<?xml version="1.0" encoding="UTF-8"?>
<testsuite name="com.csci5308.groupme.auth.config.PasswordPropertiesTest" tests="1" skipped="0" failures="0" errors="0" timestamp="2020-06-30T21:08:10" hostname="YASHESH" time="0.085">
  <properties/>
  <testcase name="loadPasswordPropertiesTest()" classname="com.csci5308.groupme.auth.config.PasswordPropertiesTest" time="0.085"/>
  <system-out><![CDATA[2020-06-30 18:08:10.375  INFO 23064 --- [    Test worker] c.c.g.a.config.PasswordPropertiesTest    : Invalid chars: *()
]]></system-out>
  <system-err><![CDATA[]]></system-err>
</testsuite>
