<?xml version="1.0" encoding="UTF-8"?>
<testsuite name="com.csci5308.groupme.instructor.service.InstructorServiceImplTest" tests="1" skipped="0" failures="0" errors="0" timestamp="2020-06-14T21:36:29" hostname="YASHESH" time="0.037">
  <properties/>
  <testcase name="readAllTest()" classname="com.csci5308.groupme.instructor.service.InstructorServiceImplTest" time="0.037"/>
  <system-out><![CDATA[2020-06-14 18:36:29.791  INFO 19372 --- [    Test worker] o.s.t.c.s.DefaultTestContextBootstrapper : Neither @ContextConfiguration nor @ContextHierarchy found for test class [com.csci5308.groupme.instructor.service.InstructorServiceImplTest], using DelegatingSmartContextLoader
2020-06-14 18:36:29.822  INFO 19372 --- [    Test worker] o.s.t.c.support.AbstractContextLoader    : Could not detect default resource locations for test class [com.csci5308.groupme.instructor.service.InstructorServiceImplTest]: no resource found for suffixes {-context.xml}.
2020-06-14 18:36:29.836  INFO 19372 --- [    Test worker] t.c.s.AnnotationConfigContextLoaderUtils : Could not detect default configuration classes for test class [com.csci5308.groupme.instructor.service.InstructorServiceImplTest]: InstructorServiceImplTest does not declare any static, non-private, non-final, nested classes annotated with @Configuration.
2020-06-14 18:36:29.838  INFO 19372 --- [    Test worker] o.s.t.c.s.DefaultTestContextBootstrapper : Loaded default TestExecutionListener class names from location [META-INF/spring.factories]: [org.springframework.boot.test.autoconfigure.restdocs.RestDocsTestExecutionListener, org.springframework.boot.test.autoconfigure.web.client.MockRestServiceServerResetTestExecutionListener, org.springframework.boot.test.autoconfigure.web.servlet.MockMvcPrintOnlyOnFailureTestExecutionListener, org.springframework.boot.test.autoconfigure.web.servlet.WebDriverTestExecutionListener, org.springframework.boot.test.autoconfigure.webservices.client.MockWebServiceServerTestExecutionListener, org.springframework.boot.test.mock.mockito.MockitoTestExecutionListener, org.springframework.boot.test.mock.mockito.ResetMocksTestExecutionListener, org.springframework.security.test.context.support.WithSecurityContextTestExecutionListener, org.springframework.security.test.context.support.ReactorContextTestExecutionListener, org.springframework.test.context.web.ServletTestExecutionListener, org.springframework.test.context.support.DirtiesContextBeforeModesTestExecutionListener, org.springframework.test.context.support.DependencyInjectionTestExecutionListener, org.springframework.test.context.support.DirtiesContextTestExecutionListener, org.springframework.test.context.transaction.TransactionalTestExecutionListener, org.springframework.test.context.jdbc.SqlScriptsTestExecutionListener, org.springframework.test.context.event.EventPublishingTestExecutionListener]
2020-06-14 18:36:29.842  INFO 19372 --- [    Test worker] o.s.t.c.s.DefaultTestContextBootstrapper : Using TestExecutionListeners: [org.springframework.test.context.web.ServletTestExecutionListener@400ed7cd, org.springframework.test.context.support.DirtiesContextBeforeModesTestExecutionListener@70954f8a, org.springframework.boot.test.mock.mockito.MockitoTestExecutionListener@2d00d6c1, org.springframework.test.context.support.DependencyInjectionTestExecutionListener@304c5e1a, org.springframework.test.context.support.DirtiesContextTestExecutionListener@64a4761, org.springframework.security.test.context.support.WithSecurityContextTestExecutionListener@5c79b13d, org.springframework.test.context.event.EventPublishingTestExecutionListener@7764c2ad, org.springframework.security.test.context.support.ReactorContextTestExecutionListener@250afed5, org.springframework.boot.test.autoconfigure.restdocs.RestDocsTestExecutionListener@712fd45a, org.springframework.boot.test.autoconfigure.web.client.MockRestServiceServerResetTestExecutionListener@60ce631b, org.springframework.boot.test.autoconfigure.web.servlet.MockMvcPrintOnlyOnFailureTestExecutionListener@31eea405, org.springframework.boot.test.autoconfigure.web.servlet.WebDriverTestExecutionListener@43e018bb, org.springframework.boot.test.autoconfigure.webservices.client.MockWebServiceServerTestExecutionListener@4ce29999, org.springframework.boot.test.mock.mockito.ResetMocksTestExecutionListener@5fa7eda5]
]]></system-out>
  <system-err><![CDATA[]]></system-err>
</testsuite>
