<?xml version="1.0" encoding="UTF-8"?>
<testsuite name="com.csci5308.groupme.instructor.service.EnrollmentServiceImplTest" tests="1" skipped="0" failures="0" errors="0" timestamp="2020-06-18T05:52:21" hostname="YASHESH" time="0.031">
  <properties/>
  <testcase name="readAllTest()" classname="com.csci5308.groupme.instructor.service.EnrollmentServiceImplTest" time="0.031"/>
  <system-out><![CDATA[2020-06-18 02:52:21.095  INFO 17904 --- [    Test worker] o.s.t.c.s.DefaultTestContextBootstrapper : Neither @ContextConfiguration nor @ContextHierarchy found for test class [com.csci5308.groupme.instructor.service.EnrollmentServiceImplTest], using DelegatingSmartContextLoader
2020-06-18 02:52:21.097  INFO 17904 --- [    Test worker] o.s.t.c.support.AbstractContextLoader    : Could not detect default resource locations for test class [com.csci5308.groupme.instructor.service.EnrollmentServiceImplTest]: no resource found for suffixes {-context.xml}.
2020-06-18 02:52:21.099  INFO 17904 --- [    Test worker] t.c.s.AnnotationConfigContextLoaderUtils : Could not detect default configuration classes for test class [com.csci5308.groupme.instructor.service.EnrollmentServiceImplTest]: EnrollmentServiceImplTest does not declare any static, non-private, non-final, nested classes annotated with @Configuration.
2020-06-18 02:52:21.101  INFO 17904 --- [    Test worker] o.s.t.c.s.DefaultTestContextBootstrapper : Loaded default TestExecutionListener class names from location [META-INF/spring.factories]: [org.springframework.boot.test.autoconfigure.restdocs.RestDocsTestExecutionListener, org.springframework.boot.test.autoconfigure.web.client.MockRestServiceServerResetTestExecutionListener, org.springframework.boot.test.autoconfigure.web.servlet.MockMvcPrintOnlyOnFailureTestExecutionListener, org.springframework.boot.test.autoconfigure.web.servlet.WebDriverTestExecutionListener, org.springframework.boot.test.autoconfigure.webservices.client.MockWebServiceServerTestExecutionListener, org.springframework.boot.test.mock.mockito.MockitoTestExecutionListener, org.springframework.boot.test.mock.mockito.ResetMocksTestExecutionListener, org.springframework.security.test.context.support.WithSecurityContextTestExecutionListener, org.springframework.security.test.context.support.ReactorContextTestExecutionListener, org.springframework.test.context.web.ServletTestExecutionListener, org.springframework.test.context.support.DirtiesContextBeforeModesTestExecutionListener, org.springframework.test.context.support.DependencyInjectionTestExecutionListener, org.springframework.test.context.support.DirtiesContextTestExecutionListener, org.springframework.test.context.transaction.TransactionalTestExecutionListener, org.springframework.test.context.jdbc.SqlScriptsTestExecutionListener, org.springframework.test.context.event.EventPublishingTestExecutionListener]
2020-06-18 02:52:21.108  INFO 17904 --- [    Test worker] o.s.t.c.s.DefaultTestContextBootstrapper : Using TestExecutionListeners: [org.springframework.test.context.web.ServletTestExecutionListener@47e1e1a, org.springframework.test.context.support.DirtiesContextBeforeModesTestExecutionListener@119e4a94, org.springframework.boot.test.mock.mockito.MockitoTestExecutionListener@16ac718e, org.springframework.test.context.support.DependencyInjectionTestExecutionListener@1fd7012b, org.springframework.test.context.support.DirtiesContextTestExecutionListener@6b2d4205, org.springframework.security.test.context.support.WithSecurityContextTestExecutionListener@8846f1e, org.springframework.test.context.event.EventPublishingTestExecutionListener@7dd14f81, org.springframework.security.test.context.support.ReactorContextTestExecutionListener@5aa8c749, org.springframework.boot.test.autoconfigure.restdocs.RestDocsTestExecutionListener@5b948b73, org.springframework.boot.test.autoconfigure.web.client.MockRestServiceServerResetTestExecutionListener@7043f380, org.springframework.boot.test.autoconfigure.web.servlet.MockMvcPrintOnlyOnFailureTestExecutionListener@719074e, org.springframework.boot.test.autoconfigure.web.servlet.WebDriverTestExecutionListener@1b171a6b, org.springframework.boot.test.autoconfigure.webservices.client.MockWebServiceServerTestExecutionListener@64a7d569, org.springframework.boot.test.mock.mockito.ResetMocksTestExecutionListener@b97e58e]
]]></system-out>
  <system-err><![CDATA[]]></system-err>
</testsuite>
