<?xml version="1.0" encoding="UTF-8"?>
<testsuite name="com.csci5308.groupme.user.model.UserAuthDetailsTest" tests="1" skipped="0" failures="0" errors="0" timestamp="2020-06-13T05:31:10" hostname="YASHESH" time="0.004">
  <properties/>
  <testcase name="getAuthoritiesTest()" classname="com.csci5308.groupme.user.model.UserAuthDetailsTest" time="0.004"/>
  <system-out><![CDATA[2020-06-13 02:31:10.582  INFO 6120 --- [    Test worker] o.s.t.c.s.DefaultTestContextBootstrapper : Neither @ContextConfiguration nor @ContextHierarchy found for test class [com.csci5308.groupme.user.model.UserAuthDetailsTest], using DelegatingSmartContextLoader
2020-06-13 02:31:10.583  INFO 6120 --- [    Test worker] o.s.t.c.support.AbstractContextLoader    : Could not detect default resource locations for test class [com.csci5308.groupme.user.model.UserAuthDetailsTest]: no resource found for suffixes {-context.xml}.
2020-06-13 02:31:10.583  INFO 6120 --- [    Test worker] t.c.s.AnnotationConfigContextLoaderUtils : Could not detect default configuration classes for test class [com.csci5308.groupme.user.model.UserAuthDetailsTest]: UserAuthDetailsTest does not declare any static, non-private, non-final, nested classes annotated with @Configuration.
2020-06-13 02:31:10.585  INFO 6120 --- [    Test worker] o.s.t.c.s.DefaultTestContextBootstrapper : Loaded default TestExecutionListener class names from location [META-INF/spring.factories]: [org.springframework.boot.test.autoconfigure.restdocs.RestDocsTestExecutionListener, org.springframework.boot.test.autoconfigure.web.client.MockRestServiceServerResetTestExecutionListener, org.springframework.boot.test.autoconfigure.web.servlet.MockMvcPrintOnlyOnFailureTestExecutionListener, org.springframework.boot.test.autoconfigure.web.servlet.WebDriverTestExecutionListener, org.springframework.boot.test.autoconfigure.webservices.client.MockWebServiceServerTestExecutionListener, org.springframework.boot.test.mock.mockito.MockitoTestExecutionListener, org.springframework.boot.test.mock.mockito.ResetMocksTestExecutionListener, org.springframework.security.test.context.support.WithSecurityContextTestExecutionListener, org.springframework.security.test.context.support.ReactorContextTestExecutionListener, org.springframework.test.context.web.ServletTestExecutionListener, org.springframework.test.context.support.DirtiesContextBeforeModesTestExecutionListener, org.springframework.test.context.support.DependencyInjectionTestExecutionListener, org.springframework.test.context.support.DirtiesContextTestExecutionListener, org.springframework.test.context.transaction.TransactionalTestExecutionListener, org.springframework.test.context.jdbc.SqlScriptsTestExecutionListener, org.springframework.test.context.event.EventPublishingTestExecutionListener]
2020-06-13 02:31:10.589  INFO 6120 --- [    Test worker] o.s.t.c.s.DefaultTestContextBootstrapper : Using TestExecutionListeners: [org.springframework.test.context.web.ServletTestExecutionListener@5e8a0072, org.springframework.test.context.support.DirtiesContextBeforeModesTestExecutionListener@4fd0750, org.springframework.boot.test.mock.mockito.MockitoTestExecutionListener@117f373, org.springframework.test.context.support.DependencyInjectionTestExecutionListener@1764a64, org.springframework.test.context.support.DirtiesContextTestExecutionListener@f7153a8, org.springframework.security.test.context.support.WithSecurityContextTestExecutionListener@63da0291, org.springframework.test.context.event.EventPublishingTestExecutionListener@5de8f9f2, org.springframework.security.test.context.support.ReactorContextTestExecutionListener@6e7ebd41, org.springframework.boot.test.autoconfigure.restdocs.RestDocsTestExecutionListener@6b975f35, org.springframework.boot.test.autoconfigure.web.client.MockRestServiceServerResetTestExecutionListener@586a065c, org.springframework.boot.test.autoconfigure.web.servlet.MockMvcPrintOnlyOnFailureTestExecutionListener@425753ca, org.springframework.boot.test.autoconfigure.web.servlet.WebDriverTestExecutionListener@59d86a74, org.springframework.boot.test.autoconfigure.webservices.client.MockWebServiceServerTestExecutionListener@8e7e88d, org.springframework.boot.test.mock.mockito.ResetMocksTestExecutionListener@37472b]
]]></system-out>
  <system-err><![CDATA[]]></system-err>
</testsuite>
