<?xml version="1.0" encoding="UTF-8"?>
<testsuite name="com.csci5308.groupme.auth.config.PasswordPropertiesTest" tests="1" skipped="0" failures="0" errors="0" timestamp="2020-07-14T04:56:18" hostname="YASHESH" time="0.011">
  <properties/>
  <testcase name="loadPasswordPropertiesTest()" classname="com.csci5308.groupme.auth.config.PasswordPropertiesTest" time="0.011"/>
  <system-out><![CDATA[2020-07-14 01:56:18.183  INFO 30468 --- [    Test worker] c.c.g.a.config.PasswordPropertiesTest    : Invalid chars: *()
]]></system-out>
  <system-err><![CDATA[]]></system-err>
</testsuite>
