<?xml version="1.0" encoding="UTF-8"?>
<testsuite name="com.csci5308.groupme.course.service.CourseServiceImplTest" tests="7" skipped="0" failures="0" errors="0" timestamp="2020-07-01T01:02:48" hostname="YASHESH" time="0.057">
  <properties/>
  <testcase name="getCoursesByUserNameAndRoleTest()" classname="com.csci5308.groupme.course.service.CourseServiceImplTest" time="0.007"/>
  <testcase name="noCourseToDeleteTest()" classname="com.csci5308.groupme.course.service.CourseServiceImplTest" time="0.004"/>
  <testcase name="findAllCoursesTest()" classname="com.csci5308.groupme.course.service.CourseServiceImplTest" time="0.008"/>
  <testcase name="findCoursesByStudentUserNameTest()" classname="com.csci5308.groupme.course.service.CourseServiceImplTest" time="0.006"/>
  <testcase name="saveCourseTest()" classname="com.csci5308.groupme.course.service.CourseServiceImplTest" time="0.004"/>
  <testcase name="deleteCourseTest()" classname="com.csci5308.groupme.course.service.CourseServiceImplTest" time="0.004"/>
  <testcase name="courseExistsTest()" classname="com.csci5308.groupme.course.service.CourseServiceImplTest" time="0.004"/>
  <system-out><![CDATA[2020-06-30 22:02:47.986  INFO 20788 --- [    Test worker] o.s.t.c.s.DefaultTestContextBootstrapper : Neither @ContextConfiguration nor @ContextHierarchy found for test class [com.csci5308.groupme.course.service.CourseServiceImplTest], using DelegatingSmartContextLoader
2020-06-30 22:02:47.988  INFO 20788 --- [    Test worker] o.s.t.c.support.AbstractContextLoader    : Could not detect default resource locations for test class [com.csci5308.groupme.course.service.CourseServiceImplTest]: no resource found for suffixes {-context.xml}.
2020-06-30 22:02:47.988  INFO 20788 --- [    Test worker] t.c.s.AnnotationConfigContextLoaderUtils : Could not detect default configuration classes for test class [com.csci5308.groupme.course.service.CourseServiceImplTest]: CourseServiceImplTest does not declare any static, non-private, non-final, nested classes annotated with @Configuration.
2020-06-30 22:02:47.992  INFO 20788 --- [    Test worker] o.s.t.c.s.DefaultTestContextBootstrapper : Loaded default TestExecutionListener class names from location [META-INF/spring.factories]: [org.springframework.boot.test.autoconfigure.restdocs.RestDocsTestExecutionListener, org.springframework.boot.test.autoconfigure.web.client.MockRestServiceServerResetTestExecutionListener, org.springframework.boot.test.autoconfigure.web.servlet.MockMvcPrintOnlyOnFailureTestExecutionListener, org.springframework.boot.test.autoconfigure.web.servlet.WebDriverTestExecutionListener, org.springframework.boot.test.autoconfigure.webservices.client.MockWebServiceServerTestExecutionListener, org.springframework.boot.test.mock.mockito.MockitoTestExecutionListener, org.springframework.boot.test.mock.mockito.ResetMocksTestExecutionListener, org.springframework.security.test.context.support.WithSecurityContextTestExecutionListener, org.springframework.security.test.context.support.ReactorContextTestExecutionListener, org.springframework.test.context.web.ServletTestExecutionListener, org.springframework.test.context.support.DirtiesContextBeforeModesTestExecutionListener, org.springframework.test.context.support.DependencyInjectionTestExecutionListener, org.springframework.test.context.support.DirtiesContextTestExecutionListener, org.springframework.test.context.transaction.TransactionalTestExecutionListener, org.springframework.test.context.jdbc.SqlScriptsTestExecutionListener, org.springframework.test.context.event.EventPublishingTestExecutionListener]
2020-06-30 22:02:47.995  INFO 20788 --- [    Test worker] o.s.t.c.s.DefaultTestContextBootstrapper : Using TestExecutionListeners: [org.springframework.test.context.web.ServletTestExecutionListener@62e04e37, org.springframework.test.context.support.DirtiesContextBeforeModesTestExecutionListener@7effea47, org.springframework.boot.test.mock.mockito.MockitoTestExecutionListener@13de9ac6, org.springframework.test.context.support.DependencyInjectionTestExecutionListener@6b2141d4, org.springframework.test.context.support.DirtiesContextTestExecutionListener@bd02b71, org.springframework.security.test.context.support.WithSecurityContextTestExecutionListener@a7c559e, org.springframework.test.context.event.EventPublishingTestExecutionListener@6d13f6bd, org.springframework.security.test.context.support.ReactorContextTestExecutionListener@c5d352a, org.springframework.boot.test.autoconfigure.restdocs.RestDocsTestExecutionListener@65c1c73, org.springframework.boot.test.autoconfigure.web.client.MockRestServiceServerResetTestExecutionListener@6e647983, org.springframework.boot.test.autoconfigure.web.servlet.MockMvcPrintOnlyOnFailureTestExecutionListener@1c30ccec, org.springframework.boot.test.autoconfigure.web.servlet.WebDriverTestExecutionListener@79214e25, org.springframework.boot.test.autoconfigure.webservices.client.MockWebServiceServerTestExecutionListener@1ff87af6, org.springframework.boot.test.mock.mockito.ResetMocksTestExecutionListener@521db0eb]
]]></system-out>
  <system-err><![CDATA[]]></system-err>
</testsuite>
