<?xml version="1.0" encoding="UTF-8"?>
<testsuite name="com.csci5308.groupme.user.service.UserServiceTest" tests="5" skipped="0" failures="0" errors="0" timestamp="2020-06-05T00:42:25" hostname="YASHESH" time="0.051">
  <properties/>
  <testcase name="registerUserTest()" classname="com.csci5308.groupme.user.service.UserServiceTest" time="0.04"/>
  <testcase name="updatePasswordTest()" classname="com.csci5308.groupme.user.service.UserServiceTest" time="0.003"/>
  <testcase name="updatePasswordNoEmailTest()" classname="com.csci5308.groupme.user.service.UserServiceTest" time="0.002"/>
  <testcase name="emailAlreadytExistsTest()" classname="com.csci5308.groupme.user.service.UserServiceTest" time="0.002"/>
  <testcase name="userNameAlreadytExistsTest()" classname="com.csci5308.groupme.user.service.UserServiceTest" time="0.001"/>
  <system-out><![CDATA[2020-06-04 21:42:25.518  INFO 25544 --- [    Test worker] c.c.g.user.service.UserServiceImpl       : Encoding the password for testuser123
2020-06-04 21:42:25.524  INFO 25544 --- [    Test worker] c.c.g.user.service.UserServiceImpl       : Password updated.....
2020-06-04 21:42:25.532  INFO 25544 --- [    Test worker] c.c.g.user.service.UserServiceImpl       : Encoding the password for testuser123
]]></system-out>
  <system-err><![CDATA[]]></system-err>
</testsuite>
