<?xml version="1.0" encoding="UTF-8"?>
<testsuite name="com.csci5308.groupme.auth.controller.HomeControllerTest" tests="6" skipped="0" failures="0" errors="0" timestamp="2020-06-05T00:42:18" hostname="YASHESH" time="0.3">
  <properties/>
  <testcase name="adminHomePageTest()" classname="com.csci5308.groupme.auth.controller.HomeControllerTest" time="0.017"/>
  <testcase name="forbidUserLandingPageTest()" classname="com.csci5308.groupme.auth.controller.HomeControllerTest" time="0.04"/>
  <testcase name="forbidGuestLandingPageTest()" classname="com.csci5308.groupme.auth.controller.HomeControllerTest" time="0.018"/>
  <testcase name="getApplicationPageTest()" classname="com.csci5308.groupme.auth.controller.HomeControllerTest" time="0.043"/>
  <testcase name="guestHomePageTest()" classname="com.csci5308.groupme.auth.controller.HomeControllerTest" time="0.154"/>
  <testcase name="forbidAdminLandingPageTest()" classname="com.csci5308.groupme.auth.controller.HomeControllerTest" time="0.009"/>
  <system-out><![CDATA[2020-06-04 21:42:18.752  INFO 25544 --- [    Test worker] .b.t.c.SpringBootTestContextBootstrapper : Neither @ContextConfiguration nor @ContextHierarchy found for test class [com.csci5308.groupme.auth.controller.HomeControllerTest], using SpringBootContextLoader
2020-06-04 21:42:18.753  INFO 25544 --- [    Test worker] o.s.t.c.support.AbstractContextLoader    : Could not detect default resource locations for test class [com.csci5308.groupme.auth.controller.HomeControllerTest]: no resource found for suffixes {-context.xml, Context.groovy}.
2020-06-04 21:42:18.753  INFO 25544 --- [    Test worker] t.c.s.AnnotationConfigContextLoaderUtils : Could not detect default configuration classes for test class [com.csci5308.groupme.auth.controller.HomeControllerTest]: HomeControllerTest does not declare any static, non-private, non-final, nested classes annotated with @Configuration.
2020-06-04 21:42:18.768  INFO 25544 --- [    Test worker] .b.t.c.SpringBootTestContextBootstrapper : Found @SpringBootConfiguration com.csci5308.groupme.GroupmeApplication for test class com.csci5308.groupme.auth.controller.HomeControllerTest
2020-06-04 21:42:18.775  INFO 25544 --- [    Test worker] .b.t.c.SpringBootTestContextBootstrapper : Loaded default TestExecutionListener class names from location [META-INF/spring.factories]: [org.springframework.boot.test.autoconfigure.restdocs.RestDocsTestExecutionListener, org.springframework.boot.test.autoconfigure.web.client.MockRestServiceServerResetTestExecutionListener, org.springframework.boot.test.autoconfigure.web.servlet.MockMvcPrintOnlyOnFailureTestExecutionListener, org.springframework.boot.test.autoconfigure.web.servlet.WebDriverTestExecutionListener, org.springframework.boot.test.autoconfigure.webservices.client.MockWebServiceServerTestExecutionListener, org.springframework.boot.test.mock.mockito.MockitoTestExecutionListener, org.springframework.boot.test.mock.mockito.ResetMocksTestExecutionListener, org.springframework.security.test.context.support.WithSecurityContextTestExecutionListener, org.springframework.security.test.context.support.ReactorContextTestExecutionListener, org.springframework.test.context.web.ServletTestExecutionListener, org.springframework.test.context.support.DirtiesContextBeforeModesTestExecutionListener, org.springframework.test.context.support.DependencyInjectionTestExecutionListener, org.springframework.test.context.support.DirtiesContextTestExecutionListener, org.springframework.test.context.transaction.TransactionalTestExecutionListener, org.springframework.test.context.jdbc.SqlScriptsTestExecutionListener, org.springframework.test.context.event.EventPublishingTestExecutionListener]
2020-06-04 21:42:18.780  INFO 25544 --- [    Test worker] .b.t.c.SpringBootTestContextBootstrapper : Using TestExecutionListeners: [org.springframework.test.context.web.ServletTestExecutionListener@41ce410d, org.springframework.test.context.support.DirtiesContextBeforeModesTestExecutionListener@425930d, org.springframework.boot.test.mock.mockito.MockitoTestExecutionListener@57bcd44a, org.springframework.boot.test.autoconfigure.SpringBootDependencyInjectionTestExecutionListener@5bae914b, org.springframework.test.context.support.DirtiesContextTestExecutionListener@68db651a, org.springframework.security.test.context.support.WithSecurityContextTestExecutionListener@40ce2ef7, org.springframework.test.context.event.EventPublishingTestExecutionListener@7161ac20, org.springframework.security.test.context.support.ReactorContextTestExecutionListener@5eea4f8e, org.springframework.boot.test.autoconfigure.restdocs.RestDocsTestExecutionListener@6daa12fc, org.springframework.boot.test.autoconfigure.web.client.MockRestServiceServerResetTestExecutionListener@5ca23028, org.springframework.boot.test.autoconfigure.web.servlet.MockMvcPrintOnlyOnFailureTestExecutionListener@20de8730, org.springframework.boot.test.autoconfigure.web.servlet.WebDriverTestExecutionListener@2cc43a9a, org.springframework.boot.test.autoconfigure.webservices.client.MockWebServiceServerTestExecutionListener@11c4f00c, org.springframework.boot.test.mock.mockito.ResetMocksTestExecutionListener@5c2aa16c]

MockHttpServletRequest:
      HTTP Method = GET
      Request URI = /admin
       Parameters = {}
          Headers = []
             Body = null
    Session Attrs = {SPRING_SECURITY_CONTEXT=org.springframework.security.core.context.SecurityContextImpl@d5b20bd7: Authentication: org.springframework.security.authentication.UsernamePasswordAuthenticationToken@d5b20bd7: Principal: org.springframework.security.core.userdetails.User@2903b382: Username: admin_test; Password: [PROTECTED]; Enabled: true; AccountNonExpired: true; credentialsNonExpired: true; AccountNonLocked: true; Granted Authorities: ROLE_ADMIN; Credentials: [PROTECTED]; Authenticated: true; Details: null; Granted Authorities: ROLE_ADMIN}

Handler:
             Type = com.csci5308.groupme.auth.controller.HomeController
           Method = com.csci5308.groupme.auth.controller.HomeController#adminHomePage(Principal)

Async:
    Async started = false
     Async result = null

Resolved Exception:
             Type = null

ModelAndView:
        View name = admin/home_admin
             View = null
        Attribute = userName
            value = admin_test

FlashMap:
       Attributes = null

MockHttpServletResponse:
           Status = 200
    Error message = null
          Headers = [Content-Language:"en", Content-Type:"text/html;charset=UTF-8", X-Content-Type-Options:"nosniff", X-XSS-Protection:"1; mode=block", Cache-Control:"no-cache, no-store, max-age=0, must-revalidate", Pragma:"no-cache", Expires:"0", Strict-Transport-Security:"max-age=31536000 ; includeSubDomains", X-Frame-Options:"DENY"]
     Content type = text/html;charset=UTF-8
             Body = <!DOCTYPE html>
<!--[if lt IE 7]>      <html class="no-js lt-ie9 lt-ie8 lt-ie7"> <![endif]-->
<!--[if IE 7]>         <html class="no-js lt-ie9 lt-ie8"> <![endif]-->
<!--[if IE 8]>         <html class="no-js lt-ie9"> <![endif]-->
<!--[if gt IE 8]><!-->
<html class="no-js">
<!--<![endif]-->
<head>
<meta charset="utf-8">
<meta http-equiv="X-UA-Compatible" content="IE=edge">
<title></title>
<meta name="description" content="">
<meta name="viewport" content="width=device-width, initial-scale=1">
<link
	href="https://getbootstrap.com/docs/4.0/examples/signin/signin.css"
	rel="stylesheet" crossorigin="anonymous">
<link rel="stylesheet" href="/css/theme.css">
</head>
<body>
	<!--[if lt IE 7]>
            <p class="browsehappy">You are using an <strong>outdated</strong> browser. Please <a href="#">upgrade your browser</a> to improve your experience.</p>
        <![endif]-->
<body>
	<div class="topnav" style="float: top">
		<a class="active" href="/admin">GroupMe</a> <a style="float: right"
			href="/logout">Logout</a>
	</div>

<ul class="vNavbar">
		<li><a class="active" href="#admin">Dashboard</a></li>
		<li><a href="admin/manageCourses">Manage Courses</a></li>
		<li><a href="admin/manageInstructors">Manage Instructors</a></li>
	</ul>
	<br/>
	<div style="margin:auto; padding:1px">
		<h2 style="text-align: center">ADMIN DASHBOARD</h2>
	</div>

	<p>Welcome Admin</p>

	<script src="" async defer></script>
</body>
</html>
    Forwarded URL = null
   Redirected URL = null
          Cookies = []

MockHttpServletRequest:
      HTTP Method = GET
      Request URI = /home
       Parameters = {}
          Headers = []
             Body = null
    Session Attrs = {SPRING_SECURITY_SAVED_REQUEST=DefaultSavedRequest[http://localhost/home]}

Handler:
             Type = null

Async:
    Async started = false
     Async result = null

Resolved Exception:
             Type = null

ModelAndView:
        View name = null
             View = null
            Model = null

FlashMap:
       Attributes = null

MockHttpServletResponse:
           Status = 302
    Error message = null
          Headers = [X-Content-Type-Options:"nosniff", X-XSS-Protection:"1; mode=block", Cache-Control:"no-cache, no-store, max-age=0, must-revalidate", Pragma:"no-cache", Expires:"0", Strict-Transport-Security:"max-age=31536000 ; includeSubDomains", X-Frame-Options:"DENY", Location:"http://localhost/login"]
     Content type = null
             Body = 
    Forwarded URL = null
   Redirected URL = http://localhost/login
          Cookies = []

MockHttpServletRequest:
      HTTP Method = GET
      Request URI = /guest
       Parameters = {}
          Headers = []
             Body = null
    Session Attrs = {SPRING_SECURITY_SAVED_REQUEST=DefaultSavedRequest[http://localhost/guest]}

Handler:
             Type = null

Async:
    Async started = false
     Async result = null

Resolved Exception:
             Type = null

ModelAndView:
        View name = null
             View = null
            Model = null

FlashMap:
       Attributes = null

MockHttpServletResponse:
           Status = 302
    Error message = null
          Headers = [X-Content-Type-Options:"nosniff", X-XSS-Protection:"1; mode=block", Cache-Control:"no-cache, no-store, max-age=0, must-revalidate", Pragma:"no-cache", Expires:"0", Strict-Transport-Security:"max-age=31536000 ; includeSubDomains", X-Frame-Options:"DENY", Location:"http://localhost/login"]
     Content type = null
             Body = 
    Forwarded URL = null
   Redirected URL = http://localhost/login
          Cookies = []

MockHttpServletRequest:
      HTTP Method = GET
      Request URI = /
       Parameters = {}
          Headers = []
             Body = null
    Session Attrs = {}

Handler:
             Type = com.csci5308.groupme.auth.controller.HomeController
           Method = com.csci5308.groupme.auth.controller.HomeController#applicationPage(Model)

Async:
    Async started = false
     Async result = null

Resolved Exception:
             Type = null

ModelAndView:
        View name = auth/index
             View = null
        Attribute = user
            value = com.csci5308.groupme.user.model.User@5a7cedc8
           errors = []

FlashMap:
       Attributes = null

MockHttpServletResponse:
           Status = 200
    Error message = null
          Headers = [Content-Language:"en", Content-Type:"text/html;charset=UTF-8", X-Content-Type-Options:"nosniff", X-XSS-Protection:"1; mode=block", Cache-Control:"no-cache, no-store, max-age=0, must-revalidate", Pragma:"no-cache", Expires:"0", Strict-Transport-Security:"max-age=31536000 ; includeSubDomains", X-Frame-Options:"DENY"]
     Content type = text/html;charset=UTF-8
             Body = <!DOCTYPE html>
<!--[if lt IE 7]>      <html class="no-js lt-ie9 lt-ie8 lt-ie7"> <![endif]-->
<!--[if IE 7]>         <html class="no-js lt-ie9 lt-ie8"> <![endif]-->
<!--[if IE 8]>         <html class="no-js lt-ie9"> <![endif]-->
<!--[if gt IE 8]><!-->
<html class="no-js">
<!--<![endif]-->
<head>
<meta charset="utf-8">
<meta http-equiv="X-UA-Compatible" content="IE=edge">
<title></title>
<meta name="description" content="">
<meta name="viewport" content="width=device-width, initial-scale=1">
<link rel="stylesheet" href="/css/theme.css">
</head>
<body>
	<div class="topnav">
		<a class="active" href="/">GroupMe</a> 
		<a style="float: right" href="/signup">Sign Up</a> 
		<a style="float: right" href="/login">Login</a>
	</div>



	<p style="text-align: center">GroupMe is a tool designed for
		forming and managing teams for projects, and collaborative
		assignments.</p>


	<script src="" async defer></script>
</body>
</html>
    Forwarded URL = null
   Redirected URL = null
          Cookies = []
2020-06-04 21:42:18.925  INFO 25544 --- [    Test worker] c.c.groupme.course.dao.CourseDAOImpl     : Connecting to the selected database...
2020-06-04 21:42:19.021  INFO 25544 --- [    Test worker] c.c.groupme.course.dao.CourseDAOImpl     : Connected to the database successfully...
2020-06-04 21:42:19.044  INFO 25544 --- [    Test worker] c.c.groupme.course.dao.CourseDAOImpl     : Connection to database Closed...

MockHttpServletRequest:
      HTTP Method = GET
      Request URI = /guest
       Parameters = {}
          Headers = []
             Body = null
    Session Attrs = {SPRING_SECURITY_CONTEXT=org.springframework.security.core.context.SecurityContextImpl@c3d04853: Authentication: org.springframework.security.authentication.UsernamePasswordAuthenticationToken@c3d04853: Principal: org.springframework.security.core.userdetails.User@cb1e6da3: Username: guestuser; Password: [PROTECTED]; Enabled: true; AccountNonExpired: true; credentialsNonExpired: true; AccountNonLocked: true; Granted Authorities: ROLE_GUEST; Credentials: [PROTECTED]; Authenticated: true; Details: null; Granted Authorities: ROLE_GUEST}

Handler:
             Type = com.csci5308.groupme.auth.controller.HomeController
           Method = com.csci5308.groupme.auth.controller.HomeController#guestUserHomePage(Principal)

Async:
    Async started = false
     Async result = null

Resolved Exception:
             Type = null

ModelAndView:
        View name = guest/home_guest
             View = null
        Attribute = details
            value = [com.csci5308.groupme.course.model.Course@1d23c56, com.csci5308.groupme.course.model.Course@5b09a8d6, com.csci5308.groupme.course.model.Course@19382fb3, com.csci5308.groupme.course.model.Course@692e02c1, com.csci5308.groupme.course.model.Course@790eb33e, com.csci5308.groupme.course.model.Course@6fd7ebd1, com.csci5308.groupme.course.model.Course@374a042f, com.csci5308.groupme.course.model.Course@2e6b300d, com.csci5308.groupme.course.model.Course@22f0e1bd, com.csci5308.groupme.course.model.Course@72290f51, com.csci5308.groupme.course.model.Course@15251647, com.csci5308.groupme.course.model.Course@62b9a7b6]
        Attribute = userName
            value = guestuser

FlashMap:
       Attributes = null

MockHttpServletResponse:
           Status = 200
    Error message = null
          Headers = [Content-Language:"en", Content-Type:"text/html;charset=UTF-8", X-Content-Type-Options:"nosniff", X-XSS-Protection:"1; mode=block", Cache-Control:"no-cache, no-store, max-age=0, must-revalidate", Pragma:"no-cache", Expires:"0", Strict-Transport-Security:"max-age=31536000 ; includeSubDomains", X-Frame-Options:"DENY"]
     Content type = text/html;charset=UTF-8
             Body = <!DOCTYPE html>
<!--[if lt IE 7]>
<html class="no-js lt-ie9 lt-ie8 lt-ie7"> <![endif]-->
<!--[if IE 7]>
<html class="no-js lt-ie9 lt-ie8"> <![endif]-->
<!--[if IE 8]>
<html class="no-js lt-ie9"> <![endif]-->
<!--[if gt IE 8]><!-->
<html class="no-js">
<!--<![endif]-->
<head>
    <meta charset="utf-8">
    <meta http-equiv="X-UA-Compatible" content="IE=edge">
    <title></title>
    <meta name="description" content="">
    <meta name="viewport" content="width=device-width, initial-scale=1">
    <link
            href="https://getbootstrap.com/docs/4.0/examples/signin/signin.css"
            rel="stylesheet" crossorigin="anonymous">
    <link rel="stylesheet" href="/css/theme.css">
</head>
<body>
<!--[if lt IE 7]>
<p class="browsehappy">You are using an <strong>outdated</strong> browser. Please <a href="#">upgrade your browser</a>
    to improve your experience.</p>
<![endif]-->

<div class="topnav">
		<a href="/" class="active" >GroupMe</a> 
		<a style="float: right" href="logout">Logout</a>
		<a style="float: right" class="active" href="#account">Account</a> 
	</div>

<div style="text-align: center; margin: 0 auto;">
    <h2>Welcome! <span>guestuser</span></h2>
    <h1>Details of Course</h1>
    <table class = "padding-table-columns" style = "margin-left: auto;margin-right: auto;" >
        <thead>
        <tr>
            <th>Course Code</th>
            <th>Course Name</th>
            <th>Course CRN</th>
        </tr>
        </thead>
        <tbody>
                <span>
                <tr>
    
                <td>mobile computing</td>
                <td>csci0002</td>
                <td>456</td>
                </tr>
                <tr>
    
                <td>data management</td>
                <td>csci0003</td>
                <td>789</td>
                </tr>
                <tr>
    
                <td>serverless</td>
                <td>csci0004</td>
                <td>890</td>
                </tr>
                <tr>
    
                <td>web</td>
                <td>csci0010</td>
                <td>8920</td>
                </tr>
                <tr>
    
                <td>cloud</td>
                <td>csci0014</td>
                <td>8910</td>
                </tr>
                <tr>
    
                <td>Adv Topics in Cloud Computing</td>
                <td>CSCI5409</td>
                <td>9045</td>
                </tr>
                <tr>
    
                <td>Serverless</td>
                <td>CSCI5410</td>
                <td>4567</td>
                </tr>
                <tr>
    
                <td>Algebra</td>
                <td>CSCI5667</td>
                <td>5677</td>
                </tr>
                <tr>
    
                <td>Mobile Computing</td>
                <td>CSCI5708</td>
                <td>8075</td>
                </tr>
                <tr>
    
                <td>Deep Learning</td>
                <td>CSCI6516</td>
                <td>6156</td>
                </tr>
                <tr>
    
                <td>Genetic Programming</td>
                <td>CSCI7308</td>
                <td>0</td>
                </tr>
                <tr>
    
                <td>industry</td>
                <td>csci9890</td>
                <td>9890</td>
                </tr>
            </span>
            
        </tbody>
    </table>
</div>


</body>
</html>

    Forwarded URL = null
   Redirected URL = null
          Cookies = []

MockHttpServletRequest:
      HTTP Method = GET
      Request URI = /admin
       Parameters = {}
          Headers = []
             Body = null
    Session Attrs = {SPRING_SECURITY_SAVED_REQUEST=DefaultSavedRequest[http://localhost/admin]}

Handler:
             Type = null

Async:
    Async started = false
     Async result = null

Resolved Exception:
             Type = null

ModelAndView:
        View name = null
             View = null
            Model = null

FlashMap:
       Attributes = null

MockHttpServletResponse:
           Status = 302
    Error message = null
          Headers = [X-Content-Type-Options:"nosniff", X-XSS-Protection:"1; mode=block", Cache-Control:"no-cache, no-store, max-age=0, must-revalidate", Pragma:"no-cache", Expires:"0", Strict-Transport-Security:"max-age=31536000 ; includeSubDomains", X-Frame-Options:"DENY", Location:"http://localhost/login"]
     Content type = null
             Body = 
    Forwarded URL = null
   Redirected URL = http://localhost/login
          Cookies = []
]]></system-out>
  <system-err><![CDATA[]]></system-err>
</testsuite>
