<?xml version="1.0" encoding="UTF-8"?>
<testsuite name="com.csci5308.groupme.GroupmeApplicationTests" tests="1" skipped="0" failures="0" errors="0" timestamp="2020-06-30T21:08:13" hostname="YASHESH" time="0.004">
  <properties/>
  <testcase name="contextLoads()" classname="com.csci5308.groupme.GroupmeApplicationTests" time="0.004"/>
  <system-out><![CDATA[2020-06-30 18:08:12.492  INFO 23064 --- [    Test worker] .b.t.c.SpringBootTestContextBootstrapper : Neither @ContextConfiguration nor @ContextHierarchy found for test class [com.csci5308.groupme.GroupmeApplicationTests], using SpringBootContextLoader
2020-06-30 18:08:12.493  INFO 23064 --- [    Test worker] o.s.t.c.support.AbstractContextLoader    : Could not detect default resource locations for test class [com.csci5308.groupme.GroupmeApplicationTests]: no resource found for suffixes {-context.xml, Context.groovy}.
2020-06-30 18:08:12.494  INFO 23064 --- [    Test worker] t.c.s.AnnotationConfigContextLoaderUtils : Could not detect default configuration classes for test class [com.csci5308.groupme.GroupmeApplicationTests]: GroupmeApplicationTests does not declare any static, non-private, non-final, nested classes annotated with @Configuration.
2020-06-30 18:08:12.503  INFO 23064 --- [    Test worker] .b.t.c.SpringBootTestContextBootstrapper : Found @SpringBootConfiguration com.csci5308.groupme.GroupmeApplication for test class com.csci5308.groupme.GroupmeApplicationTests
2020-06-30 18:08:12.507  INFO 23064 --- [    Test worker] .b.t.c.SpringBootTestContextBootstrapper : Loaded default TestExecutionListener class names from location [META-INF/spring.factories]: [org.springframework.boot.test.autoconfigure.restdocs.RestDocsTestExecutionListener, org.springframework.boot.test.autoconfigure.web.client.MockRestServiceServerResetTestExecutionListener, org.springframework.boot.test.autoconfigure.web.servlet.MockMvcPrintOnlyOnFailureTestExecutionListener, org.springframework.boot.test.autoconfigure.web.servlet.WebDriverTestExecutionListener, org.springframework.boot.test.autoconfigure.webservices.client.MockWebServiceServerTestExecutionListener, org.springframework.boot.test.mock.mockito.MockitoTestExecutionListener, org.springframework.boot.test.mock.mockito.ResetMocksTestExecutionListener, org.springframework.security.test.context.support.WithSecurityContextTestExecutionListener, org.springframework.security.test.context.support.ReactorContextTestExecutionListener, org.springframework.test.context.web.ServletTestExecutionListener, org.springframework.test.context.support.DirtiesContextBeforeModesTestExecutionListener, org.springframework.test.context.support.DependencyInjectionTestExecutionListener, org.springframework.test.context.support.DirtiesContextTestExecutionListener, org.springframework.test.context.transaction.TransactionalTestExecutionListener, org.springframework.test.context.jdbc.SqlScriptsTestExecutionListener, org.springframework.test.context.event.EventPublishingTestExecutionListener]
2020-06-30 18:08:12.513  INFO 23064 --- [    Test worker] .b.t.c.SpringBootTestContextBootstrapper : Using TestExecutionListeners: [org.springframework.test.context.web.ServletTestExecutionListener@1c1c0f2, org.springframework.test.context.support.DirtiesContextBeforeModesTestExecutionListener@13859923, org.springframework.boot.test.mock.mockito.MockitoTestExecutionListener@71279878, org.springframework.boot.test.autoconfigure.SpringBootDependencyInjectionTestExecutionListener@15c656f6, org.springframework.test.context.support.DirtiesContextTestExecutionListener@1a8fc2ec, org.springframework.security.test.context.support.WithSecurityContextTestExecutionListener@25fc1c1f, org.springframework.test.context.event.EventPublishingTestExecutionListener@6855b480, org.springframework.security.test.context.support.ReactorContextTestExecutionListener@4f033e9a, org.springframework.boot.test.autoconfigure.restdocs.RestDocsTestExecutionListener@2b7f1d34, org.springframework.boot.test.autoconfigure.web.client.MockRestServiceServerResetTestExecutionListener@6e26e0a0, org.springframework.boot.test.autoconfigure.web.servlet.MockMvcPrintOnlyOnFailureTestExecutionListener@2b92a850, org.springframework.boot.test.autoconfigure.web.servlet.WebDriverTestExecutionListener@7db3b456, org.springframework.boot.test.autoconfigure.webservices.client.MockWebServiceServerTestExecutionListener@2ef68069, org.springframework.boot.test.mock.mockito.ResetMocksTestExecutionListener@778c46f7]

  .   ____          _            __ _ _
 /\\ / ___'_ __ _ _(_)_ __  __ _ \ \ \ \
( ( )\___ | '_ | '_| | '_ \/ _` | \ \ \ \
 \\/  ___)| |_)| | | | | || (_| |  ) ) ) )
  '  |____| .__|_| |_|_| |_\__, | / / / /
 =========|_|==============|___/=/_/_/_/
 :: Spring Boot ::        (v2.3.0.RELEASE)

2020-06-30 18:08:12.576  INFO 23064 --- [    Test worker] c.c.groupme.GroupmeApplicationTests      : Starting GroupmeApplicationTests on Yashesh with PID 23064 (started by yashe in E:\DAL\SEM 3\ASDC\project\group19)
2020-06-30 18:08:12.576  INFO 23064 --- [    Test worker] c.c.groupme.GroupmeApplicationTests      : No active profile set, falling back to default profiles: default
2020-06-30 18:08:13.165  INFO 23064 --- [    Test worker] o.s.s.web.DefaultSecurityFilterChain     : Creating filter chain: any request, [org.springframework.security.web.context.request.async.WebAsyncManagerIntegrationFilter@5da407c9, org.springframework.security.web.context.SecurityContextPersistenceFilter@125abef7, org.springframework.security.web.header.HeaderWriterFilter@21c93954, org.springframework.security.web.authentication.logout.LogoutFilter@2aaab7e9, org.springframework.security.web.authentication.UsernamePasswordAuthenticationFilter@66618a89, org.springframework.security.web.savedrequest.RequestCacheAwareFilter@2dd8729a, org.springframework.security.web.servletapi.SecurityContextHolderAwareRequestFilter@4533edec, org.springframework.security.web.authentication.AnonymousAuthenticationFilter@4535c098, org.springframework.security.web.session.SessionManagementFilter@20610755, org.springframework.security.web.access.ExceptionTranslationFilter@2163cbc5, org.springframework.security.web.access.intercept.FilterSecurityInterceptor@4bb769a5]
2020-06-30 18:08:13.355  INFO 23064 --- [    Test worker] o.s.s.concurrent.ThreadPoolTaskExecutor  : Initializing ExecutorService 'applicationTaskExecutor'
2020-06-30 18:08:13.659  INFO 23064 --- [    Test worker] c.c.groupme.GroupmeApplicationTests      : Started GroupmeApplicationTests in 1.143 seconds (JVM running for 9.467)
]]></system-out>
  <system-err><![CDATA[]]></system-err>
</testsuite>
