<?xml version="1.0" encoding="UTF-8"?>
<testsuite name="com.csci5308.groupme.teaching_assistant.model.TeachingAssistantTest" tests="8" skipped="0" failures="0" errors="0" timestamp="2020-06-13T05:31:08" hostname="YASHESH" time="0.071">
  <properties/>
  <testcase name="getFirstNameTest()" classname="com.csci5308.groupme.teaching_assistant.model.TeachingAssistantTest" time="0.004"/>
  <testcase name="setLastNameTest()" classname="com.csci5308.groupme.teaching_assistant.model.TeachingAssistantTest" time="0.003"/>
  <testcase name="getUserNameTest()" classname="com.csci5308.groupme.teaching_assistant.model.TeachingAssistantTest" time="0.005"/>
  <testcase name="setUserNameTest()" classname="com.csci5308.groupme.teaching_assistant.model.TeachingAssistantTest" time="0.006"/>
  <testcase name="defaultConstructorTest()" classname="com.csci5308.groupme.teaching_assistant.model.TeachingAssistantTest" time="0.007"/>
  <testcase name="setFirstNameTest()" classname="com.csci5308.groupme.teaching_assistant.model.TeachingAssistantTest" time="0.01"/>
  <testcase name="getLastNameTest()" classname="com.csci5308.groupme.teaching_assistant.model.TeachingAssistantTest" time="0.004"/>
  <testcase name="constructorWithValuesTest()" classname="com.csci5308.groupme.teaching_assistant.model.TeachingAssistantTest" time="0.003"/>
  <system-out><![CDATA[2020-06-13 02:31:08.920  INFO 6120 --- [    Test worker] o.s.t.c.s.DefaultTestContextBootstrapper : Neither @ContextConfiguration nor @ContextHierarchy found for test class [com.csci5308.groupme.teaching_assistant.model.TeachingAssistantTest], using DelegatingSmartContextLoader
2020-06-13 02:31:08.927  INFO 6120 --- [    Test worker] o.s.t.c.support.AbstractContextLoader    : Could not detect default resource locations for test class [com.csci5308.groupme.teaching_assistant.model.TeachingAssistantTest]: no resource found for suffixes {-context.xml}.
2020-06-13 02:31:08.928  INFO 6120 --- [    Test worker] t.c.s.AnnotationConfigContextLoaderUtils : Could not detect default configuration classes for test class [com.csci5308.groupme.teaching_assistant.model.TeachingAssistantTest]: TeachingAssistantTest does not declare any static, non-private, non-final, nested classes annotated with @Configuration.
2020-06-13 02:31:08.931  INFO 6120 --- [    Test worker] o.s.t.c.s.DefaultTestContextBootstrapper : Loaded default TestExecutionListener class names from location [META-INF/spring.factories]: [org.springframework.boot.test.autoconfigure.restdocs.RestDocsTestExecutionListener, org.springframework.boot.test.autoconfigure.web.client.MockRestServiceServerResetTestExecutionListener, org.springframework.boot.test.autoconfigure.web.servlet.MockMvcPrintOnlyOnFailureTestExecutionListener, org.springframework.boot.test.autoconfigure.web.servlet.WebDriverTestExecutionListener, org.springframework.boot.test.autoconfigure.webservices.client.MockWebServiceServerTestExecutionListener, org.springframework.boot.test.mock.mockito.MockitoTestExecutionListener, org.springframework.boot.test.mock.mockito.ResetMocksTestExecutionListener, org.springframework.security.test.context.support.WithSecurityContextTestExecutionListener, org.springframework.security.test.context.support.ReactorContextTestExecutionListener, org.springframework.test.context.web.ServletTestExecutionListener, org.springframework.test.context.support.DirtiesContextBeforeModesTestExecutionListener, org.springframework.test.context.support.DependencyInjectionTestExecutionListener, org.springframework.test.context.support.DirtiesContextTestExecutionListener, org.springframework.test.context.transaction.TransactionalTestExecutionListener, org.springframework.test.context.jdbc.SqlScriptsTestExecutionListener, org.springframework.test.context.event.EventPublishingTestExecutionListener]
2020-06-13 02:31:08.933  INFO 6120 --- [    Test worker] o.s.t.c.s.DefaultTestContextBootstrapper : Using TestExecutionListeners: [org.springframework.test.context.web.ServletTestExecutionListener@2d98c2ca, org.springframework.test.context.support.DirtiesContextBeforeModesTestExecutionListener@6d92c2d0, org.springframework.boot.test.mock.mockito.MockitoTestExecutionListener@e5fd874, org.springframework.test.context.support.DependencyInjectionTestExecutionListener@546537ac, org.springframework.test.context.support.DirtiesContextTestExecutionListener@3f803178, org.springframework.security.test.context.support.WithSecurityContextTestExecutionListener@44ffe01a, org.springframework.test.context.event.EventPublishingTestExecutionListener@34930c89, org.springframework.security.test.context.support.ReactorContextTestExecutionListener@49b695e0, org.springframework.boot.test.autoconfigure.restdocs.RestDocsTestExecutionListener@7703665f, org.springframework.boot.test.autoconfigure.web.client.MockRestServiceServerResetTestExecutionListener@4c47b795, org.springframework.boot.test.autoconfigure.web.servlet.MockMvcPrintOnlyOnFailureTestExecutionListener@609c0dd0, org.springframework.boot.test.autoconfigure.web.servlet.WebDriverTestExecutionListener@1d788db6, org.springframework.boot.test.autoconfigure.webservices.client.MockWebServiceServerTestExecutionListener@71a531d8, org.springframework.boot.test.mock.mockito.ResetMocksTestExecutionListener@2fdb66]
]]></system-out>
  <system-err><![CDATA[]]></system-err>
</testsuite>
