<?xml version="1.0" encoding="UTF-8"?>
<testsuite name="com.csci5308.groupme.teaching_assistant.model.TeachingAssistantTest" tests="8" skipped="0" failures="0" errors="0" timestamp="2020-06-18T05:52:22" hostname="YASHESH" time="0.054">
  <properties/>
  <testcase name="getFirstNameTest()" classname="com.csci5308.groupme.teaching_assistant.model.TeachingAssistantTest" time="0.014"/>
  <testcase name="setLastNameTest()" classname="com.csci5308.groupme.teaching_assistant.model.TeachingAssistantTest" time="0.004"/>
  <testcase name="getUserNameTest()" classname="com.csci5308.groupme.teaching_assistant.model.TeachingAssistantTest" time="0.003"/>
  <testcase name="setUserNameTest()" classname="com.csci5308.groupme.teaching_assistant.model.TeachingAssistantTest" time="0.003"/>
  <testcase name="defaultConstructorTest()" classname="com.csci5308.groupme.teaching_assistant.model.TeachingAssistantTest" time="0.005"/>
  <testcase name="setFirstNameTest()" classname="com.csci5308.groupme.teaching_assistant.model.TeachingAssistantTest" time="0.003"/>
  <testcase name="getLastNameTest()" classname="com.csci5308.groupme.teaching_assistant.model.TeachingAssistantTest" time="0.003"/>
  <testcase name="constructorWithValuesTest()" classname="com.csci5308.groupme.teaching_assistant.model.TeachingAssistantTest" time="0.003"/>
  <system-out><![CDATA[2020-06-18 02:52:22.014  INFO 17904 --- [    Test worker] o.s.t.c.s.DefaultTestContextBootstrapper : Neither @ContextConfiguration nor @ContextHierarchy found for test class [com.csci5308.groupme.teaching_assistant.model.TeachingAssistantTest], using DelegatingSmartContextLoader
2020-06-18 02:52:22.016  INFO 17904 --- [    Test worker] o.s.t.c.support.AbstractContextLoader    : Could not detect default resource locations for test class [com.csci5308.groupme.teaching_assistant.model.TeachingAssistantTest]: no resource found for suffixes {-context.xml}.
2020-06-18 02:52:22.018  INFO 17904 --- [    Test worker] t.c.s.AnnotationConfigContextLoaderUtils : Could not detect default configuration classes for test class [com.csci5308.groupme.teaching_assistant.model.TeachingAssistantTest]: TeachingAssistantTest does not declare any static, non-private, non-final, nested classes annotated with @Configuration.
2020-06-18 02:52:22.020  INFO 17904 --- [    Test worker] o.s.t.c.s.DefaultTestContextBootstrapper : Loaded default TestExecutionListener class names from location [META-INF/spring.factories]: [org.springframework.boot.test.autoconfigure.restdocs.RestDocsTestExecutionListener, org.springframework.boot.test.autoconfigure.web.client.MockRestServiceServerResetTestExecutionListener, org.springframework.boot.test.autoconfigure.web.servlet.MockMvcPrintOnlyOnFailureTestExecutionListener, org.springframework.boot.test.autoconfigure.web.servlet.WebDriverTestExecutionListener, org.springframework.boot.test.autoconfigure.webservices.client.MockWebServiceServerTestExecutionListener, org.springframework.boot.test.mock.mockito.MockitoTestExecutionListener, org.springframework.boot.test.mock.mockito.ResetMocksTestExecutionListener, org.springframework.security.test.context.support.WithSecurityContextTestExecutionListener, org.springframework.security.test.context.support.ReactorContextTestExecutionListener, org.springframework.test.context.web.ServletTestExecutionListener, org.springframework.test.context.support.DirtiesContextBeforeModesTestExecutionListener, org.springframework.test.context.support.DependencyInjectionTestExecutionListener, org.springframework.test.context.support.DirtiesContextTestExecutionListener, org.springframework.test.context.transaction.TransactionalTestExecutionListener, org.springframework.test.context.jdbc.SqlScriptsTestExecutionListener, org.springframework.test.context.event.EventPublishingTestExecutionListener]
2020-06-18 02:52:22.023  INFO 17904 --- [    Test worker] o.s.t.c.s.DefaultTestContextBootstrapper : Using TestExecutionListeners: [org.springframework.test.context.web.ServletTestExecutionListener@6e45fec1, org.springframework.test.context.support.DirtiesContextBeforeModesTestExecutionListener@17a3f836, org.springframework.boot.test.mock.mockito.MockitoTestExecutionListener@4fc19e08, org.springframework.test.context.support.DependencyInjectionTestExecutionListener@2957f00c, org.springframework.test.context.support.DirtiesContextTestExecutionListener@68a5a011, org.springframework.security.test.context.support.WithSecurityContextTestExecutionListener@60cf977b, org.springframework.test.context.event.EventPublishingTestExecutionListener@23bd64b4, org.springframework.security.test.context.support.ReactorContextTestExecutionListener@357c375f, org.springframework.boot.test.autoconfigure.restdocs.RestDocsTestExecutionListener@701cacc9, org.springframework.boot.test.autoconfigure.web.client.MockRestServiceServerResetTestExecutionListener@6cf499fe, org.springframework.boot.test.autoconfigure.web.servlet.MockMvcPrintOnlyOnFailureTestExecutionListener@2424d810, org.springframework.boot.test.autoconfigure.web.servlet.WebDriverTestExecutionListener@70b6c504, org.springframework.boot.test.autoconfigure.webservices.client.MockWebServiceServerTestExecutionListener@6559453f, org.springframework.boot.test.mock.mockito.ResetMocksTestExecutionListener@2d2a1b03]
]]></system-out>
  <system-err><![CDATA[]]></system-err>
</testsuite>
