<?xml version="1.0" encoding="UTF-8"?>
<testsuite name="com.csci5308.groupme.admin.service.AdminServiceTest" tests="6" skipped="0" failures="0" errors="0" timestamp="2020-07-06T19:42:22" hostname="YASHESH" time="0.068">
  <properties/>
  <testcase name="courseNotFoundTest()" classname="com.csci5308.groupme.admin.service.AdminServiceTest" time="0.029"/>
  <testcase name="classAlreadyExistsTest()" classname="com.csci5308.groupme.admin.service.AdminServiceTest" time="0.008"/>
  <testcase name="assignInstructorToCourseTest()" classname="com.csci5308.groupme.admin.service.AdminServiceTest" time="0.005"/>
  <testcase name="dbIssueTest()" classname="com.csci5308.groupme.admin.service.AdminServiceTest" time="0.004"/>
  <testcase name="instructorNotFoundTest()" classname="com.csci5308.groupme.admin.service.AdminServiceTest" time="0.003"/>
  <testcase name="createAndAssignInstructorToCourseTest()" classname="com.csci5308.groupme.admin.service.AdminServiceTest" time="0.006"/>
  <system-out><![CDATA[2020-07-06 16:42:21.912  INFO 12604 --- [    Test worker] o.s.t.c.s.DefaultTestContextBootstrapper : Neither @ContextConfiguration nor @ContextHierarchy found for test class [com.csci5308.groupme.admin.service.AdminServiceTest], using DelegatingSmartContextLoader
2020-07-06 16:42:21.913  INFO 12604 --- [    Test worker] o.s.t.c.support.AbstractContextLoader    : Could not detect default resource locations for test class [com.csci5308.groupme.admin.service.AdminServiceTest]: no resource found for suffixes {-context.xml}.
2020-07-06 16:42:21.913  INFO 12604 --- [    Test worker] t.c.s.AnnotationConfigContextLoaderUtils : Could not detect default configuration classes for test class [com.csci5308.groupme.admin.service.AdminServiceTest]: AdminServiceTest does not declare any static, non-private, non-final, nested classes annotated with @Configuration.
2020-07-06 16:42:21.916  INFO 12604 --- [    Test worker] o.s.t.c.s.DefaultTestContextBootstrapper : Loaded default TestExecutionListener class names from location [META-INF/spring.factories]: [org.springframework.boot.test.autoconfigure.restdocs.RestDocsTestExecutionListener, org.springframework.boot.test.autoconfigure.web.client.MockRestServiceServerResetTestExecutionListener, org.springframework.boot.test.autoconfigure.web.servlet.MockMvcPrintOnlyOnFailureTestExecutionListener, org.springframework.boot.test.autoconfigure.web.servlet.WebDriverTestExecutionListener, org.springframework.boot.test.autoconfigure.webservices.client.MockWebServiceServerTestExecutionListener, org.springframework.boot.test.mock.mockito.MockitoTestExecutionListener, org.springframework.boot.test.mock.mockito.ResetMocksTestExecutionListener, org.springframework.security.test.context.support.WithSecurityContextTestExecutionListener, org.springframework.security.test.context.support.ReactorContextTestExecutionListener, org.springframework.test.context.web.ServletTestExecutionListener, org.springframework.test.context.support.DirtiesContextBeforeModesTestExecutionListener, org.springframework.test.context.support.DependencyInjectionTestExecutionListener, org.springframework.test.context.support.DirtiesContextTestExecutionListener, org.springframework.test.context.transaction.TransactionalTestExecutionListener, org.springframework.test.context.jdbc.SqlScriptsTestExecutionListener, org.springframework.test.context.event.EventPublishingTestExecutionListener]
2020-07-06 16:42:21.918  INFO 12604 --- [    Test worker] o.s.t.c.s.DefaultTestContextBootstrapper : Using TestExecutionListeners: [org.springframework.test.context.web.ServletTestExecutionListener@50f4bfa9, org.springframework.test.context.support.DirtiesContextBeforeModesTestExecutionListener@1fa01749, org.springframework.boot.test.mock.mockito.MockitoTestExecutionListener@12bbc707, org.springframework.test.context.support.DependencyInjectionTestExecutionListener@77a48e2, org.springframework.test.context.support.DirtiesContextTestExecutionListener@7286b653, org.springframework.security.test.context.support.WithSecurityContextTestExecutionListener@6d83ed15, org.springframework.test.context.event.EventPublishingTestExecutionListener@21cc8c5d, org.springframework.security.test.context.support.ReactorContextTestExecutionListener@7424edde, org.springframework.boot.test.autoconfigure.restdocs.RestDocsTestExecutionListener@33d7e927, org.springframework.boot.test.autoconfigure.web.client.MockRestServiceServerResetTestExecutionListener@41ce410d, org.springframework.boot.test.autoconfigure.web.servlet.MockMvcPrintOnlyOnFailureTestExecutionListener@425930d, org.springframework.boot.test.autoconfigure.web.servlet.WebDriverTestExecutionListener@57bcd44a, org.springframework.boot.test.autoconfigure.webservices.client.MockWebServiceServerTestExecutionListener@5bae914b, org.springframework.boot.test.mock.mockito.ResetMocksTestExecutionListener@68db651a]
2020-07-06 16:42:22.833  INFO 12604 --- [    Test worker] c.c.g.c.c.i.s.InstructorServiceImpl      : Status -8
2020-07-06 16:42:22.842  INFO 12604 --- [    Test worker] c.c.g.c.c.i.s.InstructorServiceImpl      : Status 1
2020-07-06 16:42:22.851  INFO 12604 --- [    Test worker] c.c.g.c.c.i.s.InstructorServiceImpl      : Status 0
2020-07-06 16:42:22.862  INFO 12604 --- [    Test worker] c.c.g.c.c.i.s.InstructorServiceImpl      : Status 1
]]></system-out>
  <system-err><![CDATA[]]></system-err>
</testsuite>
