<?xml version="1.0" encoding="UTF-8"?>
<testsuite name="com.csci5308.groupme.admin.service.AdminServiceTest" tests="6" skipped="0" failures="0" errors="0" timestamp="2020-06-18T05:52:19" hostname="YASHESH" time="0.067">
  <properties/>
  <testcase name="recordExistsTest()" classname="com.csci5308.groupme.admin.service.AdminServiceTest" time="0.026"/>
  <testcase name="courseNotFoundTest()" classname="com.csci5308.groupme.admin.service.AdminServiceTest" time="0.003"/>
  <testcase name="assignInstructorToCourseTest()" classname="com.csci5308.groupme.admin.service.AdminServiceTest" time="0.005"/>
  <testcase name="dbIssueTest()" classname="com.csci5308.groupme.admin.service.AdminServiceTest" time="0.009"/>
  <testcase name="instructorNotFoundTest()" classname="com.csci5308.groupme.admin.service.AdminServiceTest" time="0.004"/>
  <testcase name="createAndAssignInstructorToCourseTest()" classname="com.csci5308.groupme.admin.service.AdminServiceTest" time="0.007"/>
  <system-out><![CDATA[2020-06-18 02:52:18.525  INFO 17904 --- [    Test worker] o.s.t.c.s.DefaultTestContextBootstrapper : Neither @ContextConfiguration nor @ContextHierarchy found for test class [com.csci5308.groupme.admin.service.AdminServiceTest], using DelegatingSmartContextLoader
2020-06-18 02:52:18.526  INFO 17904 --- [    Test worker] o.s.t.c.support.AbstractContextLoader    : Could not detect default resource locations for test class [com.csci5308.groupme.admin.service.AdminServiceTest]: no resource found for suffixes {-context.xml}.
2020-06-18 02:52:18.527  INFO 17904 --- [    Test worker] t.c.s.AnnotationConfigContextLoaderUtils : Could not detect default configuration classes for test class [com.csci5308.groupme.admin.service.AdminServiceTest]: AdminServiceTest does not declare any static, non-private, non-final, nested classes annotated with @Configuration.
2020-06-18 02:52:18.529  INFO 17904 --- [    Test worker] o.s.t.c.s.DefaultTestContextBootstrapper : Loaded default TestExecutionListener class names from location [META-INF/spring.factories]: [org.springframework.boot.test.autoconfigure.restdocs.RestDocsTestExecutionListener, org.springframework.boot.test.autoconfigure.web.client.MockRestServiceServerResetTestExecutionListener, org.springframework.boot.test.autoconfigure.web.servlet.MockMvcPrintOnlyOnFailureTestExecutionListener, org.springframework.boot.test.autoconfigure.web.servlet.WebDriverTestExecutionListener, org.springframework.boot.test.autoconfigure.webservices.client.MockWebServiceServerTestExecutionListener, org.springframework.boot.test.mock.mockito.MockitoTestExecutionListener, org.springframework.boot.test.mock.mockito.ResetMocksTestExecutionListener, org.springframework.security.test.context.support.WithSecurityContextTestExecutionListener, org.springframework.security.test.context.support.ReactorContextTestExecutionListener, org.springframework.test.context.web.ServletTestExecutionListener, org.springframework.test.context.support.DirtiesContextBeforeModesTestExecutionListener, org.springframework.test.context.support.DependencyInjectionTestExecutionListener, org.springframework.test.context.support.DirtiesContextTestExecutionListener, org.springframework.test.context.transaction.TransactionalTestExecutionListener, org.springframework.test.context.jdbc.SqlScriptsTestExecutionListener, org.springframework.test.context.event.EventPublishingTestExecutionListener]
2020-06-18 02:52:18.531  INFO 17904 --- [    Test worker] o.s.t.c.s.DefaultTestContextBootstrapper : Using TestExecutionListeners: [org.springframework.test.context.web.ServletTestExecutionListener@337d9624, org.springframework.test.context.support.DirtiesContextBeforeModesTestExecutionListener@d022c27, org.springframework.boot.test.mock.mockito.MockitoTestExecutionListener@3c0dd8d9, org.springframework.test.context.support.DependencyInjectionTestExecutionListener@13720d70, org.springframework.test.context.support.DirtiesContextTestExecutionListener@4c61658c, org.springframework.security.test.context.support.WithSecurityContextTestExecutionListener@501e1b33, org.springframework.test.context.event.EventPublishingTestExecutionListener@207caf9, org.springframework.security.test.context.support.ReactorContextTestExecutionListener@11d4e44, org.springframework.boot.test.autoconfigure.restdocs.RestDocsTestExecutionListener@461716ee, org.springframework.boot.test.autoconfigure.web.client.MockRestServiceServerResetTestExecutionListener@66704a9c, org.springframework.boot.test.autoconfigure.web.servlet.MockMvcPrintOnlyOnFailureTestExecutionListener@5a9c14a9, org.springframework.boot.test.autoconfigure.web.servlet.WebDriverTestExecutionListener@31980ed0, org.springframework.boot.test.autoconfigure.webservices.client.MockWebServiceServerTestExecutionListener@4f46de6b, org.springframework.boot.test.mock.mockito.ResetMocksTestExecutionListener@2b8649b5]
2020-06-18 02:52:19.285  INFO 17904 --- [    Test worker] c.c.g.i.service.InstructorServiceImpl    : Status -8
2020-06-18 02:52:19.303  INFO 17904 --- [    Test worker] c.c.g.i.service.InstructorServiceImpl    : Status 1
2020-06-18 02:52:19.317  INFO 17904 --- [    Test worker] c.c.g.i.service.InstructorServiceImpl    : Status 0
2020-06-18 02:52:19.332  INFO 17904 --- [    Test worker] c.c.g.i.service.InstructorServiceImpl    : Status 1
]]></system-out>
  <system-err><![CDATA[]]></system-err>
</testsuite>
