<?xml version="1.0" encoding="UTF-8"?>
<testsuite name="com.csci5308.groupme.instructor.model.OptionsTest" tests="2" skipped="0" failures="0" errors="0" timestamp="2020-06-18T05:52:20" hostname="YASHESH" time="0.01">
  <properties/>
  <testcase name="setOptionListTest()" classname="com.csci5308.groupme.instructor.model.OptionsTest" time="0.005"/>
  <testcase name="getOptionListTest()" classname="com.csci5308.groupme.instructor.model.OptionsTest" time="0.004"/>
  <system-out><![CDATA[2020-06-18 02:52:20.769  INFO 17904 --- [    Test worker] o.s.t.c.s.DefaultTestContextBootstrapper : Neither @ContextConfiguration nor @ContextHierarchy found for test class [com.csci5308.groupme.instructor.model.OptionsTest], using DelegatingSmartContextLoader
2020-06-18 02:52:20.770  INFO 17904 --- [    Test worker] o.s.t.c.support.AbstractContextLoader    : Could not detect default resource locations for test class [com.csci5308.groupme.instructor.model.OptionsTest]: no resource found for suffixes {-context.xml}.
2020-06-18 02:52:20.770  INFO 17904 --- [    Test worker] t.c.s.AnnotationConfigContextLoaderUtils : Could not detect default configuration classes for test class [com.csci5308.groupme.instructor.model.OptionsTest]: OptionsTest does not declare any static, non-private, non-final, nested classes annotated with @Configuration.
2020-06-18 02:52:20.771  INFO 17904 --- [    Test worker] o.s.t.c.s.DefaultTestContextBootstrapper : Loaded default TestExecutionListener class names from location [META-INF/spring.factories]: [org.springframework.boot.test.autoconfigure.restdocs.RestDocsTestExecutionListener, org.springframework.boot.test.autoconfigure.web.client.MockRestServiceServerResetTestExecutionListener, org.springframework.boot.test.autoconfigure.web.servlet.MockMvcPrintOnlyOnFailureTestExecutionListener, org.springframework.boot.test.autoconfigure.web.servlet.WebDriverTestExecutionListener, org.springframework.boot.test.autoconfigure.webservices.client.MockWebServiceServerTestExecutionListener, org.springframework.boot.test.mock.mockito.MockitoTestExecutionListener, org.springframework.boot.test.mock.mockito.ResetMocksTestExecutionListener, org.springframework.security.test.context.support.WithSecurityContextTestExecutionListener, org.springframework.security.test.context.support.ReactorContextTestExecutionListener, org.springframework.test.context.web.ServletTestExecutionListener, org.springframework.test.context.support.DirtiesContextBeforeModesTestExecutionListener, org.springframework.test.context.support.DependencyInjectionTestExecutionListener, org.springframework.test.context.support.DirtiesContextTestExecutionListener, org.springframework.test.context.transaction.TransactionalTestExecutionListener, org.springframework.test.context.jdbc.SqlScriptsTestExecutionListener, org.springframework.test.context.event.EventPublishingTestExecutionListener]
2020-06-18 02:52:20.774  INFO 17904 --- [    Test worker] o.s.t.c.s.DefaultTestContextBootstrapper : Using TestExecutionListeners: [org.springframework.test.context.web.ServletTestExecutionListener@7d9884f3, org.springframework.test.context.support.DirtiesContextBeforeModesTestExecutionListener@668aaf38, org.springframework.boot.test.mock.mockito.MockitoTestExecutionListener@3c012c06, org.springframework.test.context.support.DependencyInjectionTestExecutionListener@59de327e, org.springframework.test.context.support.DirtiesContextTestExecutionListener@60589aaa, org.springframework.security.test.context.support.WithSecurityContextTestExecutionListener@53980af6, org.springframework.test.context.event.EventPublishingTestExecutionListener@66cc7d9f, org.springframework.security.test.context.support.ReactorContextTestExecutionListener@4e29fefa, org.springframework.boot.test.autoconfigure.restdocs.RestDocsTestExecutionListener@6a00a05f, org.springframework.boot.test.autoconfigure.web.client.MockRestServiceServerResetTestExecutionListener@795cd853, org.springframework.boot.test.autoconfigure.web.servlet.MockMvcPrintOnlyOnFailureTestExecutionListener@7c796262, org.springframework.boot.test.autoconfigure.web.servlet.WebDriverTestExecutionListener@7d268d39, org.springframework.boot.test.autoconfigure.webservices.client.MockWebServiceServerTestExecutionListener@124bd89a, org.springframework.boot.test.mock.mockito.ResetMocksTestExecutionListener@dca04c0]
]]></system-out>
  <system-err><![CDATA[]]></system-err>
</testsuite>
