<?xml version="1.0" encoding="UTF-8"?>
<testsuite name="com.csci5308.groupme.instructor.service.InstructorServiceImplTest" tests="2" skipped="0" failures="0" errors="0" timestamp="2020-06-05T00:42:24" hostname="YASHESH" time="0.027">
  <properties/>
  <testcase name="readAllTest()" classname="com.csci5308.groupme.instructor.service.InstructorServiceImplTest" time="0.022"/>
  <testcase name="findByTAEmailId()" classname="com.csci5308.groupme.instructor.service.InstructorServiceImplTest" time="0.003"/>
  <system-out><![CDATA[2020-06-04 21:42:24.688  INFO 25544 --- [    Test worker] o.s.t.c.s.DefaultTestContextBootstrapper : Neither @ContextConfiguration nor @ContextHierarchy found for test class [com.csci5308.groupme.instructor.service.InstructorServiceImplTest], using DelegatingSmartContextLoader
2020-06-04 21:42:24.689  INFO 25544 --- [    Test worker] o.s.t.c.support.AbstractContextLoader    : Could not detect default resource locations for test class [com.csci5308.groupme.instructor.service.InstructorServiceImplTest]: no resource found for suffixes {-context.xml}.
2020-06-04 21:42:24.690  INFO 25544 --- [    Test worker] t.c.s.AnnotationConfigContextLoaderUtils : Could not detect default configuration classes for test class [com.csci5308.groupme.instructor.service.InstructorServiceImplTest]: InstructorServiceImplTest does not declare any static, non-private, non-final, nested classes annotated with @Configuration.
2020-06-04 21:42:24.692  INFO 25544 --- [    Test worker] o.s.t.c.s.DefaultTestContextBootstrapper : Loaded default TestExecutionListener class names from location [META-INF/spring.factories]: [org.springframework.boot.test.autoconfigure.restdocs.RestDocsTestExecutionListener, org.springframework.boot.test.autoconfigure.web.client.MockRestServiceServerResetTestExecutionListener, org.springframework.boot.test.autoconfigure.web.servlet.MockMvcPrintOnlyOnFailureTestExecutionListener, org.springframework.boot.test.autoconfigure.web.servlet.WebDriverTestExecutionListener, org.springframework.boot.test.autoconfigure.webservices.client.MockWebServiceServerTestExecutionListener, org.springframework.boot.test.mock.mockito.MockitoTestExecutionListener, org.springframework.boot.test.mock.mockito.ResetMocksTestExecutionListener, org.springframework.security.test.context.support.WithSecurityContextTestExecutionListener, org.springframework.security.test.context.support.ReactorContextTestExecutionListener, org.springframework.test.context.web.ServletTestExecutionListener, org.springframework.test.context.support.DirtiesContextBeforeModesTestExecutionListener, org.springframework.test.context.support.DependencyInjectionTestExecutionListener, org.springframework.test.context.support.DirtiesContextTestExecutionListener, org.springframework.test.context.transaction.TransactionalTestExecutionListener, org.springframework.test.context.jdbc.SqlScriptsTestExecutionListener, org.springframework.test.context.event.EventPublishingTestExecutionListener]
2020-06-04 21:42:24.694  INFO 25544 --- [    Test worker] o.s.t.c.s.DefaultTestContextBootstrapper : Using TestExecutionListeners: [org.springframework.test.context.web.ServletTestExecutionListener@702adc1d, org.springframework.test.context.support.DirtiesContextBeforeModesTestExecutionListener@3472e09b, org.springframework.boot.test.mock.mockito.MockitoTestExecutionListener@583d0c37, org.springframework.test.context.support.DependencyInjectionTestExecutionListener@28fa0484, org.springframework.test.context.support.DirtiesContextTestExecutionListener@e96efb2, org.springframework.security.test.context.support.WithSecurityContextTestExecutionListener@2d43a0c3, org.springframework.test.context.event.EventPublishingTestExecutionListener@1d2f5de8, org.springframework.security.test.context.support.ReactorContextTestExecutionListener@6589b4ed, org.springframework.boot.test.autoconfigure.restdocs.RestDocsTestExecutionListener@5cdb3c91, org.springframework.boot.test.autoconfigure.web.client.MockRestServiceServerResetTestExecutionListener@6c2eca71, org.springframework.boot.test.autoconfigure.web.servlet.MockMvcPrintOnlyOnFailureTestExecutionListener@b090a01, org.springframework.boot.test.autoconfigure.web.servlet.WebDriverTestExecutionListener@238ff951, org.springframework.boot.test.autoconfigure.webservices.client.MockWebServiceServerTestExecutionListener@26356605, org.springframework.boot.test.mock.mockito.ResetMocksTestExecutionListener@3cd25df0]
]]></system-out>
  <system-err><![CDATA[]]></system-err>
</testsuite>
