<?xml version="1.0" encoding="UTF-8"?>
<testsuite name="com.csci5308.groupme.instructor.service.InstructorServiceImplTest" tests="2" skipped="0" failures="0" errors="0" timestamp="2020-06-09T19:39:52" hostname="YASHESH" time="0.314">
  <properties/>
  <testcase name="readAllTest()" classname="com.csci5308.groupme.instructor.service.InstructorServiceImplTest" time="0.309"/>
  <testcase name="findByTAEmailId()" classname="com.csci5308.groupme.instructor.service.InstructorServiceImplTest" time="0.004"/>
  <system-out><![CDATA[2020-06-09 16:39:52.150  INFO 3376 --- [    Test worker] o.s.t.c.s.DefaultTestContextBootstrapper : Neither @ContextConfiguration nor @ContextHierarchy found for test class [com.csci5308.groupme.instructor.service.InstructorServiceImplTest], using DelegatingSmartContextLoader
2020-06-09 16:39:52.150  INFO 3376 --- [    Test worker] o.s.t.c.support.AbstractContextLoader    : Could not detect default resource locations for test class [com.csci5308.groupme.instructor.service.InstructorServiceImplTest]: no resource found for suffixes {-context.xml}.
2020-06-09 16:39:52.151  INFO 3376 --- [    Test worker] t.c.s.AnnotationConfigContextLoaderUtils : Could not detect default configuration classes for test class [com.csci5308.groupme.instructor.service.InstructorServiceImplTest]: InstructorServiceImplTest does not declare any static, non-private, non-final, nested classes annotated with @Configuration.
2020-06-09 16:39:52.154  INFO 3376 --- [    Test worker] o.s.t.c.s.DefaultTestContextBootstrapper : Loaded default TestExecutionListener class names from location [META-INF/spring.factories]: [org.springframework.boot.test.autoconfigure.restdocs.RestDocsTestExecutionListener, org.springframework.boot.test.autoconfigure.web.client.MockRestServiceServerResetTestExecutionListener, org.springframework.boot.test.autoconfigure.web.servlet.MockMvcPrintOnlyOnFailureTestExecutionListener, org.springframework.boot.test.autoconfigure.web.servlet.WebDriverTestExecutionListener, org.springframework.boot.test.autoconfigure.webservices.client.MockWebServiceServerTestExecutionListener, org.springframework.boot.test.mock.mockito.MockitoTestExecutionListener, org.springframework.boot.test.mock.mockito.ResetMocksTestExecutionListener, org.springframework.security.test.context.support.WithSecurityContextTestExecutionListener, org.springframework.security.test.context.support.ReactorContextTestExecutionListener, org.springframework.test.context.web.ServletTestExecutionListener, org.springframework.test.context.support.DirtiesContextBeforeModesTestExecutionListener, org.springframework.test.context.support.DependencyInjectionTestExecutionListener, org.springframework.test.context.support.DirtiesContextTestExecutionListener, org.springframework.test.context.transaction.TransactionalTestExecutionListener, org.springframework.test.context.jdbc.SqlScriptsTestExecutionListener, org.springframework.test.context.event.EventPublishingTestExecutionListener]
2020-06-09 16:39:52.156  INFO 3376 --- [    Test worker] o.s.t.c.s.DefaultTestContextBootstrapper : Using TestExecutionListeners: [org.springframework.test.context.web.ServletTestExecutionListener@49f4599d, org.springframework.test.context.support.DirtiesContextBeforeModesTestExecutionListener@72d582d2, org.springframework.boot.test.mock.mockito.MockitoTestExecutionListener@aabad0c, org.springframework.test.context.support.DependencyInjectionTestExecutionListener@52def14f, org.springframework.test.context.support.DirtiesContextTestExecutionListener@398d6238, org.springframework.security.test.context.support.WithSecurityContextTestExecutionListener@6710a4c9, org.springframework.test.context.event.EventPublishingTestExecutionListener@3004b6ea, org.springframework.security.test.context.support.ReactorContextTestExecutionListener@15756d2c, org.springframework.boot.test.autoconfigure.restdocs.RestDocsTestExecutionListener@473b5118, org.springframework.boot.test.autoconfigure.web.client.MockRestServiceServerResetTestExecutionListener@256f93da, org.springframework.boot.test.autoconfigure.web.servlet.MockMvcPrintOnlyOnFailureTestExecutionListener@30c9d27b, org.springframework.boot.test.autoconfigure.web.servlet.WebDriverTestExecutionListener@e6bd543, org.springframework.boot.test.autoconfigure.webservices.client.MockWebServiceServerTestExecutionListener@13c5f607, org.springframework.boot.test.mock.mockito.ResetMocksTestExecutionListener@4aed46e6]
]]></system-out>
  <system-err><![CDATA[]]></system-err>
</testsuite>
