<?xml version="1.0" encoding="UTF-8"?>
<testsuite name="com.csci5308.groupme.course.service.CourseServiceImplTest" tests="4" skipped="0" failures="0" errors="0" timestamp="2020-07-06T19:42:24" hostname="YASHESH" time="0.02">
  <properties/>
  <testcase name="noCourseToDeleteTest()" classname="com.csci5308.groupme.course.service.CourseServiceImplTest" time="0.005"/>
  <testcase name="saveCourseTest()" classname="com.csci5308.groupme.course.service.CourseServiceImplTest" time="0.004"/>
  <testcase name="deleteCourseTest()" classname="com.csci5308.groupme.course.service.CourseServiceImplTest" time="0.004"/>
  <testcase name="courseExistsTest()" classname="com.csci5308.groupme.course.service.CourseServiceImplTest" time="0.003"/>
  <system-out><![CDATA[2020-07-06 16:42:24.109  INFO 12604 --- [    Test worker] o.s.t.c.s.DefaultTestContextBootstrapper : Neither @ContextConfiguration nor @ContextHierarchy found for test class [com.csci5308.groupme.course.service.CourseServiceImplTest], using DelegatingSmartContextLoader
2020-07-06 16:42:24.109  INFO 12604 --- [    Test worker] o.s.t.c.support.AbstractContextLoader    : Could not detect default resource locations for test class [com.csci5308.groupme.course.service.CourseServiceImplTest]: no resource found for suffixes {-context.xml}.
2020-07-06 16:42:24.110  INFO 12604 --- [    Test worker] t.c.s.AnnotationConfigContextLoaderUtils : Could not detect default configuration classes for test class [com.csci5308.groupme.course.service.CourseServiceImplTest]: CourseServiceImplTest does not declare any static, non-private, non-final, nested classes annotated with @Configuration.
2020-07-06 16:42:24.111  INFO 12604 --- [    Test worker] o.s.t.c.s.DefaultTestContextBootstrapper : Loaded default TestExecutionListener class names from location [META-INF/spring.factories]: [org.springframework.boot.test.autoconfigure.restdocs.RestDocsTestExecutionListener, org.springframework.boot.test.autoconfigure.web.client.MockRestServiceServerResetTestExecutionListener, org.springframework.boot.test.autoconfigure.web.servlet.MockMvcPrintOnlyOnFailureTestExecutionListener, org.springframework.boot.test.autoconfigure.web.servlet.WebDriverTestExecutionListener, org.springframework.boot.test.autoconfigure.webservices.client.MockWebServiceServerTestExecutionListener, org.springframework.boot.test.mock.mockito.MockitoTestExecutionListener, org.springframework.boot.test.mock.mockito.ResetMocksTestExecutionListener, org.springframework.security.test.context.support.WithSecurityContextTestExecutionListener, org.springframework.security.test.context.support.ReactorContextTestExecutionListener, org.springframework.test.context.web.ServletTestExecutionListener, org.springframework.test.context.support.DirtiesContextBeforeModesTestExecutionListener, org.springframework.test.context.support.DependencyInjectionTestExecutionListener, org.springframework.test.context.support.DirtiesContextTestExecutionListener, org.springframework.test.context.transaction.TransactionalTestExecutionListener, org.springframework.test.context.jdbc.SqlScriptsTestExecutionListener, org.springframework.test.context.event.EventPublishingTestExecutionListener]
2020-07-06 16:42:24.113  INFO 12604 --- [    Test worker] o.s.t.c.s.DefaultTestContextBootstrapper : Using TestExecutionListeners: [org.springframework.test.context.web.ServletTestExecutionListener@7b45f335, org.springframework.test.context.support.DirtiesContextBeforeModesTestExecutionListener@79e10bb2, org.springframework.boot.test.mock.mockito.MockitoTestExecutionListener@41fd0129, org.springframework.test.context.support.DependencyInjectionTestExecutionListener@ee9fe67, org.springframework.test.context.support.DirtiesContextTestExecutionListener@5ae178d4, org.springframework.security.test.context.support.WithSecurityContextTestExecutionListener@2bac44a1, org.springframework.test.context.event.EventPublishingTestExecutionListener@271fcb4, org.springframework.security.test.context.support.ReactorContextTestExecutionListener@432a205b, org.springframework.boot.test.autoconfigure.restdocs.RestDocsTestExecutionListener@12dcd732, org.springframework.boot.test.autoconfigure.web.client.MockRestServiceServerResetTestExecutionListener@5b1c0084, org.springframework.boot.test.autoconfigure.web.servlet.MockMvcPrintOnlyOnFailureTestExecutionListener@5605d30f, org.springframework.boot.test.autoconfigure.web.servlet.WebDriverTestExecutionListener@443f096c, org.springframework.boot.test.autoconfigure.webservices.client.MockWebServiceServerTestExecutionListener@302e239e, org.springframework.boot.test.mock.mockito.ResetMocksTestExecutionListener@b0d1d3f]
]]></system-out>
  <system-err><![CDATA[]]></system-err>
</testsuite>
