<?xml version="1.0" encoding="UTF-8"?>
<testsuite name="com.csci5308.groupme.course.model.CourseTest" tests="8" skipped="0" failures="0" errors="0" timestamp="2020-06-13T05:31:06" hostname="YASHESH" time="0.038">
  <properties/>
  <testcase name="getCourseCodeTest()" classname="com.csci5308.groupme.course.model.CourseTest" time="0.004"/>
  <testcase name="setCourseCrnTest()" classname="com.csci5308.groupme.course.model.CourseTest" time="0.003"/>
  <testcase name="setCourseNameTest()" classname="com.csci5308.groupme.course.model.CourseTest" time="0.005"/>
  <testcase name="defaultConstructorTest()" classname="com.csci5308.groupme.course.model.CourseTest" time="0.003"/>
  <testcase name="getCourseNameTest()" classname="com.csci5308.groupme.course.model.CourseTest" time="0.004"/>
  <testcase name="setCourseCodeTest()" classname="com.csci5308.groupme.course.model.CourseTest" time="0.003"/>
  <testcase name="getCourseCrnTest()" classname="com.csci5308.groupme.course.model.CourseTest" time="0.003"/>
  <testcase name="constructorWithValuesTest()" classname="com.csci5308.groupme.course.model.CourseTest" time="0.004"/>
  <system-out><![CDATA[2020-06-13 02:31:06.227  INFO 6120 --- [    Test worker] o.s.t.c.s.DefaultTestContextBootstrapper : Neither @ContextConfiguration nor @ContextHierarchy found for test class [com.csci5308.groupme.course.model.CourseTest], using DelegatingSmartContextLoader
2020-06-13 02:31:06.228  INFO 6120 --- [    Test worker] o.s.t.c.support.AbstractContextLoader    : Could not detect default resource locations for test class [com.csci5308.groupme.course.model.CourseTest]: no resource found for suffixes {-context.xml}.
2020-06-13 02:31:06.228  INFO 6120 --- [    Test worker] t.c.s.AnnotationConfigContextLoaderUtils : Could not detect default configuration classes for test class [com.csci5308.groupme.course.model.CourseTest]: CourseTest does not declare any static, non-private, non-final, nested classes annotated with @Configuration.
2020-06-13 02:31:06.229  INFO 6120 --- [    Test worker] o.s.t.c.s.DefaultTestContextBootstrapper : Loaded default TestExecutionListener class names from location [META-INF/spring.factories]: [org.springframework.boot.test.autoconfigure.restdocs.RestDocsTestExecutionListener, org.springframework.boot.test.autoconfigure.web.client.MockRestServiceServerResetTestExecutionListener, org.springframework.boot.test.autoconfigure.web.servlet.MockMvcPrintOnlyOnFailureTestExecutionListener, org.springframework.boot.test.autoconfigure.web.servlet.WebDriverTestExecutionListener, org.springframework.boot.test.autoconfigure.webservices.client.MockWebServiceServerTestExecutionListener, org.springframework.boot.test.mock.mockito.MockitoTestExecutionListener, org.springframework.boot.test.mock.mockito.ResetMocksTestExecutionListener, org.springframework.security.test.context.support.WithSecurityContextTestExecutionListener, org.springframework.security.test.context.support.ReactorContextTestExecutionListener, org.springframework.test.context.web.ServletTestExecutionListener, org.springframework.test.context.support.DirtiesContextBeforeModesTestExecutionListener, org.springframework.test.context.support.DependencyInjectionTestExecutionListener, org.springframework.test.context.support.DirtiesContextTestExecutionListener, org.springframework.test.context.transaction.TransactionalTestExecutionListener, org.springframework.test.context.jdbc.SqlScriptsTestExecutionListener, org.springframework.test.context.event.EventPublishingTestExecutionListener]
2020-06-13 02:31:06.232  INFO 6120 --- [    Test worker] o.s.t.c.s.DefaultTestContextBootstrapper : Using TestExecutionListeners: [org.springframework.test.context.web.ServletTestExecutionListener@4fcbcf96, org.springframework.test.context.support.DirtiesContextBeforeModesTestExecutionListener@296814fa, org.springframework.boot.test.mock.mockito.MockitoTestExecutionListener@3d07306e, org.springframework.test.context.support.DependencyInjectionTestExecutionListener@69c51ccd, org.springframework.test.context.support.DirtiesContextTestExecutionListener@7863d91c, org.springframework.security.test.context.support.WithSecurityContextTestExecutionListener@1145dd2e, org.springframework.test.context.event.EventPublishingTestExecutionListener@15450b28, org.springframework.security.test.context.support.ReactorContextTestExecutionListener@54275e39, org.springframework.boot.test.autoconfigure.restdocs.RestDocsTestExecutionListener@32eac698, org.springframework.boot.test.autoconfigure.web.client.MockRestServiceServerResetTestExecutionListener@df9c146, org.springframework.boot.test.autoconfigure.web.servlet.MockMvcPrintOnlyOnFailureTestExecutionListener@30d8879a, org.springframework.boot.test.autoconfigure.web.servlet.WebDriverTestExecutionListener@5e60d12e, org.springframework.boot.test.autoconfigure.webservices.client.MockWebServiceServerTestExecutionListener@3ada127c, org.springframework.boot.test.mock.mockito.ResetMocksTestExecutionListener@796a0790]
]]></system-out>
  <system-err><![CDATA[]]></system-err>
</testsuite>
