<?xml version="1.0" encoding="UTF-8"?>
<testsuite name="com.csci5308.groupme.auth.config.PasswordPropertiesTest" tests="1" skipped="0" failures="0" errors="0" timestamp="2020-07-06T19:42:22" hostname="YASHESH" time="0.01">
  <properties/>
  <testcase name="loadPasswordPropertiesTest()" classname="com.csci5308.groupme.auth.config.PasswordPropertiesTest" time="0.01"/>
  <system-out><![CDATA[2020-07-06 16:42:22.876  INFO 12604 --- [    Test worker] c.c.g.a.config.PasswordPropertiesTest    : Invalid chars: *()
]]></system-out>
  <system-err><![CDATA[]]></system-err>
</testsuite>
