<?xml version="1.0" encoding="UTF-8"?>
<testsuite name="com.csci5308.groupme.GroupmeApplicationTests" tests="1" skipped="0" failures="0" errors="0" timestamp="2020-06-13T05:31:07" hostname="YASHESH" time="0.008">
  <properties/>
  <testcase name="contextLoads()" classname="com.csci5308.groupme.GroupmeApplicationTests" time="0.008"/>
  <system-out><![CDATA[2020-06-13 02:31:06.411  INFO 6120 --- [    Test worker] .b.t.c.SpringBootTestContextBootstrapper : Neither @ContextConfiguration nor @ContextHierarchy found for test class [com.csci5308.groupme.GroupmeApplicationTests], using SpringBootContextLoader
2020-06-13 02:31:06.413  INFO 6120 --- [    Test worker] o.s.t.c.support.AbstractContextLoader    : Could not detect default resource locations for test class [com.csci5308.groupme.GroupmeApplicationTests]: no resource found for suffixes {-context.xml, Context.groovy}.
2020-06-13 02:31:06.413  INFO 6120 --- [    Test worker] t.c.s.AnnotationConfigContextLoaderUtils : Could not detect default configuration classes for test class [com.csci5308.groupme.GroupmeApplicationTests]: GroupmeApplicationTests does not declare any static, non-private, non-final, nested classes annotated with @Configuration.
2020-06-13 02:31:06.420  INFO 6120 --- [    Test worker] .b.t.c.SpringBootTestContextBootstrapper : Found @SpringBootConfiguration com.csci5308.groupme.GroupmeApplication for test class com.csci5308.groupme.GroupmeApplicationTests
2020-06-13 02:31:06.422  INFO 6120 --- [    Test worker] .b.t.c.SpringBootTestContextBootstrapper : Loaded default TestExecutionListener class names from location [META-INF/spring.factories]: [org.springframework.boot.test.autoconfigure.restdocs.RestDocsTestExecutionListener, org.springframework.boot.test.autoconfigure.web.client.MockRestServiceServerResetTestExecutionListener, org.springframework.boot.test.autoconfigure.web.servlet.MockMvcPrintOnlyOnFailureTestExecutionListener, org.springframework.boot.test.autoconfigure.web.servlet.WebDriverTestExecutionListener, org.springframework.boot.test.autoconfigure.webservices.client.MockWebServiceServerTestExecutionListener, org.springframework.boot.test.mock.mockito.MockitoTestExecutionListener, org.springframework.boot.test.mock.mockito.ResetMocksTestExecutionListener, org.springframework.security.test.context.support.WithSecurityContextTestExecutionListener, org.springframework.security.test.context.support.ReactorContextTestExecutionListener, org.springframework.test.context.web.ServletTestExecutionListener, org.springframework.test.context.support.DirtiesContextBeforeModesTestExecutionListener, org.springframework.test.context.support.DependencyInjectionTestExecutionListener, org.springframework.test.context.support.DirtiesContextTestExecutionListener, org.springframework.test.context.transaction.TransactionalTestExecutionListener, org.springframework.test.context.jdbc.SqlScriptsTestExecutionListener, org.springframework.test.context.event.EventPublishingTestExecutionListener]
2020-06-13 02:31:06.424  INFO 6120 --- [    Test worker] .b.t.c.SpringBootTestContextBootstrapper : Using TestExecutionListeners: [org.springframework.test.context.web.ServletTestExecutionListener@547831b0, org.springframework.test.context.support.DirtiesContextBeforeModesTestExecutionListener@61034b5, org.springframework.boot.test.mock.mockito.MockitoTestExecutionListener@5718070, org.springframework.boot.test.autoconfigure.SpringBootDependencyInjectionTestExecutionListener@47e1e1a, org.springframework.test.context.support.DirtiesContextTestExecutionListener@119e4a94, org.springframework.security.test.context.support.WithSecurityContextTestExecutionListener@16ac718e, org.springframework.test.context.event.EventPublishingTestExecutionListener@1fd7012b, org.springframework.security.test.context.support.ReactorContextTestExecutionListener@6b2d4205, org.springframework.boot.test.autoconfigure.restdocs.RestDocsTestExecutionListener@8846f1e, org.springframework.boot.test.autoconfigure.web.client.MockRestServiceServerResetTestExecutionListener@7dd14f81, org.springframework.boot.test.autoconfigure.web.servlet.MockMvcPrintOnlyOnFailureTestExecutionListener@5aa8c749, org.springframework.boot.test.autoconfigure.web.servlet.WebDriverTestExecutionListener@5b948b73, org.springframework.boot.test.autoconfigure.webservices.client.MockWebServiceServerTestExecutionListener@7043f380, org.springframework.boot.test.mock.mockito.ResetMocksTestExecutionListener@719074e]

  .   ____          _            __ _ _
 /\\ / ___'_ __ _ _(_)_ __  __ _ \ \ \ \
( ( )\___ | '_ | '_| | '_ \/ _` | \ \ \ \
 \\/  ___)| |_)| | | | | || (_| |  ) ) ) )
  '  |____| .__|_| |_|_| |_\__, | / / / /
 =========|_|==============|___/=/_/_/_/
 :: Spring Boot ::        (v2.3.0.RELEASE)

2020-06-13 02:31:06.463  INFO 6120 --- [    Test worker] c.c.groupme.GroupmeApplicationTests      : Starting GroupmeApplicationTests on Yashesh with PID 6120 (started by yashe in E:\DAL\SEM 3\ASDC\project\group19)
2020-06-13 02:31:06.465  INFO 6120 --- [    Test worker] c.c.groupme.GroupmeApplicationTests      : No active profile set, falling back to default profiles: default
2020-06-13 02:31:07.113  INFO 6120 --- [    Test worker] o.s.s.web.DefaultSecurityFilterChain     : Creating filter chain: any request, [org.springframework.security.web.context.request.async.WebAsyncManagerIntegrationFilter@4e8ba286, org.springframework.security.web.context.SecurityContextPersistenceFilter@7aba23b3, org.springframework.security.web.header.HeaderWriterFilter@1d8d289f, org.springframework.security.web.authentication.logout.LogoutFilter@6551681c, org.springframework.security.web.authentication.UsernamePasswordAuthenticationFilter@17852e3d, org.springframework.security.web.savedrequest.RequestCacheAwareFilter@32b226cb, org.springframework.security.web.servletapi.SecurityContextHolderAwareRequestFilter@468f39d2, org.springframework.security.web.authentication.AnonymousAuthenticationFilter@3a1e2de5, org.springframework.security.web.session.SessionManagementFilter@4ee8c64a, org.springframework.security.web.access.ExceptionTranslationFilter@53536265, org.springframework.security.web.access.intercept.FilterSecurityInterceptor@a659d04]
2020-06-13 02:31:07.316  INFO 6120 --- [    Test worker] o.s.s.concurrent.ThreadPoolTaskExecutor  : Initializing ExecutorService 'applicationTaskExecutor'
2020-06-13 02:31:07.769  INFO 6120 --- [    Test worker] c.c.groupme.GroupmeApplicationTests      : Started GroupmeApplicationTests in 1.34 seconds (JVM running for 15.278)
]]></system-out>
  <system-err><![CDATA[]]></system-err>
</testsuite>
