<?xml version="1.0" encoding="UTF-8"?>
<testsuite name="com.csci5308.groupme.student.controller.StudentControllerTest" tests="1" skipped="0" failures="0" errors="0" timestamp="2020-06-18T05:52:21" hostname="YASHESH" time="0.642">
  <properties/>
  <testcase name="showStudentHomePageTest()" classname="com.csci5308.groupme.student.controller.StudentControllerTest" time="0.642"/>
  <system-out><![CDATA[2020-06-18 02:52:21.340  INFO 17904 --- [    Test worker] .b.t.c.SpringBootTestContextBootstrapper : Neither @ContextConfiguration nor @ContextHierarchy found for test class [com.csci5308.groupme.student.controller.StudentControllerTest], using SpringBootContextLoader
2020-06-18 02:52:21.341  INFO 17904 --- [    Test worker] o.s.t.c.support.AbstractContextLoader    : Could not detect default resource locations for test class [com.csci5308.groupme.student.controller.StudentControllerTest]: no resource found for suffixes {-context.xml, Context.groovy}.
2020-06-18 02:52:21.341  INFO 17904 --- [    Test worker] t.c.s.AnnotationConfigContextLoaderUtils : Could not detect default configuration classes for test class [com.csci5308.groupme.student.controller.StudentControllerTest]: StudentControllerTest does not declare any static, non-private, non-final, nested classes annotated with @Configuration.
2020-06-18 02:52:21.350  INFO 17904 --- [    Test worker] .b.t.c.SpringBootTestContextBootstrapper : Found @SpringBootConfiguration com.csci5308.groupme.GroupmeApplication for test class com.csci5308.groupme.student.controller.StudentControllerTest
2020-06-18 02:52:21.352  INFO 17904 --- [    Test worker] .b.t.c.SpringBootTestContextBootstrapper : Loaded default TestExecutionListener class names from location [META-INF/spring.factories]: [org.springframework.boot.test.autoconfigure.restdocs.RestDocsTestExecutionListener, org.springframework.boot.test.autoconfigure.web.client.MockRestServiceServerResetTestExecutionListener, org.springframework.boot.test.autoconfigure.web.servlet.MockMvcPrintOnlyOnFailureTestExecutionListener, org.springframework.boot.test.autoconfigure.web.servlet.WebDriverTestExecutionListener, org.springframework.boot.test.autoconfigure.webservices.client.MockWebServiceServerTestExecutionListener, org.springframework.boot.test.mock.mockito.MockitoTestExecutionListener, org.springframework.boot.test.mock.mockito.ResetMocksTestExecutionListener, org.springframework.security.test.context.support.WithSecurityContextTestExecutionListener, org.springframework.security.test.context.support.ReactorContextTestExecutionListener, org.springframework.test.context.web.ServletTestExecutionListener, org.springframework.test.context.support.DirtiesContextBeforeModesTestExecutionListener, org.springframework.test.context.support.DependencyInjectionTestExecutionListener, org.springframework.test.context.support.DirtiesContextTestExecutionListener, org.springframework.test.context.transaction.TransactionalTestExecutionListener, org.springframework.test.context.jdbc.SqlScriptsTestExecutionListener, org.springframework.test.context.event.EventPublishingTestExecutionListener]
2020-06-18 02:52:21.354  INFO 17904 --- [    Test worker] .b.t.c.SpringBootTestContextBootstrapper : Using TestExecutionListeners: [org.springframework.test.context.web.ServletTestExecutionListener@15a57cc1, org.springframework.test.context.support.DirtiesContextBeforeModesTestExecutionListener@526fb06f, org.springframework.boot.test.mock.mockito.MockitoTestExecutionListener@372bce75, org.springframework.boot.test.autoconfigure.SpringBootDependencyInjectionTestExecutionListener@5ae88cf0, org.springframework.test.context.support.DirtiesContextTestExecutionListener@6495b018, org.springframework.security.test.context.support.WithSecurityContextTestExecutionListener@4b56982d, org.springframework.test.context.event.EventPublishingTestExecutionListener@2267af54, org.springframework.security.test.context.support.ReactorContextTestExecutionListener@3cf628e4, org.springframework.boot.test.autoconfigure.restdocs.RestDocsTestExecutionListener@752a4a12, org.springframework.boot.test.autoconfigure.web.client.MockRestServiceServerResetTestExecutionListener@a42336a, org.springframework.boot.test.autoconfigure.web.servlet.MockMvcPrintOnlyOnFailureTestExecutionListener@15402079, org.springframework.boot.test.autoconfigure.web.servlet.WebDriverTestExecutionListener@187c9b3d, org.springframework.boot.test.autoconfigure.webservices.client.MockWebServiceServerTestExecutionListener@3fa128fa, org.springframework.boot.test.mock.mockito.ResetMocksTestExecutionListener@24639507]
2020-06-18 02:52:21.367  INFO 17904 --- [    Test worker] c.c.groupme.course.dao.CourseDAOImpl     : Connecting to the selected database...
2020-06-18 02:52:21.451  INFO 17904 --- [    Test worker] c.c.groupme.course.dao.CourseDAOImpl     : Connected to the database successfully...
2020-06-18 02:52:21.571  INFO 17904 --- [    Test worker] c.c.groupme.course.dao.CourseDAOImpl     : Connection to database Closed...
2020-06-18 02:52:21.650  INFO 17904 --- [    Test worker] c.c.groupme.course.dao.CourseDAOImpl     : Connection to database Closed...
2020-06-18 02:52:21.728  INFO 17904 --- [    Test worker] c.c.groupme.course.dao.CourseDAOImpl     : Connection to database Closed...
2020-06-18 02:52:21.817  INFO 17904 --- [    Test worker] c.c.groupme.course.dao.CourseDAOImpl     : Connection to database Closed...
2020-06-18 02:52:21.818  INFO 17904 --- [    Test worker] c.c.groupme.course.dao.CourseDAOImpl     : Connection to database Closed...

MockHttpServletRequest:
      HTTP Method = GET
      Request URI = /studenthomepage
       Parameters = {}
          Headers = []
             Body = null
    Session Attrs = {SPRING_SECURITY_CONTEXT=org.springframework.security.core.context.SecurityContextImpl@d4208d54: Authentication: org.springframework.security.authentication.UsernamePasswordAuthenticationToken@d4208d54: Principal: org.springframework.security.core.userdetails.User@bade5475: Username: testuser2; Password: [PROTECTED]; Enabled: true; AccountNonExpired: true; credentialsNonExpired: true; AccountNonLocked: true; Granted Authorities: ROLE_STUDENT; Credentials: [PROTECTED]; Authenticated: true; Details: null; Granted Authorities: ROLE_STUDENT}

Handler:
             Type = com.csci5308.groupme.student.controller.StudentController
           Method = com.csci5308.groupme.student.controller.StudentController#showStudentHomePage(boolean, boolean, boolean, Principal)

Async:
    Async started = false
     Async result = null

Resolved Exception:
             Type = null

ModelAndView:
        View name = student/studenthomepage
             View = null
        Attribute = studentCourseDetails
            value = [com.csci5308.groupme.course.model.Course@c24ec5d, com.csci5308.groupme.course.model.Course@59bd0b74, com.csci5308.groupme.course.model.Course@70ee0b53, com.csci5308.groupme.course.model.Course@3540c640]
        Attribute = isTA
            value = false
        Attribute = isInstructor
            value = false

FlashMap:
       Attributes = null

MockHttpServletResponse:
           Status = 200
    Error message = null
          Headers = [Content-Language:"en", Content-Type:"text/html;charset=UTF-8", X-Content-Type-Options:"nosniff", X-XSS-Protection:"1; mode=block", Cache-Control:"no-cache, no-store, max-age=0, must-revalidate", Pragma:"no-cache", Expires:"0", X-Frame-Options:"DENY"]
     Content type = text/html;charset=UTF-8
             Body = <!DOCTYPE html>
<html>
<head>
    <meta charset="UTF-8">
    <title>Student Home Page</title>
    <link href="https://maxcdn.bootstrapcdn.com/bootstrap/4.0.0-beta/css/bootstrap.min.css" rel="stylesheet"
          integrity="sha384-/Y6pD6FV/Vv2HJnA6t+vslU6fwYXjCFtcEpHbNJ0lyAFsXTsjBbfaDjzALeQsN6M" crossorigin="anonymous">
    <link href="https://getbootstrap.com/docs/4.0/examples/signin/signin.css" rel="stylesheet" crossorigin="anonymous">
    <link rel="stylesheet" href="/css/theme.css"/>
    <script>
        var isTA = "false";
        var isInstructor = "false";

        function showCourseAdminButton() {
            if (isTA === "true" || isInstructor === "true") {
                document.getElementById('courseAdminButton').style.display = "block";
            }
        }

    </script>
</head>
<body onload="showCourseAdminButton()">

<div class="topnav">
    <a href="/">GroupMe</a>
    <a style="float: right" href="logout">Logout</a>
    <a style="float: right" class="active" href="#account">Account</a>
</div>

<div style="text-align: center; margin: 0 auto; padding-top:10px">
    <h2>Details of Course</h2>
    <div id="courseAdminButton" style="text-align: center; display: none;">
        <form action="/TAcoursepage" method="post">
            <button style="background-color: gray;box-shadow: 0 8px 16px 0 rgba(0,0,0,0.2), 0 6px 20px 0 rgba(0,0,0,0.19);"
                    type="submit">Course Admin Page
            </button>
        </form>
    </div>
    <form name="form" method="GET">

        <table class="center" border="1">
            <thead>
            <tr>
                <th>Course Code</th>
                <th colspan="2">Course Name</th>
                <th>Link</th>
            </tr>
            </thead>
            <tbody>
            <tr>
                <td>csci0014</td>
                <td colspan="2">cloud</td>
                <td>
                    <a href="/coursepage?courseCode=csci0014&amp;courseName=cloud">
                        Go To Course
                    </a>
                </td>
            </tr>
            <tr>
                <td>csci0002</td>
                <td colspan="2">mobile computing</td>
                <td>
                    <a href="/coursepage?courseCode=csci0002&amp;courseName=mobile%20computing">
                        Go To Course
                    </a>
                </td>
            </tr>
            <tr>
                <td>csci0003</td>
                <td colspan="2">data management</td>
                <td>
                    <a href="/coursepage?courseCode=csci0003&amp;courseName=data%20management">
                        Go To Course
                    </a>
                </td>
            </tr>
            <tr>
                <td>csci0010</td>
                <td colspan="2">web</td>
                <td>
                    <a href="/coursepage?courseCode=csci0010&amp;courseName=web">
                        Go To Course
                    </a>
                </td>
            </tr>
            </tbody>
        </table>
        
    </form>
</div>
</body>
</html>
    Forwarded URL = null
   Redirected URL = null
          Cookies = []
]]></system-out>
  <system-err><![CDATA[]]></system-err>
</testsuite>
