<?xml version="1.0" encoding="UTF-8"?>
<testsuite name="com.csci5308.groupme.course.service.CourseServiceImplTest" tests="7" skipped="0" failures="0" errors="0" timestamp="2020-06-14T21:36:28" hostname="YASHESH" time="0.045">
  <properties/>
  <testcase name="getCoursesByUserNameAndRoleTest()" classname="com.csci5308.groupme.course.service.CourseServiceImplTest" time="0.005"/>
  <testcase name="noCourseToDeleteTest()" classname="com.csci5308.groupme.course.service.CourseServiceImplTest" time="0.003"/>
  <testcase name="findAllCoursesTest()" classname="com.csci5308.groupme.course.service.CourseServiceImplTest" time="0.005"/>
  <testcase name="findCoursesByStudentUserNameTest()" classname="com.csci5308.groupme.course.service.CourseServiceImplTest" time="0.005"/>
  <testcase name="saveCourseTest()" classname="com.csci5308.groupme.course.service.CourseServiceImplTest" time="0.005"/>
  <testcase name="deleteCourseTest()" classname="com.csci5308.groupme.course.service.CourseServiceImplTest" time="0.003"/>
  <testcase name="courseExistsTest()" classname="com.csci5308.groupme.course.service.CourseServiceImplTest" time="0.004"/>
  <system-out><![CDATA[2020-06-14 18:36:27.990  INFO 19372 --- [    Test worker] o.s.t.c.s.DefaultTestContextBootstrapper : Neither @ContextConfiguration nor @ContextHierarchy found for test class [com.csci5308.groupme.course.service.CourseServiceImplTest], using DelegatingSmartContextLoader
2020-06-14 18:36:27.990  INFO 19372 --- [    Test worker] o.s.t.c.support.AbstractContextLoader    : Could not detect default resource locations for test class [com.csci5308.groupme.course.service.CourseServiceImplTest]: no resource found for suffixes {-context.xml}.
2020-06-14 18:36:27.990  INFO 19372 --- [    Test worker] t.c.s.AnnotationConfigContextLoaderUtils : Could not detect default configuration classes for test class [com.csci5308.groupme.course.service.CourseServiceImplTest]: CourseServiceImplTest does not declare any static, non-private, non-final, nested classes annotated with @Configuration.
2020-06-14 18:36:27.992  INFO 19372 --- [    Test worker] o.s.t.c.s.DefaultTestContextBootstrapper : Loaded default TestExecutionListener class names from location [META-INF/spring.factories]: [org.springframework.boot.test.autoconfigure.restdocs.RestDocsTestExecutionListener, org.springframework.boot.test.autoconfigure.web.client.MockRestServiceServerResetTestExecutionListener, org.springframework.boot.test.autoconfigure.web.servlet.MockMvcPrintOnlyOnFailureTestExecutionListener, org.springframework.boot.test.autoconfigure.web.servlet.WebDriverTestExecutionListener, org.springframework.boot.test.autoconfigure.webservices.client.MockWebServiceServerTestExecutionListener, org.springframework.boot.test.mock.mockito.MockitoTestExecutionListener, org.springframework.boot.test.mock.mockito.ResetMocksTestExecutionListener, org.springframework.security.test.context.support.WithSecurityContextTestExecutionListener, org.springframework.security.test.context.support.ReactorContextTestExecutionListener, org.springframework.test.context.web.ServletTestExecutionListener, org.springframework.test.context.support.DirtiesContextBeforeModesTestExecutionListener, org.springframework.test.context.support.DependencyInjectionTestExecutionListener, org.springframework.test.context.support.DirtiesContextTestExecutionListener, org.springframework.test.context.transaction.TransactionalTestExecutionListener, org.springframework.test.context.jdbc.SqlScriptsTestExecutionListener, org.springframework.test.context.event.EventPublishingTestExecutionListener]
2020-06-14 18:36:27.994  INFO 19372 --- [    Test worker] o.s.t.c.s.DefaultTestContextBootstrapper : Using TestExecutionListeners: [org.springframework.test.context.web.ServletTestExecutionListener@41d83122, org.springframework.test.context.support.DirtiesContextBeforeModesTestExecutionListener@3ccf74d8, org.springframework.boot.test.mock.mockito.MockitoTestExecutionListener@65204f84, org.springframework.test.context.support.DependencyInjectionTestExecutionListener@31a064dd, org.springframework.test.context.support.DirtiesContextTestExecutionListener@317102ea, org.springframework.security.test.context.support.WithSecurityContextTestExecutionListener@765fd9a8, org.springframework.test.context.event.EventPublishingTestExecutionListener@1164e488, org.springframework.security.test.context.support.ReactorContextTestExecutionListener@2350ecf5, org.springframework.boot.test.autoconfigure.restdocs.RestDocsTestExecutionListener@1a8fcc27, org.springframework.boot.test.autoconfigure.web.client.MockRestServiceServerResetTestExecutionListener@1295c447, org.springframework.boot.test.autoconfigure.web.servlet.MockMvcPrintOnlyOnFailureTestExecutionListener@24e33239, org.springframework.boot.test.autoconfigure.web.servlet.WebDriverTestExecutionListener@f05514, org.springframework.boot.test.autoconfigure.webservices.client.MockWebServiceServerTestExecutionListener@647a5fd9, org.springframework.boot.test.mock.mockito.ResetMocksTestExecutionListener@58f108ed]
]]></system-out>
  <system-err><![CDATA[]]></system-err>
</testsuite>
