<?xml version="1.0" encoding="UTF-8"?>
<testsuite name="com.csci5308.groupme.user.service.UserServiceTest" tests="5" skipped="0" failures="0" errors="0" timestamp="2020-07-06T19:42:25" hostname="YASHESH" time="0.034">
  <properties/>
  <testcase name="registerUserTest()" classname="com.csci5308.groupme.user.service.UserServiceTest" time="0.024"/>
  <testcase name="updatePasswordTest()" classname="com.csci5308.groupme.user.service.UserServiceTest" time="0.002"/>
  <testcase name="updatePasswordNoEmailTest()" classname="com.csci5308.groupme.user.service.UserServiceTest" time="0.001"/>
  <testcase name="emailAlreadytExistsTest()" classname="com.csci5308.groupme.user.service.UserServiceTest" time="0.001"/>
  <testcase name="userNameAlreadytExistsTest()" classname="com.csci5308.groupme.user.service.UserServiceTest" time="0.004"/>
  <system-out><![CDATA[2020-07-06 16:42:25.930  INFO 12604 --- [    Test worker] c.c.g.user.service.UserServiceImpl       : Encoding the password for testuser123
2020-07-06 16:42:25.932  INFO 12604 --- [    Test worker] c.c.g.user.service.UserServiceImpl       : Password updated.....
2020-07-06 16:42:25.941  INFO 12604 --- [    Test worker] c.c.g.user.service.UserServiceImpl       : Encoding the password for testuser123
]]></system-out>
  <system-err><![CDATA[]]></system-err>
</testsuite>
