<?xml version="1.0" encoding="UTF-8"?>
<testsuite name="com.csci5308.groupme.GroupmeApplicationTests" tests="1" skipped="0" failures="0" errors="0" timestamp="2020-06-18T05:52:20" hostname="YASHESH" time="0.004">
  <properties/>
  <testcase name="contextLoads()" classname="com.csci5308.groupme.GroupmeApplicationTests" time="0.004"/>
  <system-out><![CDATA[2020-06-18 02:52:19.585  INFO 17904 --- [    Test worker] .b.t.c.SpringBootTestContextBootstrapper : Neither @ContextConfiguration nor @ContextHierarchy found for test class [com.csci5308.groupme.GroupmeApplicationTests], using SpringBootContextLoader
2020-06-18 02:52:19.587  INFO 17904 --- [    Test worker] o.s.t.c.support.AbstractContextLoader    : Could not detect default resource locations for test class [com.csci5308.groupme.GroupmeApplicationTests]: no resource found for suffixes {-context.xml, Context.groovy}.
2020-06-18 02:52:19.591  INFO 17904 --- [    Test worker] t.c.s.AnnotationConfigContextLoaderUtils : Could not detect default configuration classes for test class [com.csci5308.groupme.GroupmeApplicationTests]: GroupmeApplicationTests does not declare any static, non-private, non-final, nested classes annotated with @Configuration.
2020-06-18 02:52:19.610  INFO 17904 --- [    Test worker] .b.t.c.SpringBootTestContextBootstrapper : Found @SpringBootConfiguration com.csci5308.groupme.GroupmeApplication for test class com.csci5308.groupme.GroupmeApplicationTests
2020-06-18 02:52:19.615  INFO 17904 --- [    Test worker] .b.t.c.SpringBootTestContextBootstrapper : Loaded default TestExecutionListener class names from location [META-INF/spring.factories]: [org.springframework.boot.test.autoconfigure.restdocs.RestDocsTestExecutionListener, org.springframework.boot.test.autoconfigure.web.client.MockRestServiceServerResetTestExecutionListener, org.springframework.boot.test.autoconfigure.web.servlet.MockMvcPrintOnlyOnFailureTestExecutionListener, org.springframework.boot.test.autoconfigure.web.servlet.WebDriverTestExecutionListener, org.springframework.boot.test.autoconfigure.webservices.client.MockWebServiceServerTestExecutionListener, org.springframework.boot.test.mock.mockito.MockitoTestExecutionListener, org.springframework.boot.test.mock.mockito.ResetMocksTestExecutionListener, org.springframework.security.test.context.support.WithSecurityContextTestExecutionListener, org.springframework.security.test.context.support.ReactorContextTestExecutionListener, org.springframework.test.context.web.ServletTestExecutionListener, org.springframework.test.context.support.DirtiesContextBeforeModesTestExecutionListener, org.springframework.test.context.support.DependencyInjectionTestExecutionListener, org.springframework.test.context.support.DirtiesContextTestExecutionListener, org.springframework.test.context.transaction.TransactionalTestExecutionListener, org.springframework.test.context.jdbc.SqlScriptsTestExecutionListener, org.springframework.test.context.event.EventPublishingTestExecutionListener]
2020-06-18 02:52:19.619  INFO 17904 --- [    Test worker] .b.t.c.SpringBootTestContextBootstrapper : Using TestExecutionListeners: [org.springframework.test.context.web.ServletTestExecutionListener@51b47571, org.springframework.test.context.support.DirtiesContextBeforeModesTestExecutionListener@5f9ac354, org.springframework.boot.test.mock.mockito.MockitoTestExecutionListener@3cd80c14, org.springframework.boot.test.autoconfigure.SpringBootDependencyInjectionTestExecutionListener@4f43251f, org.springframework.test.context.support.DirtiesContextTestExecutionListener@3d2ede7b, org.springframework.security.test.context.support.WithSecurityContextTestExecutionListener@34a72ae9, org.springframework.test.context.event.EventPublishingTestExecutionListener@48e328c5, org.springframework.security.test.context.support.ReactorContextTestExecutionListener@1e5e971b, org.springframework.boot.test.autoconfigure.restdocs.RestDocsTestExecutionListener@55485fad, org.springframework.boot.test.autoconfigure.web.client.MockRestServiceServerResetTestExecutionListener@5835c78f, org.springframework.boot.test.autoconfigure.web.servlet.MockMvcPrintOnlyOnFailureTestExecutionListener@9c1794c, org.springframework.boot.test.autoconfigure.web.servlet.WebDriverTestExecutionListener@634dc120, org.springframework.boot.test.autoconfigure.webservices.client.MockWebServiceServerTestExecutionListener@74ef5fd3, org.springframework.boot.test.mock.mockito.ResetMocksTestExecutionListener@290f77e]

  .   ____          _            __ _ _
 /\\ / ___'_ __ _ _(_)_ __  __ _ \ \ \ \
( ( )\___ | '_ | '_| | '_ \/ _` | \ \ \ \
 \\/  ___)| |_)| | | | | || (_| |  ) ) ) )
  '  |____| .__|_| |_|_| |_\__, | / / / /
 =========|_|==============|___/=/_/_/_/
 :: Spring Boot ::        (v2.3.0.RELEASE)

2020-06-18 02:52:19.656  INFO 17904 --- [    Test worker] c.c.groupme.GroupmeApplicationTests      : Starting GroupmeApplicationTests on Yashesh with PID 17904 (started by yashe in E:\DAL\SEM 3\ASDC\project\group19)
2020-06-18 02:52:19.656  INFO 17904 --- [    Test worker] c.c.groupme.GroupmeApplicationTests      : No active profile set, falling back to default profiles: default
2020-06-18 02:52:20.240  INFO 17904 --- [    Test worker] o.s.s.web.DefaultSecurityFilterChain     : Creating filter chain: any request, [org.springframework.security.web.context.request.async.WebAsyncManagerIntegrationFilter@75dc85e3, org.springframework.security.web.context.SecurityContextPersistenceFilter@6e5a1a7c, org.springframework.security.web.header.HeaderWriterFilter@1eb60ef, org.springframework.security.web.authentication.logout.LogoutFilter@65538cbe, org.springframework.security.web.authentication.UsernamePasswordAuthenticationFilter@70d4e25a, org.springframework.security.web.savedrequest.RequestCacheAwareFilter@30f536e1, org.springframework.security.web.servletapi.SecurityContextHolderAwareRequestFilter@6a43d408, org.springframework.security.web.authentication.AnonymousAuthenticationFilter@19db5a0b, org.springframework.security.web.session.SessionManagementFilter@4b8f532f, org.springframework.security.web.access.ExceptionTranslationFilter@75757096, org.springframework.security.web.access.intercept.FilterSecurityInterceptor@16aa2d26]
2020-06-18 02:52:20.449  INFO 17904 --- [    Test worker] o.s.s.concurrent.ThreadPoolTaskExecutor  : Initializing ExecutorService 'applicationTaskExecutor'
2020-06-18 02:52:20.690  INFO 17904 --- [    Test worker] c.c.groupme.GroupmeApplicationTests      : Started GroupmeApplicationTests in 1.067 seconds (JVM running for 9.005)
]]></system-out>
  <system-err><![CDATA[]]></system-err>
</testsuite>
