<?xml version="1.0" encoding="UTF-8"?>
<testsuite name="com.csci5308.groupme.teaching_assistant.model.TeachingAssistantTest" tests="8" skipped="0" failures="0" errors="0" timestamp="2020-06-09T19:39:53" hostname="YASHESH" time="0.062">
  <properties/>
  <testcase name="getFirstNameTest()" classname="com.csci5308.groupme.teaching_assistant.model.TeachingAssistantTest" time="0.005"/>
  <testcase name="setLastNameTest()" classname="com.csci5308.groupme.teaching_assistant.model.TeachingAssistantTest" time="0.004"/>
  <testcase name="getUserNameTest()" classname="com.csci5308.groupme.teaching_assistant.model.TeachingAssistantTest" time="0.009"/>
  <testcase name="setUserNameTest()" classname="com.csci5308.groupme.teaching_assistant.model.TeachingAssistantTest" time="0.005"/>
  <testcase name="defaultConstructorTest()" classname="com.csci5308.groupme.teaching_assistant.model.TeachingAssistantTest" time="0.017"/>
  <testcase name="setFirstNameTest()" classname="com.csci5308.groupme.teaching_assistant.model.TeachingAssistantTest" time="0.004"/>
  <testcase name="getLastNameTest()" classname="com.csci5308.groupme.teaching_assistant.model.TeachingAssistantTest" time="0.004"/>
  <testcase name="constructorWithValuesTest()" classname="com.csci5308.groupme.teaching_assistant.model.TeachingAssistantTest" time="0.004"/>
  <system-out><![CDATA[2020-06-09 16:39:53.061  INFO 3376 --- [    Test worker] o.s.t.c.s.DefaultTestContextBootstrapper : Neither @ContextConfiguration nor @ContextHierarchy found for test class [com.csci5308.groupme.teaching_assistant.model.TeachingAssistantTest], using DelegatingSmartContextLoader
2020-06-09 16:39:53.066  INFO 3376 --- [    Test worker] o.s.t.c.support.AbstractContextLoader    : Could not detect default resource locations for test class [com.csci5308.groupme.teaching_assistant.model.TeachingAssistantTest]: no resource found for suffixes {-context.xml}.
2020-06-09 16:39:53.066  INFO 3376 --- [    Test worker] t.c.s.AnnotationConfigContextLoaderUtils : Could not detect default configuration classes for test class [com.csci5308.groupme.teaching_assistant.model.TeachingAssistantTest]: TeachingAssistantTest does not declare any static, non-private, non-final, nested classes annotated with @Configuration.
2020-06-09 16:39:53.067  INFO 3376 --- [    Test worker] o.s.t.c.s.DefaultTestContextBootstrapper : Loaded default TestExecutionListener class names from location [META-INF/spring.factories]: [org.springframework.boot.test.autoconfigure.restdocs.RestDocsTestExecutionListener, org.springframework.boot.test.autoconfigure.web.client.MockRestServiceServerResetTestExecutionListener, org.springframework.boot.test.autoconfigure.web.servlet.MockMvcPrintOnlyOnFailureTestExecutionListener, org.springframework.boot.test.autoconfigure.web.servlet.WebDriverTestExecutionListener, org.springframework.boot.test.autoconfigure.webservices.client.MockWebServiceServerTestExecutionListener, org.springframework.boot.test.mock.mockito.MockitoTestExecutionListener, org.springframework.boot.test.mock.mockito.ResetMocksTestExecutionListener, org.springframework.security.test.context.support.WithSecurityContextTestExecutionListener, org.springframework.security.test.context.support.ReactorContextTestExecutionListener, org.springframework.test.context.web.ServletTestExecutionListener, org.springframework.test.context.support.DirtiesContextBeforeModesTestExecutionListener, org.springframework.test.context.support.DependencyInjectionTestExecutionListener, org.springframework.test.context.support.DirtiesContextTestExecutionListener, org.springframework.test.context.transaction.TransactionalTestExecutionListener, org.springframework.test.context.jdbc.SqlScriptsTestExecutionListener, org.springframework.test.context.event.EventPublishingTestExecutionListener]
2020-06-09 16:39:53.069  INFO 3376 --- [    Test worker] o.s.t.c.s.DefaultTestContextBootstrapper : Using TestExecutionListeners: [org.springframework.test.context.web.ServletTestExecutionListener@275e4abb, org.springframework.test.context.support.DirtiesContextBeforeModesTestExecutionListener@4ef6df1, org.springframework.boot.test.mock.mockito.MockitoTestExecutionListener@77cd1a4f, org.springframework.test.context.support.DependencyInjectionTestExecutionListener@1de71fe, org.springframework.test.context.support.DirtiesContextTestExecutionListener@5480e8ec, org.springframework.security.test.context.support.WithSecurityContextTestExecutionListener@2bff8768, org.springframework.test.context.event.EventPublishingTestExecutionListener@347fef3a, org.springframework.security.test.context.support.ReactorContextTestExecutionListener@46dc39ca, org.springframework.boot.test.autoconfigure.restdocs.RestDocsTestExecutionListener@15486e75, org.springframework.boot.test.autoconfigure.web.client.MockRestServiceServerResetTestExecutionListener@42db7f73, org.springframework.boot.test.autoconfigure.web.servlet.MockMvcPrintOnlyOnFailureTestExecutionListener@9165e2d, org.springframework.boot.test.autoconfigure.web.servlet.WebDriverTestExecutionListener@2e2324ac, org.springframework.boot.test.autoconfigure.webservices.client.MockWebServiceServerTestExecutionListener@78cedcdb, org.springframework.boot.test.mock.mockito.ResetMocksTestExecutionListener@61f70456]
]]></system-out>
  <system-err><![CDATA[]]></system-err>
</testsuite>
