<?xml version="1.0" encoding="UTF-8"?>
<testsuite name="com.csci5308.groupme.admin.service.AdminServiceTest" tests="6" skipped="0" failures="0" errors="0" timestamp="2020-07-12T05:38:03" hostname="YASHESH" time="0.145">
  <properties/>
  <testcase name="courseNotFoundTest()" classname="com.csci5308.groupme.admin.service.AdminServiceTest" time="0.06"/>
  <testcase name="classAlreadyExistsTest()" classname="com.csci5308.groupme.admin.service.AdminServiceTest" time="0.027"/>
  <testcase name="assignInstructorToCourseTest()" classname="com.csci5308.groupme.admin.service.AdminServiceTest" time="0.008"/>
  <testcase name="dbIssueTest()" classname="com.csci5308.groupme.admin.service.AdminServiceTest" time="0.008"/>
  <testcase name="instructorNotFoundTest()" classname="com.csci5308.groupme.admin.service.AdminServiceTest" time="0.006"/>
  <testcase name="createAndAssignInstructorToCourseTest()" classname="com.csci5308.groupme.admin.service.AdminServiceTest" time="0.014"/>
  <system-out><![CDATA[2020-07-12 02:38:02.500  INFO 8920 --- [    Test worker] o.s.t.c.s.DefaultTestContextBootstrapper : Neither @ContextConfiguration nor @ContextHierarchy found for test class [com.csci5308.groupme.admin.service.AdminServiceTest], using DelegatingSmartContextLoader
2020-07-12 02:38:02.554  INFO 8920 --- [    Test worker] o.s.t.c.support.AbstractContextLoader    : Could not detect default resource locations for test class [com.csci5308.groupme.admin.service.AdminServiceTest]: no resource found for suffixes {-context.xml}.
2020-07-12 02:38:02.555  INFO 8920 --- [    Test worker] t.c.s.AnnotationConfigContextLoaderUtils : Could not detect default configuration classes for test class [com.csci5308.groupme.admin.service.AdminServiceTest]: AdminServiceTest does not declare any static, non-private, non-final, nested classes annotated with @Configuration.
2020-07-12 02:38:02.559  INFO 8920 --- [    Test worker] o.s.t.c.s.DefaultTestContextBootstrapper : Loaded default TestExecutionListener class names from location [META-INF/spring.factories]: [org.springframework.boot.test.autoconfigure.restdocs.RestDocsTestExecutionListener, org.springframework.boot.test.autoconfigure.web.client.MockRestServiceServerResetTestExecutionListener, org.springframework.boot.test.autoconfigure.web.servlet.MockMvcPrintOnlyOnFailureTestExecutionListener, org.springframework.boot.test.autoconfigure.web.servlet.WebDriverTestExecutionListener, org.springframework.boot.test.autoconfigure.webservices.client.MockWebServiceServerTestExecutionListener, org.springframework.boot.test.mock.mockito.MockitoTestExecutionListener, org.springframework.boot.test.mock.mockito.ResetMocksTestExecutionListener, org.springframework.security.test.context.support.WithSecurityContextTestExecutionListener, org.springframework.security.test.context.support.ReactorContextTestExecutionListener, org.springframework.test.context.web.ServletTestExecutionListener, org.springframework.test.context.support.DirtiesContextBeforeModesTestExecutionListener, org.springframework.test.context.support.DependencyInjectionTestExecutionListener, org.springframework.test.context.support.DirtiesContextTestExecutionListener, org.springframework.test.context.transaction.TransactionalTestExecutionListener, org.springframework.test.context.jdbc.SqlScriptsTestExecutionListener, org.springframework.test.context.event.EventPublishingTestExecutionListener]
2020-07-12 02:38:02.562  INFO 8920 --- [    Test worker] o.s.t.c.s.DefaultTestContextBootstrapper : Using TestExecutionListeners: [org.springframework.test.context.web.ServletTestExecutionListener@3d162bb2, org.springframework.test.context.support.DirtiesContextBeforeModesTestExecutionListener@1d95db00, org.springframework.boot.test.mock.mockito.MockitoTestExecutionListener@6daace8e, org.springframework.test.context.support.DependencyInjectionTestExecutionListener@65f381c7, org.springframework.test.context.support.DirtiesContextTestExecutionListener@69346d70, org.springframework.security.test.context.support.WithSecurityContextTestExecutionListener@5a4af68d, org.springframework.test.context.event.EventPublishingTestExecutionListener@612f9df4, org.springframework.security.test.context.support.ReactorContextTestExecutionListener@18abc5af, org.springframework.boot.test.autoconfigure.restdocs.RestDocsTestExecutionListener@523e6427, org.springframework.boot.test.autoconfigure.web.client.MockRestServiceServerResetTestExecutionListener@5fcd0e73, org.springframework.boot.test.autoconfigure.web.servlet.MockMvcPrintOnlyOnFailureTestExecutionListener@4290f843, org.springframework.boot.test.autoconfigure.web.servlet.WebDriverTestExecutionListener@4d0db03, org.springframework.boot.test.autoconfigure.webservices.client.MockWebServiceServerTestExecutionListener@256e98e2, org.springframework.boot.test.mock.mockito.ResetMocksTestExecutionListener@12e7a4aa]
2020-07-12 02:38:03.543  INFO 8920 --- [    Test worker] c.c.g.c.c.i.s.InstructorServiceImpl      : Status -8
2020-07-12 02:38:03.570  INFO 8920 --- [    Test worker] c.c.g.c.c.i.s.InstructorServiceImpl      : Status 1
2020-07-12 02:38:03.584  INFO 8920 --- [    Test worker] c.c.g.c.c.i.s.InstructorServiceImpl      : Status 0
2020-07-12 02:38:03.609  INFO 8920 --- [    Test worker] c.c.g.c.c.i.s.InstructorServiceImpl      : Status 1
]]></system-out>
  <system-err><![CDATA[]]></system-err>
</testsuite>
