<?xml version="1.0" encoding="UTF-8"?>
<testsuite name="com.csci5308.groupme.GroupmeApplicationTests" tests="1" skipped="0" failures="0" errors="0" timestamp="2020-06-14T21:36:29" hostname="YASHESH" time="0.006">
  <properties/>
  <testcase name="contextLoads()" classname="com.csci5308.groupme.GroupmeApplicationTests" time="0.006"/>
  <system-out><![CDATA[2020-06-14 18:36:28.084  INFO 19372 --- [    Test worker] .b.t.c.SpringBootTestContextBootstrapper : Neither @ContextConfiguration nor @ContextHierarchy found for test class [com.csci5308.groupme.GroupmeApplicationTests], using SpringBootContextLoader
2020-06-14 18:36:28.086  INFO 19372 --- [    Test worker] o.s.t.c.support.AbstractContextLoader    : Could not detect default resource locations for test class [com.csci5308.groupme.GroupmeApplicationTests]: no resource found for suffixes {-context.xml, Context.groovy}.
2020-06-14 18:36:28.087  INFO 19372 --- [    Test worker] t.c.s.AnnotationConfigContextLoaderUtils : Could not detect default configuration classes for test class [com.csci5308.groupme.GroupmeApplicationTests]: GroupmeApplicationTests does not declare any static, non-private, non-final, nested classes annotated with @Configuration.
2020-06-14 18:36:28.092  INFO 19372 --- [    Test worker] .b.t.c.SpringBootTestContextBootstrapper : Found @SpringBootConfiguration com.csci5308.groupme.GroupmeApplication for test class com.csci5308.groupme.GroupmeApplicationTests
2020-06-14 18:36:28.094  INFO 19372 --- [    Test worker] .b.t.c.SpringBootTestContextBootstrapper : Loaded default TestExecutionListener class names from location [META-INF/spring.factories]: [org.springframework.boot.test.autoconfigure.restdocs.RestDocsTestExecutionListener, org.springframework.boot.test.autoconfigure.web.client.MockRestServiceServerResetTestExecutionListener, org.springframework.boot.test.autoconfigure.web.servlet.MockMvcPrintOnlyOnFailureTestExecutionListener, org.springframework.boot.test.autoconfigure.web.servlet.WebDriverTestExecutionListener, org.springframework.boot.test.autoconfigure.webservices.client.MockWebServiceServerTestExecutionListener, org.springframework.boot.test.mock.mockito.MockitoTestExecutionListener, org.springframework.boot.test.mock.mockito.ResetMocksTestExecutionListener, org.springframework.security.test.context.support.WithSecurityContextTestExecutionListener, org.springframework.security.test.context.support.ReactorContextTestExecutionListener, org.springframework.test.context.web.ServletTestExecutionListener, org.springframework.test.context.support.DirtiesContextBeforeModesTestExecutionListener, org.springframework.test.context.support.DependencyInjectionTestExecutionListener, org.springframework.test.context.support.DirtiesContextTestExecutionListener, org.springframework.test.context.transaction.TransactionalTestExecutionListener, org.springframework.test.context.jdbc.SqlScriptsTestExecutionListener, org.springframework.test.context.event.EventPublishingTestExecutionListener]
2020-06-14 18:36:28.096  INFO 19372 --- [    Test worker] .b.t.c.SpringBootTestContextBootstrapper : Using TestExecutionListeners: [org.springframework.test.context.web.ServletTestExecutionListener@60d95d02, org.springframework.test.context.support.DirtiesContextBeforeModesTestExecutionListener@52eda899, org.springframework.boot.test.mock.mockito.MockitoTestExecutionListener@646411, org.springframework.boot.test.autoconfigure.SpringBootDependencyInjectionTestExecutionListener@52e4199, org.springframework.test.context.support.DirtiesContextTestExecutionListener@2fb52d73, org.springframework.security.test.context.support.WithSecurityContextTestExecutionListener@1023e17c, org.springframework.test.context.event.EventPublishingTestExecutionListener@33c44b85, org.springframework.security.test.context.support.ReactorContextTestExecutionListener@4411f6ed, org.springframework.boot.test.autoconfigure.restdocs.RestDocsTestExecutionListener@424995a9, org.springframework.boot.test.autoconfigure.web.client.MockRestServiceServerResetTestExecutionListener@4d6ea49d, org.springframework.boot.test.autoconfigure.web.servlet.MockMvcPrintOnlyOnFailureTestExecutionListener@5c6746d6, org.springframework.boot.test.autoconfigure.web.servlet.WebDriverTestExecutionListener@170a7529, org.springframework.boot.test.autoconfigure.webservices.client.MockWebServiceServerTestExecutionListener@19605ebc, org.springframework.boot.test.mock.mockito.ResetMocksTestExecutionListener@21925b41]

  .   ____          _            __ _ _
 /\\ / ___'_ __ _ _(_)_ __  __ _ \ \ \ \
( ( )\___ | '_ | '_| | '_ \/ _` | \ \ \ \
 \\/  ___)| |_)| | | | | || (_| |  ) ) ) )
  '  |____| .__|_| |_|_| |_\__, | / / / /
 =========|_|==============|___/=/_/_/_/
 :: Spring Boot ::        (v2.3.0.RELEASE)

2020-06-14 18:36:28.259  INFO 19372 --- [    Test worker] c.c.groupme.GroupmeApplicationTests      : Starting GroupmeApplicationTests on Yashesh with PID 19372 (started by yashe in E:\DAL\SEM 3\ASDC\project\group19)
2020-06-14 18:36:28.259  INFO 19372 --- [    Test worker] c.c.groupme.GroupmeApplicationTests      : No active profile set, falling back to default profiles: default
2020-06-14 18:36:28.874  INFO 19372 --- [    Test worker] o.s.s.web.DefaultSecurityFilterChain     : Creating filter chain: any request, [org.springframework.security.web.context.request.async.WebAsyncManagerIntegrationFilter@42b06bb6, org.springframework.security.web.context.SecurityContextPersistenceFilter@9f0b990, org.springframework.security.web.header.HeaderWriterFilter@639e4f73, org.springframework.security.web.authentication.logout.LogoutFilter@35056474, org.springframework.security.web.authentication.UsernamePasswordAuthenticationFilter@29fa1ca2, org.springframework.security.web.savedrequest.RequestCacheAwareFilter@2d63afe0, org.springframework.security.web.servletapi.SecurityContextHolderAwareRequestFilter@3c1798e8, org.springframework.security.web.authentication.AnonymousAuthenticationFilter@5f62f5a, org.springframework.security.web.session.SessionManagementFilter@811b6df, org.springframework.security.web.access.ExceptionTranslationFilter@234c07e, org.springframework.security.web.access.intercept.FilterSecurityInterceptor@3ff5609]
2020-06-14 18:36:29.081  INFO 19372 --- [    Test worker] o.s.s.concurrent.ThreadPoolTaskExecutor  : Initializing ExecutorService 'applicationTaskExecutor'
2020-06-14 18:36:29.417  INFO 19372 --- [    Test worker] c.c.groupme.GroupmeApplicationTests      : Started GroupmeApplicationTests in 1.318 seconds (JVM running for 9.419)
]]></system-out>
  <system-err><![CDATA[]]></system-err>
</testsuite>
