<?xml version="1.0" encoding="UTF-8"?>
<testsuite name="com.csci5308.groupme.GroupmeApplicationTests" tests="1" skipped="0" failures="0" errors="0" timestamp="2020-06-16T21:35:39" hostname="YASHESH" time="0.004">
  <properties/>
  <testcase name="contextLoads()" classname="com.csci5308.groupme.GroupmeApplicationTests" time="0.004"/>
  <system-out><![CDATA[2020-06-16 18:35:38.109  INFO 20368 --- [    Test worker] .b.t.c.SpringBootTestContextBootstrapper : Neither @ContextConfiguration nor @ContextHierarchy found for test class [com.csci5308.groupme.GroupmeApplicationTests], using SpringBootContextLoader
2020-06-16 18:35:38.110  INFO 20368 --- [    Test worker] o.s.t.c.support.AbstractContextLoader    : Could not detect default resource locations for test class [com.csci5308.groupme.GroupmeApplicationTests]: no resource found for suffixes {-context.xml, Context.groovy}.
2020-06-16 18:35:38.110  INFO 20368 --- [    Test worker] t.c.s.AnnotationConfigContextLoaderUtils : Could not detect default configuration classes for test class [com.csci5308.groupme.GroupmeApplicationTests]: GroupmeApplicationTests does not declare any static, non-private, non-final, nested classes annotated with @Configuration.
2020-06-16 18:35:38.116  INFO 20368 --- [    Test worker] .b.t.c.SpringBootTestContextBootstrapper : Found @SpringBootConfiguration com.csci5308.groupme.GroupmeApplication for test class com.csci5308.groupme.GroupmeApplicationTests
2020-06-16 18:35:38.117  INFO 20368 --- [    Test worker] .b.t.c.SpringBootTestContextBootstrapper : Loaded default TestExecutionListener class names from location [META-INF/spring.factories]: [org.springframework.boot.test.autoconfigure.restdocs.RestDocsTestExecutionListener, org.springframework.boot.test.autoconfigure.web.client.MockRestServiceServerResetTestExecutionListener, org.springframework.boot.test.autoconfigure.web.servlet.MockMvcPrintOnlyOnFailureTestExecutionListener, org.springframework.boot.test.autoconfigure.web.servlet.WebDriverTestExecutionListener, org.springframework.boot.test.autoconfigure.webservices.client.MockWebServiceServerTestExecutionListener, org.springframework.boot.test.mock.mockito.MockitoTestExecutionListener, org.springframework.boot.test.mock.mockito.ResetMocksTestExecutionListener, org.springframework.security.test.context.support.WithSecurityContextTestExecutionListener, org.springframework.security.test.context.support.ReactorContextTestExecutionListener, org.springframework.test.context.web.ServletTestExecutionListener, org.springframework.test.context.support.DirtiesContextBeforeModesTestExecutionListener, org.springframework.test.context.support.DependencyInjectionTestExecutionListener, org.springframework.test.context.support.DirtiesContextTestExecutionListener, org.springframework.test.context.transaction.TransactionalTestExecutionListener, org.springframework.test.context.jdbc.SqlScriptsTestExecutionListener, org.springframework.test.context.event.EventPublishingTestExecutionListener]
2020-06-16 18:35:38.119  INFO 20368 --- [    Test worker] .b.t.c.SpringBootTestContextBootstrapper : Using TestExecutionListeners: [org.springframework.test.context.web.ServletTestExecutionListener@7be1bd35, org.springframework.test.context.support.DirtiesContextBeforeModesTestExecutionListener@682c62a2, org.springframework.boot.test.mock.mockito.MockitoTestExecutionListener@33361f2b, org.springframework.boot.test.autoconfigure.SpringBootDependencyInjectionTestExecutionListener@51e0ff7e, org.springframework.test.context.support.DirtiesContextTestExecutionListener@271ee862, org.springframework.security.test.context.support.WithSecurityContextTestExecutionListener@2cacb751, org.springframework.test.context.event.EventPublishingTestExecutionListener@2fe03aa8, org.springframework.security.test.context.support.ReactorContextTestExecutionListener@79ad3b25, org.springframework.boot.test.autoconfigure.restdocs.RestDocsTestExecutionListener@29a0818a, org.springframework.boot.test.autoconfigure.web.client.MockRestServiceServerResetTestExecutionListener@60ffbdd0, org.springframework.boot.test.autoconfigure.web.servlet.MockMvcPrintOnlyOnFailureTestExecutionListener@4e64ee1d, org.springframework.boot.test.autoconfigure.web.servlet.WebDriverTestExecutionListener@5e8080e7, org.springframework.boot.test.autoconfigure.webservices.client.MockWebServiceServerTestExecutionListener@7381e66c, org.springframework.boot.test.mock.mockito.ResetMocksTestExecutionListener@6e8dc4f1]

  .   ____          _            __ _ _
 /\\ / ___'_ __ _ _(_)_ __  __ _ \ \ \ \
( ( )\___ | '_ | '_| | '_ \/ _` | \ \ \ \
 \\/  ___)| |_)| | | | | || (_| |  ) ) ) )
  '  |____| .__|_| |_|_| |_\__, | / / / /
 =========|_|==============|___/=/_/_/_/
 :: Spring Boot ::        (v2.3.0.RELEASE)

2020-06-16 18:35:38.158  INFO 20368 --- [    Test worker] c.c.groupme.GroupmeApplicationTests      : Starting GroupmeApplicationTests on Yashesh with PID 20368 (started by yashe in E:\DAL\SEM 3\ASDC\project\group19)
2020-06-16 18:35:38.158  INFO 20368 --- [    Test worker] c.c.groupme.GroupmeApplicationTests      : No active profile set, falling back to default profiles: default
2020-06-16 18:35:38.766  INFO 20368 --- [    Test worker] o.s.s.web.DefaultSecurityFilterChain     : Creating filter chain: any request, [org.springframework.security.web.context.request.async.WebAsyncManagerIntegrationFilter@2eef1ccc, org.springframework.security.web.context.SecurityContextPersistenceFilter@270832f9, org.springframework.security.web.header.HeaderWriterFilter@74108a9e, org.springframework.security.web.authentication.logout.LogoutFilter@43d796c5, org.springframework.security.web.authentication.UsernamePasswordAuthenticationFilter@49a187bf, org.springframework.security.web.savedrequest.RequestCacheAwareFilter@402e182e, org.springframework.security.web.servletapi.SecurityContextHolderAwareRequestFilter@301a2ecf, org.springframework.security.web.authentication.AnonymousAuthenticationFilter@3eac0690, org.springframework.security.web.session.SessionManagementFilter@e136651, org.springframework.security.web.access.ExceptionTranslationFilter@1a7fb7c9, org.springframework.security.web.access.intercept.FilterSecurityInterceptor@10fda1ac]
2020-06-16 18:35:38.965  INFO 20368 --- [    Test worker] o.s.s.concurrent.ThreadPoolTaskExecutor  : Initializing ExecutorService 'applicationTaskExecutor'
2020-06-16 18:35:39.234  INFO 20368 --- [    Test worker] c.c.groupme.GroupmeApplicationTests      : Started GroupmeApplicationTests in 1.113 seconds (JVM running for 8.881)
]]></system-out>
  <system-err><![CDATA[]]></system-err>
</testsuite>
