<?xml version="1.0" encoding="UTF-8"?>
<testsuite name="com.csci5308.groupme.auth.config.PasswordPropertiesTest" tests="1" skipped="0" failures="0" errors="0" timestamp="2020-07-12T04:33:01" hostname="YASHESH" time="0.012">
  <properties/>
  <testcase name="loadPasswordPropertiesTest()" classname="com.csci5308.groupme.auth.config.PasswordPropertiesTest" time="0.012"/>
  <system-out><![CDATA[2020-07-12 01:33:01.743  INFO 2192 --- [    Test worker] c.c.g.a.config.PasswordPropertiesTest    : Invalid chars: *()
]]></system-out>
  <system-err><![CDATA[]]></system-err>
</testsuite>
