<?xml version="1.0" encoding="UTF-8"?>
<testsuite name="com.csci5308.groupme.user.model.UserAuthDetailsTest" tests="1" skipped="0" failures="0" errors="0" timestamp="2020-07-14T04:56:28" hostname="YASHESH" time="0.005">
  <properties/>
  <testcase name="getAuthoritiesTest()" classname="com.csci5308.groupme.user.model.UserAuthDetailsTest" time="0.005"/>
  <system-out><![CDATA[2020-07-14 01:56:28.307  INFO 30468 --- [    Test worker] o.s.t.c.s.DefaultTestContextBootstrapper : Neither @ContextConfiguration nor @ContextHierarchy found for test class [com.csci5308.groupme.user.model.UserAuthDetailsTest], using DelegatingSmartContextLoader
2020-07-14 01:56:28.308  INFO 30468 --- [    Test worker] o.s.t.c.support.AbstractContextLoader    : Could not detect default resource locations for test class [com.csci5308.groupme.user.model.UserAuthDetailsTest]: no resource found for suffixes {-context.xml}.
2020-07-14 01:56:28.308  INFO 30468 --- [    Test worker] t.c.s.AnnotationConfigContextLoaderUtils : Could not detect default configuration classes for test class [com.csci5308.groupme.user.model.UserAuthDetailsTest]: UserAuthDetailsTest does not declare any static, non-private, non-final, nested classes annotated with @Configuration.
2020-07-14 01:56:28.309  INFO 30468 --- [    Test worker] o.s.t.c.s.DefaultTestContextBootstrapper : Loaded default TestExecutionListener class names from location [META-INF/spring.factories]: [org.springframework.boot.test.autoconfigure.restdocs.RestDocsTestExecutionListener, org.springframework.boot.test.autoconfigure.web.client.MockRestServiceServerResetTestExecutionListener, org.springframework.boot.test.autoconfigure.web.servlet.MockMvcPrintOnlyOnFailureTestExecutionListener, org.springframework.boot.test.autoconfigure.web.servlet.WebDriverTestExecutionListener, org.springframework.boot.test.autoconfigure.webservices.client.MockWebServiceServerTestExecutionListener, org.springframework.boot.test.mock.mockito.MockitoTestExecutionListener, org.springframework.boot.test.mock.mockito.ResetMocksTestExecutionListener, org.springframework.security.test.context.support.WithSecurityContextTestExecutionListener, org.springframework.security.test.context.support.ReactorContextTestExecutionListener, org.springframework.test.context.web.ServletTestExecutionListener, org.springframework.test.context.support.DirtiesContextBeforeModesTestExecutionListener, org.springframework.test.context.support.DependencyInjectionTestExecutionListener, org.springframework.test.context.support.DirtiesContextTestExecutionListener, org.springframework.test.context.transaction.TransactionalTestExecutionListener, org.springframework.test.context.jdbc.SqlScriptsTestExecutionListener, org.springframework.test.context.event.EventPublishingTestExecutionListener]
2020-07-14 01:56:28.314  INFO 30468 --- [    Test worker] o.s.t.c.s.DefaultTestContextBootstrapper : Using TestExecutionListeners: [org.springframework.test.context.web.ServletTestExecutionListener@1bbd1000, org.springframework.test.context.support.DirtiesContextBeforeModesTestExecutionListener@20932e9b, org.springframework.boot.test.mock.mockito.MockitoTestExecutionListener@56a88959, org.springframework.test.context.support.DependencyInjectionTestExecutionListener@53780b94, org.springframework.test.context.support.DirtiesContextTestExecutionListener@20b62ceb, org.springframework.security.test.context.support.WithSecurityContextTestExecutionListener@19682990, org.springframework.test.context.event.EventPublishingTestExecutionListener@b1899a5, org.springframework.security.test.context.support.ReactorContextTestExecutionListener@18af17f9, org.springframework.boot.test.autoconfigure.restdocs.RestDocsTestExecutionListener@96fa173, org.springframework.boot.test.autoconfigure.web.client.MockRestServiceServerResetTestExecutionListener@51933d67, org.springframework.boot.test.autoconfigure.web.servlet.MockMvcPrintOnlyOnFailureTestExecutionListener@1e895341, org.springframework.boot.test.autoconfigure.web.servlet.WebDriverTestExecutionListener@7e798fb6, org.springframework.boot.test.autoconfigure.webservices.client.MockWebServiceServerTestExecutionListener@ae9dd33, org.springframework.boot.test.mock.mockito.ResetMocksTestExecutionListener@4259b10c]
]]></system-out>
  <system-err><![CDATA[]]></system-err>
</testsuite>
